Copyright 1986-2017 Xilinx, Inc. All Rights Reserved.
-------------------------------------------------------------------------------------
| Tool Version : Vivado v.2017.3 (win64) Build 2018833 Wed Oct  4 19:58:22 MDT 2017
| Date         : Thu Dec  7 13:18:39 2017
| Host         : DESKTOP-N2UMQR8 running 64-bit major release  (build 9200)
| Command      : report_control_sets -file openmips_min_sopc_control_sets_placed.rpt
| Design       : openmips_min_sopc
| Device       : xc7a100t
-------------------------------------------------------------------------------------

Control Set Information

Table of Contents
-----------------
1. Summary
2. Flip-Flop Distribution

1. Summary
----------

+-------------------------------+-------+
|             Status            | Count |
+-------------------------------+-------+
| Number of unique control sets |  3127 |
+-------------------------------+-------+


2. Flip-Flop Distribution
-------------------------

+--------------+-----------------------+------------------------+-----------------+--------------+
| Clock Enable | Synchronous Set/Reset | Asynchronous Set/Reset | Total Registers | Total Slices |
+--------------+-----------------------+------------------------+-----------------+--------------+
| No           | No                    | No                     |             220 |          118 |
| No           | No                    | Yes                    |            2181 |         2093 |
| No           | Yes                   | No                     |            1132 |         1083 |
| Yes          | No                    | No                     |             281 |           98 |
| Yes          | No                    | Yes                    |             814 |          255 |
| Yes          | Yes                   | No                     |             192 |           80 |
+--------------+-----------------------+------------------------+-----------------+--------------+


