Copyright 1986-2017 Xilinx, Inc. All Rights Reserved.
-------------------------------------------------------------------------------------------------------------------------------------------------------------
| Tool Version : Vivado v.2017.3 (win64) Build 2018833 Wed Oct  4 19:58:22 MDT 2017
| Date         : Fri Dec  8 00:53:04 2017
| Host         : DESKTOP-N2UMQR8 running 64-bit major release  (build 9200)
| Command      : report_timing_summary -file openmips_min_sopc_timing_summary_routed.rpt -warn_on_violation -rpx openmips_min_sopc_timing_summary_routed.rpx
| Design       : openmips_min_sopc
| Device       : 7a100t-fgg676
| Speed File   : -2L  PRODUCTION 1.19 2017-08-11
-------------------------------------------------------------------------------------------------------------------------------------------------------------

Timing Summary Report

------------------------------------------------------------------------------------------------
| Timer Settings
| --------------
------------------------------------------------------------------------------------------------

  Enable Multi Corner Analysis               :  Yes
  Enable Pessimism Removal                   :  Yes
  Pessimism Removal Resolution               :  Nearest Common Node
  Enable Input Delay Default Clock           :  No
  Enable Preset / Clear Arcs                 :  No
  Disable Flight Delays                      :  No
  Ignore I/O Paths                           :  No
  Timing Early Launch at Borrowing Latches   :  false

  Corner  Analyze    Analyze    
  Name    Max Paths  Min Paths  
  ------  ---------  ---------  
  Slow    Yes        Yes        
  Fast    Yes        Yes        



check_timing report

Table of Contents
-----------------
1. checking no_clock
2. checking constant_clock
3. checking pulse_width_clock
4. checking unconstrained_internal_endpoints
5. checking no_input_delay
6. checking no_output_delay
7. checking multiple_clock
8. checking generated_clocks
9. checking loops
10. checking partial_input_delay
11. checking partial_output_delay
12. checking latch_loops

1. checking no_clock
--------------------
 There are 270 register/latch pins with no clock driven by root clock pin: rst (HIGH)

 There are 32 register/latch pins with no clock driven by root clock pin: cpu0/cp00/status_o_reg[0]/Q (HIGH)

 There are 32 register/latch pins with no clock driven by root clock pin: cpu0/cp00/status_o_reg[10]/Q (HIGH)

 There are 32 register/latch pins with no clock driven by root clock pin: cpu0/cp00/status_o_reg[1]/Q (HIGH)

 There are 32 register/latch pins with no clock driven by root clock pin: cpu0/cp00/status_o_reg[8]/Q (HIGH)

 There are 32 register/latch pins with no clock driven by root clock pin: cpu0/cp00/status_o_reg[9]/Q (HIGH)

 There are 32 register/latch pins with no clock driven by root clock pin: cpu0/div0/ready_o_reg/Q (HIGH)

 There are 32 register/latch pins with no clock driven by root clock pin: cpu0/dwishbone_bus_if/stall_delay_reg[0]/Q (HIGH)

 There are 32 register/latch pins with no clock driven by root clock pin: cpu0/dwishbone_bus_if/stall_delay_reg[1]/Q (HIGH)

 There are 32 register/latch pins with no clock driven by root clock pin: cpu0/dwishbone_bus_if/stall_delay_reg[2]/Q (HIGH)

 There are 32 register/latch pins with no clock driven by root clock pin: cpu0/ex_mem0/mem_current_inst_addr_reg[0]/Q (HIGH)

 There are 32 register/latch pins with no clock driven by root clock pin: cpu0/ex_mem0/mem_current_inst_addr_reg[10]/Q (HIGH)

 There are 32 register/latch pins with no clock driven by root clock pin: cpu0/ex_mem0/mem_current_inst_addr_reg[11]/Q (HIGH)

 There are 32 register/latch pins with no clock driven by root clock pin: cpu0/ex_mem0/mem_current_inst_addr_reg[12]/Q (HIGH)

 There are 32 register/latch pins with no clock driven by root clock pin: cpu0/ex_mem0/mem_current_inst_addr_reg[13]/Q (HIGH)

 There are 32 register/latch pins with no clock driven by root clock pin: cpu0/ex_mem0/mem_current_inst_addr_reg[14]/Q (HIGH)

 There are 32 register/latch pins with no clock driven by root clock pin: cpu0/ex_mem0/mem_current_inst_addr_reg[15]/Q (HIGH)

 There are 32 register/latch pins with no clock driven by root clock pin: cpu0/ex_mem0/mem_current_inst_addr_reg[16]/Q (HIGH)

 There are 32 register/latch pins with no clock driven by root clock pin: cpu0/ex_mem0/mem_current_inst_addr_reg[17]/Q (HIGH)

 There are 32 register/latch pins with no clock driven by root clock pin: cpu0/ex_mem0/mem_current_inst_addr_reg[18]/Q (HIGH)

 There are 32 register/latch pins with no clock driven by root clock pin: cpu0/ex_mem0/mem_current_inst_addr_reg[19]/Q (HIGH)

 There are 32 register/latch pins with no clock driven by root clock pin: cpu0/ex_mem0/mem_current_inst_addr_reg[1]/Q (HIGH)

 There are 32 register/latch pins with no clock driven by root clock pin: cpu0/ex_mem0/mem_current_inst_addr_reg[20]/Q (HIGH)

 There are 32 register/latch pins with no clock driven by root clock pin: cpu0/ex_mem0/mem_current_inst_addr_reg[21]/Q (HIGH)

 There are 32 register/latch pins with no clock driven by root clock pin: cpu0/ex_mem0/mem_current_inst_addr_reg[22]/Q (HIGH)

 There are 32 register/latch pins with no clock driven by root clock pin: cpu0/ex_mem0/mem_current_inst_addr_reg[23]/Q (HIGH)

 There are 32 register/latch pins with no clock driven by root clock pin: cpu0/ex_mem0/mem_current_inst_addr_reg[24]/Q (HIGH)

 There are 32 register/latch pins with no clock driven by root clock pin: cpu0/ex_mem0/mem_current_inst_addr_reg[25]/Q (HIGH)

 There are 32 register/latch pins with no clock driven by root clock pin: cpu0/ex_mem0/mem_current_inst_addr_reg[26]/Q (HIGH)

 There are 32 register/latch pins with no clock driven by root clock pin: cpu0/ex_mem0/mem_current_inst_addr_reg[27]/Q (HIGH)

 There are 32 register/latch pins with no clock driven by root clock pin: cpu0/ex_mem0/mem_current_inst_addr_reg[28]/Q (HIGH)

 There are 32 register/latch pins with no clock driven by root clock pin: cpu0/ex_mem0/mem_current_inst_addr_reg[29]/Q (HIGH)

 There are 32 register/latch pins with no clock driven by root clock pin: cpu0/ex_mem0/mem_current_inst_addr_reg[2]/Q (HIGH)

 There are 32 register/latch pins with no clock driven by root clock pin: cpu0/ex_mem0/mem_current_inst_addr_reg[30]/Q (HIGH)

 There are 32 register/latch pins with no clock driven by root clock pin: cpu0/ex_mem0/mem_current_inst_addr_reg[31]/Q (HIGH)

 There are 32 register/latch pins with no clock driven by root clock pin: cpu0/ex_mem0/mem_current_inst_addr_reg[3]/Q (HIGH)

 There are 32 register/latch pins with no clock driven by root clock pin: cpu0/ex_mem0/mem_current_inst_addr_reg[4]/Q (HIGH)

 There are 32 register/latch pins with no clock driven by root clock pin: cpu0/ex_mem0/mem_current_inst_addr_reg[5]/Q (HIGH)

 There are 32 register/latch pins with no clock driven by root clock pin: cpu0/ex_mem0/mem_current_inst_addr_reg[6]/Q (HIGH)

 There are 32 register/latch pins with no clock driven by root clock pin: cpu0/ex_mem0/mem_current_inst_addr_reg[7]/Q (HIGH)

 There are 32 register/latch pins with no clock driven by root clock pin: cpu0/ex_mem0/mem_current_inst_addr_reg[8]/Q (HIGH)

 There are 32 register/latch pins with no clock driven by root clock pin: cpu0/ex_mem0/mem_current_inst_addr_reg[9]/Q (HIGH)

 There are 32 register/latch pins with no clock driven by root clock pin: cpu0/ex_mem0/mem_excepttype_reg[10]/Q (HIGH)

 There are 32 register/latch pins with no clock driven by root clock pin: cpu0/ex_mem0/mem_excepttype_reg[11]/Q (HIGH)

 There are 32 register/latch pins with no clock driven by root clock pin: cpu0/ex_mem0/mem_excepttype_reg[12]/Q (HIGH)

 There are 32 register/latch pins with no clock driven by root clock pin: cpu0/ex_mem0/mem_excepttype_reg[8]/Q (HIGH)

 There are 3 register/latch pins with no clock driven by root clock pin: cpu0/id0/aluop_o_reg[0]/Q (HIGH)

 There are 3 register/latch pins with no clock driven by root clock pin: cpu0/id0/aluop_o_reg[1]/Q (HIGH)

 There are 3 register/latch pins with no clock driven by root clock pin: cpu0/id0/aluop_o_reg[2]/Q (HIGH)

 There are 3 register/latch pins with no clock driven by root clock pin: cpu0/id0/aluop_o_reg[3]/Q (HIGH)

 There are 3 register/latch pins with no clock driven by root clock pin: cpu0/id0/aluop_o_reg[4]/Q (HIGH)

 There are 3 register/latch pins with no clock driven by root clock pin: cpu0/id0/aluop_o_reg[5]/Q (HIGH)

 There are 3 register/latch pins with no clock driven by root clock pin: cpu0/id0/aluop_o_reg[6]/Q (HIGH)

 There are 3 register/latch pins with no clock driven by root clock pin: cpu0/id0/aluop_o_reg[7]/Q (HIGH)

 There are 32 register/latch pins with no clock driven by root clock pin: cpu0/id0/reg1_read_o_reg/Q (HIGH)

 There are 32 register/latch pins with no clock driven by root clock pin: cpu0/id0/reg2_addr_o_reg[0]/Q (HIGH)

 There are 32 register/latch pins with no clock driven by root clock pin: cpu0/id0/reg2_addr_o_reg[1]/Q (HIGH)

 There are 32 register/latch pins with no clock driven by root clock pin: cpu0/id0/reg2_addr_o_reg[2]/Q (HIGH)

 There are 32 register/latch pins with no clock driven by root clock pin: cpu0/id0/reg2_addr_o_reg[3]/Q (HIGH)

 There are 32 register/latch pins with no clock driven by root clock pin: cpu0/id0/reg2_addr_o_reg[4]/Q (HIGH)

 There are 32 register/latch pins with no clock driven by root clock pin: cpu0/id0/reg2_read_o_reg/Q (HIGH)

 There are 101 register/latch pins with no clock driven by root clock pin: cpu0/id_ex0/ex_aluop_reg[0]/Q (HIGH)

 There are 166 register/latch pins with no clock driven by root clock pin: cpu0/id_ex0/ex_aluop_reg[1]/Q (HIGH)

 There are 166 register/latch pins with no clock driven by root clock pin: cpu0/id_ex0/ex_aluop_reg[2]/Q (HIGH)

 There are 166 register/latch pins with no clock driven by root clock pin: cpu0/id_ex0/ex_aluop_reg[3]/Q (HIGH)

 There are 166 register/latch pins with no clock driven by root clock pin: cpu0/id_ex0/ex_aluop_reg[4]/Q (HIGH)

 There are 166 register/latch pins with no clock driven by root clock pin: cpu0/id_ex0/ex_aluop_reg[5]/Q (HIGH)

 There are 166 register/latch pins with no clock driven by root clock pin: cpu0/id_ex0/ex_aluop_reg[6]/Q (HIGH)

 There are 166 register/latch pins with no clock driven by root clock pin: cpu0/id_ex0/ex_aluop_reg[7]/Q (HIGH)

 There are 32 register/latch pins with no clock driven by root clock pin: cpu0/id_ex0/ex_alusel_reg[0]/Q (HIGH)

 There are 32 register/latch pins with no clock driven by root clock pin: cpu0/id_ex0/ex_alusel_reg[1]/Q (HIGH)

 There are 32 register/latch pins with no clock driven by root clock pin: cpu0/id_ex0/ex_alusel_reg[2]/Q (HIGH)

 There are 32 register/latch pins with no clock driven by root clock pin: cpu0/id_ex0/ex_wd_reg[0]/Q (HIGH)

 There are 32 register/latch pins with no clock driven by root clock pin: cpu0/id_ex0/ex_wd_reg[1]/Q (HIGH)

 There are 32 register/latch pins with no clock driven by root clock pin: cpu0/id_ex0/ex_wd_reg[2]/Q (HIGH)

 There are 32 register/latch pins with no clock driven by root clock pin: cpu0/id_ex0/ex_wd_reg[3]/Q (HIGH)

 There are 32 register/latch pins with no clock driven by root clock pin: cpu0/id_ex0/ex_wd_reg[4]/Q (HIGH)

 There are 43 register/latch pins with no clock driven by root clock pin: cpu0/if_id0/id_inst_reg[0]/Q (HIGH)

 There are 40 register/latch pins with no clock driven by root clock pin: cpu0/if_id0/id_inst_reg[16]/Q (HIGH)

 There are 40 register/latch pins with no clock driven by root clock pin: cpu0/if_id0/id_inst_reg[17]/Q (HIGH)

 There are 40 register/latch pins with no clock driven by root clock pin: cpu0/if_id0/id_inst_reg[18]/Q (HIGH)

 There are 40 register/latch pins with no clock driven by root clock pin: cpu0/if_id0/id_inst_reg[19]/Q (HIGH)

 There are 43 register/latch pins with no clock driven by root clock pin: cpu0/if_id0/id_inst_reg[1]/Q (HIGH)

 There are 40 register/latch pins with no clock driven by root clock pin: cpu0/if_id0/id_inst_reg[20]/Q (HIGH)

 There are 32 register/latch pins with no clock driven by root clock pin: cpu0/if_id0/id_inst_reg[21]/Q (HIGH)

 There are 32 register/latch pins with no clock driven by root clock pin: cpu0/if_id0/id_inst_reg[22]/Q (HIGH)

 There are 32 register/latch pins with no clock driven by root clock pin: cpu0/if_id0/id_inst_reg[23]/Q (HIGH)

 There are 32 register/latch pins with no clock driven by root clock pin: cpu0/if_id0/id_inst_reg[24]/Q (HIGH)

 There are 32 register/latch pins with no clock driven by root clock pin: cpu0/if_id0/id_inst_reg[25]/Q (HIGH)

 There are 48 register/latch pins with no clock driven by root clock pin: cpu0/if_id0/id_inst_reg[26]/Q (HIGH)

 There are 48 register/latch pins with no clock driven by root clock pin: cpu0/if_id0/id_inst_reg[27]/Q (HIGH)

 There are 48 register/latch pins with no clock driven by root clock pin: cpu0/if_id0/id_inst_reg[28]/Q (HIGH)

 There are 48 register/latch pins with no clock driven by root clock pin: cpu0/if_id0/id_inst_reg[29]/Q (HIGH)

 There are 43 register/latch pins with no clock driven by root clock pin: cpu0/if_id0/id_inst_reg[2]/Q (HIGH)

 There are 48 register/latch pins with no clock driven by root clock pin: cpu0/if_id0/id_inst_reg[30]/Q (HIGH)

 There are 48 register/latch pins with no clock driven by root clock pin: cpu0/if_id0/id_inst_reg[31]/Q (HIGH)

 There are 43 register/latch pins with no clock driven by root clock pin: cpu0/if_id0/id_inst_reg[3]/Q (HIGH)

 There are 43 register/latch pins with no clock driven by root clock pin: cpu0/if_id0/id_inst_reg[4]/Q (HIGH)

 There are 43 register/latch pins with no clock driven by root clock pin: cpu0/if_id0/id_inst_reg[5]/Q (HIGH)

 There are 32 register/latch pins with no clock driven by root clock pin: cpu0/iwishbone_bus_if/stall_delay_reg[0]/Q (HIGH)

 There are 32 register/latch pins with no clock driven by root clock pin: cpu0/iwishbone_bus_if/stall_delay_reg[1]/Q (HIGH)

 There are 32 register/latch pins with no clock driven by root clock pin: cpu0/iwishbone_bus_if/stall_delay_reg[2]/Q (HIGH)

 There are 32 register/latch pins with no clock driven by root clock pin: cpu0/mem0/cp0_cause_reg[10]/Q (HIGH)

 There are 32 register/latch pins with no clock driven by root clock pin: cpu0/mem0/cp0_cause_reg[8]/Q (HIGH)

 There are 32 register/latch pins with no clock driven by root clock pin: cpu0/mem0/cp0_cause_reg[9]/Q (HIGH)

 There are 32 register/latch pins with no clock driven by root clock pin: cpu0/mem_wb0/wb_cp0_reg_data_reg[0]/Q (HIGH)

 There are 32 register/latch pins with no clock driven by root clock pin: cpu0/mem_wb0/wb_cp0_reg_data_reg[10]/Q (HIGH)

 There are 32 register/latch pins with no clock driven by root clock pin: cpu0/mem_wb0/wb_cp0_reg_data_reg[1]/Q (HIGH)

 There are 32 register/latch pins with no clock driven by root clock pin: cpu0/mem_wb0/wb_cp0_reg_data_reg[8]/Q (HIGH)

 There are 32 register/latch pins with no clock driven by root clock pin: cpu0/mem_wb0/wb_cp0_reg_data_reg[9]/Q (HIGH)

 There are 33 register/latch pins with no clock driven by root clock pin: cpu0/mem_wb0/wb_cp0_reg_we_reg/Q (HIGH)

 There are 33 register/latch pins with no clock driven by root clock pin: cpu0/mem_wb0/wb_cp0_reg_write_addr_reg[0]/Q (HIGH)

 There are 33 register/latch pins with no clock driven by root clock pin: cpu0/mem_wb0/wb_cp0_reg_write_addr_reg[1]/Q (HIGH)

 There are 33 register/latch pins with no clock driven by root clock pin: cpu0/mem_wb0/wb_cp0_reg_write_addr_reg[2]/Q (HIGH)

 There are 33 register/latch pins with no clock driven by root clock pin: cpu0/mem_wb0/wb_cp0_reg_write_addr_reg[3]/Q (HIGH)

 There are 33 register/latch pins with no clock driven by root clock pin: cpu0/mem_wb0/wb_cp0_reg_write_addr_reg[4]/Q (HIGH)

 There are 150 register/latch pins with no clock driven by root clock pin: slowclk_reg[17]/Q (HIGH)

 There are 1123 register/latch pins with no clock driven by root clock pin: slowclk_reg[19]/Q (HIGH)


2. checking constant_clock
--------------------------
 There are 0 register/latch pins with constant_clock.


3. checking pulse_width_clock
-----------------------------
 There are 0 register/latch pins which need pulse_width check


4. checking unconstrained_internal_endpoints
--------------------------------------------
 There are 4229 pins that are not constrained for maximum delay. (HIGH)

 There are 4 pins that are not constrained for maximum delay due to constant clock. (MEDIUM)


5. checking no_input_delay
--------------------------
 There are 33 input ports with no input delay specified. (HIGH)

 There are 0 input ports with no input delay but user has a false path constraint.


6. checking no_output_delay
---------------------------
 There are 99 ports with no output delay specified. (HIGH)

 There are 0 ports with no output delay but user has a false path constraint

 There are 0 ports with no output delay but with a timing clock defined on it or propagating through it


7. checking multiple_clock
--------------------------
 There are 0 register/latch pins with multiple clocks.


8. checking generated_clocks
----------------------------
 There are 0 generated clocks that are not connected to a clock source.


9. checking loops
-----------------
 There are 0 combinational loops in the design.


10. checking partial_input_delay
--------------------------------
 There are 0 input ports with partial input delay specified.


11. checking partial_output_delay
---------------------------------
 There are 0 ports with partial output delay specified.


12. checking latch_loops
------------------------
 There are 0 combinational latch loops in the design through latch input



------------------------------------------------------------------------------------------------
| Design Timing Summary
| ---------------------
------------------------------------------------------------------------------------------------

    WNS(ns)      TNS(ns)  TNS Failing Endpoints  TNS Total Endpoints      WHS(ns)      THS(ns)  THS Failing Endpoints  THS Total Endpoints     WPWS(ns)     TPWS(ns)  TPWS Failing Endpoints  TPWS Total Endpoints  
    -------      -------  ---------------------  -------------------      -------      -------  ---------------------  -------------------     --------     --------  ----------------------  --------------------  
     16.854        0.000                      0                   20        0.265        0.000                      0                   20        9.500        0.000                       0                    21  


All user specified timing constraints are met.


------------------------------------------------------------------------------------------------
| Clock Summary
| -------------
------------------------------------------------------------------------------------------------

Clock  Waveform(ns)       Period(ns)      Frequency(MHz)
-----  ------------       ----------      --------------
clk    {0.000 10.000}     20.000          50.000          


------------------------------------------------------------------------------------------------
| Intra Clock Table
| -----------------
------------------------------------------------------------------------------------------------

Clock             WNS(ns)      TNS(ns)  TNS Failing Endpoints  TNS Total Endpoints      WHS(ns)      THS(ns)  THS Failing Endpoints  THS Total Endpoints     WPWS(ns)     TPWS(ns)  TPWS Failing Endpoints  TPWS Total Endpoints  
-----             -------      -------  ---------------------  -------------------      -------      -------  ---------------------  -------------------     --------     --------  ----------------------  --------------------  
clk                16.854        0.000                      0                   20        0.265        0.000                      0                   20        9.500        0.000                       0                    21  


------------------------------------------------------------------------------------------------
| Inter Clock Table
| -----------------
------------------------------------------------------------------------------------------------

From Clock    To Clock          WNS(ns)      TNS(ns)  TNS Failing Endpoints  TNS Total Endpoints      WHS(ns)      THS(ns)  THS Failing Endpoints  THS Total Endpoints  
----------    --------          -------      -------  ---------------------  -------------------      -------      -------  ---------------------  -------------------  


------------------------------------------------------------------------------------------------
| Other Path Groups Table
| -----------------------
------------------------------------------------------------------------------------------------

Path Group    From Clock    To Clock          WNS(ns)      TNS(ns)  TNS Failing Endpoints  TNS Total Endpoints      WHS(ns)      THS(ns)  THS Failing Endpoints  THS Total Endpoints  
----------    ----------    --------          -------      -------  ---------------------  -------------------      -------      -------  ---------------------  -------------------  


------------------------------------------------------------------------------------------------
| Timing Details
| --------------
------------------------------------------------------------------------------------------------


---------------------------------------------------------------------------------------------------
From Clock:  clk
  To Clock:  clk

Setup :            0  Failing Endpoints,  Worst Slack       16.854ns,  Total Violation        0.000ns
Hold  :            0  Failing Endpoints,  Worst Slack        0.265ns,  Total Violation        0.000ns
PW    :            0  Failing Endpoints,  Worst Slack        9.500ns,  Total Violation        0.000ns
---------------------------------------------------------------------------------------------------


Max Delay Paths
--------------------------------------------------------------------------------------
Slack (MET) :             16.854ns  (required time - arrival time)
  Source:                 slowclk_reg[17]/C
                            (rising edge-triggered cell FDRE clocked by clk  {rise@0.000ns fall@10.000ns period=20.000ns})
  Destination:            slowclk_reg[19]/D
                            (rising edge-triggered cell FDRE clocked by clk  {rise@0.000ns fall@10.000ns period=20.000ns})
  Path Group:             clk
  Path Type:              Setup (Max at Slow Process Corner)
  Requirement:            20.000ns  (clk rise@20.000ns - clk rise@0.000ns)
  Data Path Delay:        3.170ns  (logic 1.095ns (34.543%)  route 2.075ns (65.457%))
  Logic Levels:           2  (BUFG=1 CARRY4=1)
  Clock Path Skew:        0.000ns (DCD - SCD + CPR)
    Destination Clock Delay (DCD):    4.615ns = ( 24.615 - 20.000 ) 
    Source Clock Delay      (SCD):    4.899ns
    Clock Pessimism Removal (CPR):    0.284ns
  Clock Uncertainty:      0.035ns  ((TSJ^2 + TIJ^2)^1/2 + DJ) / 2 + PE
    Total System Jitter     (TSJ):    0.071ns
    Total Input Jitter      (TIJ):    0.000ns
    Discrete Jitter          (DJ):    0.000ns
    Phase Error              (PE):    0.000ns

    Location             Delay type                Incr(ns)  Path(ns)    Netlist Resource(s)
  -------------------------------------------------------------------    -------------------
                         (clock clk rise edge)        0.000     0.000 r  
    D18                                               0.000     0.000 r  clk (IN)
                         net (fo=0)                   0.000     0.000    clk
    D18                  IBUF (Prop_ibuf_I_O)         1.465     1.465 r  clk_IBUF_inst/O
                         net (fo=1, routed)           1.982     3.447    clk_IBUF
    BUFGCTRL_X0Y16       BUFG (Prop_bufg_I_O)         0.081     3.528 r  clk_IBUF_BUFG_inst/O
                         net (fo=20, routed)          1.372     4.899    clk_IBUF_BUFG
    SLICE_X52Y96         FDRE                                         r  slowclk_reg[17]/C
  -------------------------------------------------------------------    -------------------
    SLICE_X52Y96         FDRE (Prop_fdre_C_Q)         0.379     5.278 r  slowclk_reg[17]/Q
                         net (fo=1, routed)           0.589     5.867    slowclk_reg[17]__0
    BUFGCTRL_X0Y2        BUFG (Prop_bufg_I_O)         0.081     5.948 r  slowclk_reg_BUFG[17]_inst/O
                         net (fo=151, routed)         1.486     7.434    slowclk_reg_BUFG[17]
    SLICE_X52Y96         CARRY4 (Prop_carry4_S[1]_O[3])
                                                      0.635     8.069 r  slowclk_reg[16]_i_1/O[3]
                         net (fo=1, routed)           0.000     8.069    slowclk_reg[16]_i_1_n_9
    SLICE_X52Y96         FDRE                                         r  slowclk_reg[19]/D
  -------------------------------------------------------------------    -------------------

                         (clock clk rise edge)       20.000    20.000 r  
    D18                                               0.000    20.000 r  clk (IN)
                         net (fo=0)                   0.000    20.000    clk
    D18                  IBUF (Prop_ibuf_I_O)         1.398    21.398 r  clk_IBUF_inst/O
                         net (fo=1, routed)           1.880    23.278    clk_IBUF
    BUFGCTRL_X0Y16       BUFG (Prop_bufg_I_O)         0.077    23.355 r  clk_IBUF_BUFG_inst/O
                         net (fo=20, routed)          1.260    24.615    clk_IBUF_BUFG
    SLICE_X52Y96         FDRE                                         r  slowclk_reg[19]/C
                         clock pessimism              0.284    24.899    
                         clock uncertainty           -0.035    24.864    
    SLICE_X52Y96         FDRE (Setup_fdre_C_D)        0.059    24.923    slowclk_reg[19]
  -------------------------------------------------------------------
                         required time                         24.923    
                         arrival time                          -8.069    
  -------------------------------------------------------------------
                         slack                                 16.854    





Min Delay Paths
--------------------------------------------------------------------------------------
Slack (MET) :             0.265ns  (arrival time - required time)
  Source:                 slowclk_reg[10]/C
                            (rising edge-triggered cell FDRE clocked by clk  {rise@0.000ns fall@10.000ns period=20.000ns})
  Destination:            slowclk_reg[10]/D
                            (rising edge-triggered cell FDRE clocked by clk  {rise@0.000ns fall@10.000ns period=20.000ns})
  Path Group:             clk
  Path Type:              Hold (Min at Fast Process Corner)
  Requirement:            0.000ns  (clk rise@0.000ns - clk rise@0.000ns)
  Data Path Delay:        0.370ns  (logic 0.252ns (68.170%)  route 0.118ns (31.830%))
  Logic Levels:           1  (CARRY4=1)
  Clock Path Skew:        0.000ns (DCD - SCD - CPR)
    Destination Clock Delay (DCD):    2.223ns
    Source Clock Delay      (SCD):    1.698ns
    Clock Pessimism Removal (CPR):    0.524ns

    Location             Delay type                Incr(ns)  Path(ns)    Netlist Resource(s)
  -------------------------------------------------------------------    -------------------
                         (clock clk rise edge)        0.000     0.000 r  
    D18                                               0.000     0.000 r  clk (IN)
                         net (fo=0)                   0.000     0.000    clk
    D18                  IBUF (Prop_ibuf_I_O)         0.301     0.301 r  clk_IBUF_inst/O
                         net (fo=1, routed)           0.808     1.109    clk_IBUF
    BUFGCTRL_X0Y16       BUFG (Prop_bufg_I_O)         0.026     1.135 r  clk_IBUF_BUFG_inst/O
                         net (fo=20, routed)          0.564     1.698    clk_IBUF_BUFG
    SLICE_X52Y94         FDRE                                         r  slowclk_reg[10]/C
  -------------------------------------------------------------------    -------------------
    SLICE_X52Y94         FDRE (Prop_fdre_C_Q)         0.141     1.839 r  slowclk_reg[10]/Q
                         net (fo=1, routed)           0.118     1.957    slowclk_reg_n_5_[10]
    SLICE_X52Y94         CARRY4 (Prop_carry4_S[2]_O[2])
                                                      0.111     2.068 r  slowclk_reg[8]_i_1/O[2]
                         net (fo=1, routed)           0.000     2.068    slowclk_reg[8]_i_1_n_10
    SLICE_X52Y94         FDRE                                         r  slowclk_reg[10]/D
  -------------------------------------------------------------------    -------------------

                         (clock clk rise edge)        0.000     0.000 r  
    D18                                               0.000     0.000 r  clk (IN)
                         net (fo=0)                   0.000     0.000    clk
    D18                  IBUF (Prop_ibuf_I_O)         0.489     0.489 r  clk_IBUF_inst/O
                         net (fo=1, routed)           0.871     1.360    clk_IBUF
    BUFGCTRL_X0Y16       BUFG (Prop_bufg_I_O)         0.029     1.389 r  clk_IBUF_BUFG_inst/O
                         net (fo=20, routed)          0.834     2.223    clk_IBUF_BUFG
    SLICE_X52Y94         FDRE                                         r  slowclk_reg[10]/C
                         clock pessimism             -0.524     1.698    
    SLICE_X52Y94         FDRE (Hold_fdre_C_D)         0.105     1.803    slowclk_reg[10]
  -------------------------------------------------------------------
                         required time                         -1.803    
                         arrival time                           2.068    
  -------------------------------------------------------------------
                         slack                                  0.265    





Pulse Width Checks
--------------------------------------------------------------------------------------
Clock Name:         clk
Waveform(ns):       { 0.000 10.000 }
Period(ns):         20.000
Sources:            { clk }

Check Type        Corner  Lib Pin  Reference Pin  Required(ns)  Actual(ns)  Slack(ns)  Location        Pin
Min Period        n/a     BUFG/I   n/a            1.592         20.000      18.408     BUFGCTRL_X0Y16  clk_IBUF_BUFG_inst/I
Low Pulse Width   Slow    FDRE/C   n/a            0.500         10.000      9.500      SLICE_X52Y92    slowclk_reg[0]/C
High Pulse Width  Fast    FDRE/C   n/a            0.500         10.000      9.500      SLICE_X52Y92    slowclk_reg[0]/C



