#
# A fatal error has been detected by the Java Runtime Environment:
#
#  EXCEPTION_ACCESS_VIOLATION (0xc0000005) at pc=0x00007ff9bf86d1e6, pid=24816, tid=0x00000000000052cc
#
# JRE version: Java(TM) SE Runtime Environment (8.0_112-b15) (build 1.8.0_112-b15)
# Java VM: Java HotSpot(TM) 64-Bit Server VM (25.112-b15 mixed mode windows-amd64 compressed oops)
# Problematic frame:
# C  [librdi_filemgmt.dll+0x20d1e6]
#
# Failed to write core dump. Minidumps are not enabled by default on client versions of Windows
#
# If you would like to submit a bug report, please visit:
#   http://bugreport.java.com/bugreport/crash.jsp
# The crash happened outside the Java Virtual Machine in native code.
# See problematic frame for where to report the bug.
#

---------------  T H R E A D  ---------------

Current thread (0x00000193426ab800):  JavaThread "AWT-EventQueue-1" [_thread_in_native, id=21196, stack(0x0000003749d00000,0x000000374a200000)]

siginfo: ExceptionCode=0xc0000005, reading address 0x0000000000000003

Registers:
RAX=0x0000000000000001, RBX=0x0000019367db5118, RCX=0x000001936c540530, RDX=0x0000000000000003
RSP=0x000000374a1faaf0, RBP=0x000000374a1fac50, RSI=0x0000000000000000, RDI=0x00000193441317b0
R8 =0x000001936c540020, R9 =0x0000000000000000, R10=0x000001936c540530, R11=0x000000374a1f8a20
R12=0x0000019344137250, R13=0x0000000000000000, R14=0x0000000000000000, R15=0x000000374a1fad98
RIP=0x00007ff9bf86d1e6, EFLAGS=0x0000000000010287

Top of Stack: (sp=0x000000374a1faaf0)
0x000000374a1faaf0:   0000019367db5110 0000000000000000
0x000000374a1fab00:   0000019367db5110 00007ff9bf688c30
0x000000374a1fab10:   fffffffffffffffe 000001936c540500
0x000000374a1fab20:   0000019300000000 0000000000000000
0x000000374a1fab30:   000000000000000f 000001936c54d000
0x000000374a1fab40:   0000019323ff0020 0000000000000000
0x000000374a1fab50:   000000000000000f 00004361aab11018
0x000000374a1fab60:   000000000000003e 0000019344137250
0x000000374a1fab70:   000000374a1fac50 00007ff9bf86b8b2
0x000000374a1fab80:   0000e1a5eac9fc9e 0000000000000000
0x000000374a1fab90:   000000000000003e 00000193441317b0
0x000000374a1faba0:   000000000000003e 00000193426ab9f8
0x000000374a1fabb0:   00000193426ab9f8 000001937e914600
0x000000374a1fabc0:   000000374a1fad78 00007ff9bf87d848
0x000000374a1fabd0:   000000000000003e 000000000000003e
0x000000374a1fabe0:   000001937e914600 000000000000003e 

Instructions: (pc=0x00007ff9bf86d1e6)
0x00007ff9bf86d1c6:   66 66 0f 1f 84 00 00 00 00 00 48 8b 13 48 c7 44
0x00007ff9bf86d1d6:   24 40 0f 00 00 00 4c 89 74 24 38 c6 44 24 28 00
0x00007ff9bf86d1e6:   80 3a 00 75 05 4d 8b c6 eb 0e 49 83 c8 ff 49 ff
0x00007ff9bf86d1f6:   c0 42 80 3c 02 00 75 f6 48 8d 4c 24 28 e8 28 6f 


Register to memory mapping:

RAX=0x0000000000000001 is an unknown value
RBX=0x0000019367db5118 is an unknown value
RCX=0x000001936c540530 is an unknown value
RDX=0x0000000000000003 is an unknown value
RSP=0x000000374a1faaf0 is pointing into the stack for thread: 0x00000193426ab800
RBP=0x000000374a1fac50 is pointing into the stack for thread: 0x00000193426ab800
RSI=0x0000000000000000 is an unknown value
RDI=0x00000193441317b0 is an unknown value
R8 =0x000001936c540020 is an unknown value
R9 =0x0000000000000000 is an unknown value
R10=0x000001936c540530 is an unknown value
R11=0x000000374a1f8a20 is pointing into the stack for thread: 0x00000193426ab800
R12=0x0000019344137250 is an unknown value
R13=0x0000000000000000 is an unknown value
R14=0x0000000000000000 is an unknown value
R15=0x000000374a1fad98 is pointing into the stack for thread: 0x00000193426ab800


Stack: [0x0000003749d00000,0x000000374a200000],  sp=0x000000374a1faaf0,  free space=5098k
Native frames: (J=compiled Java code, j=interpreted, Vv=VM code, C=native code)
C  [librdi_filemgmt.dll+0x20d1e6]
C  [librdi_filemgmt.dll+0x20b8b2]
C  [librdi_filemgmt.dll+0x21d848]
C  0x000001932831925b

Java frames: (J=compiled Java code, j=interpreted, Vv=VM code)
j  ui.data.srcscan.srcscani.EditorAssist_createFoldInfoIter(JLjava/lang/String;)J+0
j  ui.data.j.a.vZ(Ljava/lang/String;)J+5
j  ui.data.j.a.vW(Ljava/lang/String;)V+13
j  ui.views.T.a.Z.b(Lui/data/j/a;Ljava/lang/String;)V+15
j  ui.views.T.a.Z.gvs()V+48
j  ui.views.T.a.al.finished()V+34
J 26891 C1 ui.frmwork.x.run()V (15 bytes) @ 0x0000019329a0d3a4 [0x0000019329a0d220+0x184]
J 11106 C2 java.awt.EventQueue$3.run()Ljava/lang/Object; (5 bytes) @ 0x0000019329af09c8 [0x0000019329af06a0+0x328]
v  ~StubRoutines::call_stub
J 1638  java.security.AccessController.doPrivileged(Ljava/security/PrivilegedAction;Ljava/security/AccessControlContext;)Ljava/lang/Object; (0 bytes) @ 0x00000193288c1366 [0x00000193288c1300+0x66]
J 10809 C2 ui.frmwork.b.d.dispatchEvent(Ljava/awt/AWTEvent;)V (45 bytes) @ 0x000001932a2e5f50 [0x000001932a2e5ba0+0x3b0]
J 31082 C2 java.awt.EventDispatchThread.pumpOneEventForFilters(I)V (295 bytes) @ 0x000001932d6d12a0 [0x000001932d6d0f40+0x360]
J 22064 C2 java.awt.EventDispatchThread.pumpEventsForFilter(ILjava/awt/Conditional;Ljava/awt/EventFilter;)V (47 bytes) @ 0x000001932846eea4 [0x000001932846eca0+0x204]
j  java.awt.EventDispatchThread.pumpEventsForFilter(Ljava/awt/Conditional;Ljava/awt/EventFilter;)V+4
j  java.awt.WaitDispatchSupport$2.run()V+59
j  java.awt.WaitDispatchSupport$4.run()Ljava/lang/Void;+4
j  java.awt.WaitDispatchSupport$4.run()Ljava/lang/Object;+1
v  ~StubRoutines::call_stub
J 188  java.security.AccessController.doPrivileged(Ljava/security/PrivilegedAction;)Ljava/lang/Object; (0 bytes) @ 0x000001932847bd92 [0x000001932847bd40+0x52]
j  java.awt.WaitDispatchSupport.enter()Z+279
j  java.awt.Dialog.show()V+233
J 23320 C1 java.awt.Window.setVisible(Z)V (6 bytes) @ 0x000001932a910ce4 [0x000001932a910aa0+0x244]
j  java.awt.Dialog.setVisible(Z)V+2
j  ui.b.c.g.setVisible(Z)V+2
j  ui.b.c.g.a(IILjava/awt/Component;)V+641
j  ui.b.c.g.a(IIZLjava/awt/Component;)V+90
j  ui.b.c.g.bl(II)V+5
j  ui.b.c.g.showDialog()V+3
j  ui.b.c.aN.showDialog()V+1
j  ui.b.c.x.showDialog()V+27
j  ui.b.i.b.a(Lui/views/cw;Lui/data/experiment/w;Z)Z+126
j  ui.b.L.bZ.cJH()Z+208
j  ui.b.L.u.dIW()Z+33
j  ui.b.L.u.ahh()V+10
j  ui.b.c.g.actionPerformed(Ljava/awt/event/ActionEvent;)V+44
j  ui.b.L.u.actionPerformed(Ljava/awt/event/ActionEvent;)V+2
j  javax.swing.AbstractButton.fireActionPerformed(Ljava/awt/event/ActionEvent;)V+83
j  ui.utils.n.b.a.fireActionPerformed(Ljava/awt/event/ActionEvent;)V+7
j  javax.swing.AbstractButton$Handler.actionPerformed(Ljava/awt/event/ActionEvent;)V+5
j  javax.swing.DefaultButtonModel.fireActionPerformed(Ljava/awt/event/ActionEvent;)V+34
J 30228 C1 javax.swing.DefaultButtonModel.setPressed(Z)V (125 bytes) @ 0x000001932bcc219c [0x000001932bcc0da0+0x13fc]
j  javax.swing.plaf.basic.BasicButtonListener.mouseReleased(Ljava/awt/event/MouseEvent;)V+35
J 13969 C1 java.awt.AWTEventMulticaster.mouseReleased(Ljava/awt/event/MouseEvent;)V (27 bytes) @ 0x000001932ac1183c [0x000001932ac11620+0x21c]
J 24950 C2 javax.swing.JComponent.processMouseEvent(Ljava/awt/event/MouseEvent;)V (27 bytes) @ 0x000001932a415960 [0x000001932a4157c0+0x1a0]
J 10284 C2 java.awt.Container.processEvent(Ljava/awt/AWTEvent;)V (22 bytes) @ 0x0000019328ae263c [0x0000019328ae2520+0x11c]
J 29064 C2 java.awt.Component.dispatchEventImpl(Ljava/awt/AWTEvent;)V (883 bytes) @ 0x000001932d088b10 [0x000001932d087e80+0xc90]
J 23972 C2 java.awt.Container.dispatchEventImpl(Ljava/awt/AWTEvent;)V (129 bytes) @ 0x000001932b7ba83c [0x000001932b7ba780+0xbc]
J 13859 C2 java.awt.LightweightDispatcher.retargetMouseEvent(Ljava/awt/Component;ILjava/awt/event/MouseEvent;)V (350 bytes) @ 0x000001932ab9d86c [0x000001932ab9d340+0x52c]
J 17528 C2 java.awt.LightweightDispatcher.processMouseEvent(Ljava/awt/event/MouseEvent;)Z (286 bytes) @ 0x000001932b772b34 [0x000001932b7727a0+0x394]
J 23972 C2 java.awt.Container.dispatchEventImpl(Ljava/awt/AWTEvent;)V (129 bytes) @ 0x000001932b7baa84 [0x000001932b7ba780+0x304]
J 18016 C2 java.awt.Window.dispatchEventImpl(Ljava/awt/AWTEvent;)V (23 bytes) @ 0x000001932863c60c [0x000001932863c5c0+0x4c]
J 11106 C2 java.awt.EventQueue$3.run()Ljava/lang/Object; (5 bytes) @ 0x0000019329af0a94 [0x0000019329af06a0+0x3f4]
v  ~StubRoutines::call_stub
J 1638  java.security.AccessController.doPrivileged(Ljava/security/PrivilegedAction;Ljava/security/AccessControlContext;)Ljava/lang/Object; (0 bytes) @ 0x00000193288c1366 [0x00000193288c1300+0x66]
J 13346 C2 java.awt.EventQueue$4.run()Ljava/lang/Object; (5 bytes) @ 0x000001932880f1b4 [0x000001932880f020+0x194]
v  ~StubRoutines::call_stub
J 1638  java.security.AccessController.doPrivileged(Ljava/security/PrivilegedAction;Ljava/security/AccessControlContext;)Ljava/lang/Object; (0 bytes) @ 0x00000193288c1366 [0x00000193288c1300+0x66]
J 10809 C2 ui.frmwork.b.d.dispatchEvent(Ljava/awt/AWTEvent;)V (45 bytes) @ 0x000001932a2e5e58 [0x000001932a2e5ba0+0x2b8]
J 31082 C2 java.awt.EventDispatchThread.pumpOneEventForFilters(I)V (295 bytes) @ 0x000001932d6d12a0 [0x000001932d6d0f40+0x360]
J 16465% C2 java.awt.EventDispatchThread.pumpEventsForFilter(ILjava/awt/Conditional;Ljava/awt/EventFilter;)V (47 bytes) @ 0x0000019329fac2c0 [0x0000019329fac1c0+0x100]
j  java.awt.EventDispatchThread.pumpEventsForHierarchy(ILjava/awt/Conditional;Ljava/awt/Component;)V+11
j  java.awt.EventDispatchThread.pumpEvents(ILjava/awt/Conditional;)V+4
j  java.awt.EventDispatchThread.pumpEvents(Ljava/awt/Conditional;)V+3
j  java.awt.EventDispatchThread.run()V+9
v  ~StubRoutines::call_stub

---------------  P R O C E S S  ---------------

Java Threads: ( => current thread )
  0x00000193636d3000 JavaThread "Code Inspector" [_thread_in_native, id=16920, stack(0x000000389ba00000,0x000000389bf00000)]
  0x000001937cc38000 JavaThread "Code Inspector" [_thread_in_native, id=18048, stack(0x000000389b000000,0x000000389b500000)]
  0x0000019344470800 JavaThread "Monitor File Timestamp Swing Worker" [_thread_blocked, id=27508, stack(0x0000003860e00000,0x0000003861300000)]
  0x0000019344471800 JavaThread "Timer-16" [_thread_blocked, id=14644, stack(0x0000003860900000,0x0000003860e00000)]
  0x0000019364261800 JavaThread "Thread-913" [_thread_in_native, id=12100, stack(0x00000037ed600000,0x00000037ed700000)]
  0x000001937f450800 JavaThread "Monitor File Timestamp Swing Worker" [_thread_blocked, id=17580, stack(0x0000003857600000,0x0000003857b00000)]
  0x000001937f451800 JavaThread "Timer-15" [_thread_blocked, id=27416, stack(0x0000003857100000,0x0000003857600000)]
  0x0000019348fdf000 JavaThread "Monitor File Timestamp Swing Worker" [_thread_blocked, id=3736, stack(0x0000003856200000,0x0000003856700000)]
  0x0000019348fdf800 JavaThread "Timer-14" [_thread_blocked, id=22176, stack(0x0000003855d00000,0x0000003856200000)]
  0x000001936235c000 JavaThread "Monitor File Timestamp Swing Worker" [_thread_blocked, id=10540, stack(0x0000003850600000,0x0000003850b00000)]
  0x000001936235c800 JavaThread "Timer-13" [_thread_blocked, id=15096, stack(0x0000003850100000,0x0000003850600000)]
  0x000001937e5dd000 JavaThread "Thread-788" [_thread_in_native, id=3716, stack(0x0000003822f00000,0x0000003823000000)]
  0x000001936a956000 JavaThread "Thread-787" [_thread_in_native, id=9056, stack(0x00000037ef700000,0x00000037ef800000)]
  0x0000019349ff6000 JavaThread "Monitor File Timestamp Swing Worker" [_thread_blocked, id=13856, stack(0x00000037d1d00000,0x00000037d2200000)]
  0x0000019349ffe800 JavaThread "Timer-11" [_thread_blocked, id=3632, stack(0x00000037d1800000,0x00000037d1d00000)]
  0x000001937e0d2000 JavaThread "Monitor File Timestamp Swing Worker" [_thread_blocked, id=17344, stack(0x00000037d0e00000,0x00000037d1300000)]
  0x000001937e0d2800 JavaThread "Timer-10" [_thread_blocked, id=27176, stack(0x00000037d0900000,0x00000037d0e00000)]
  0x0000019341d5f000 JavaThread "Monitor File Timestamp Swing Worker" [_thread_blocked, id=4712, stack(0x00000037cfa00000,0x00000037cff00000)]
  0x0000019341d5f800 JavaThread "Timer-9" [_thread_blocked, id=9376, stack(0x00000037cf500000,0x00000037cfa00000)]
  0x0000019344056800 JavaThread "Monitor File Timestamp Swing Worker" [_thread_blocked, id=8312, stack(0x00000037ce100000,0x00000037ce600000)]
  0x0000019344057000 JavaThread "Timer-8" [_thread_blocked, id=13144, stack(0x00000037cdc00000,0x00000037ce100000)]
  0x0000019363e3f800 JavaThread "Thread-529" [_thread_in_native, id=1576, stack(0x00000037ae200000,0x00000037ae300000)]
  0x00000193422c2800 JavaThread "Thread-528" [_thread_in_native, id=13316, stack(0x00000037ae300000,0x00000037ae400000)]
  0x0000019347419000 JavaThread "Swing-Shell" daemon [_thread_blocked, id=7312, stack(0x000000378e600000,0x000000378eb00000)]
  0x0000019347468800 JavaThread "Monitor File Timestamp Swing Worker" [_thread_blocked, id=23880, stack(0x0000003723500000,0x0000003723a00000)]
  0x0000019347461000 JavaThread "Timer-7" [_thread_blocked, id=4004, stack(0x0000003723000000,0x0000003723500000)]
  0x000001933fcf2800 JavaThread "SyntheticaAnimation 50" daemon [_thread_blocked, id=27312, stack(0x000000376a100000,0x000000376a600000)]
  0x0000019345135000 JavaThread "Thread-97" [_thread_in_native, id=21212, stack(0x0000003755e00000,0x0000003755f00000)]
  0x00000193497a5800 JavaThread "Thread-96" [_thread_in_native, id=24664, stack(0x0000003756000000,0x0000003756100000)]
  0x00000193452ee000 JavaThread "Thread-77" [_thread_in_native, id=7200, stack(0x0000003755d00000,0x0000003755e00000)]
  0x0000019343a6d000 JavaThread "Thread-51" [_thread_in_native, id=26604, stack(0x0000003759f00000,0x000000375a000000)]
  0x00000193422c3000 JavaThread "Thread-50" [_thread_in_native, id=14684, stack(0x0000003756200000,0x0000003756300000)]
  0x00000193238af000 JavaThread "SyntheticaAnimation 50" daemon [_thread_blocked, id=1604, stack(0x0000003752d00000,0x0000003753200000)]
  0x0000019348e7e800 JavaThread "Thread-22" [_thread_in_native, id=25392, stack(0x0000003750400000,0x0000003750500000)]
  0x0000019348ebd800 JavaThread "Thread-21" [_thread_in_native, id=20128, stack(0x0000003743f00000,0x0000003744000000)]
  0x000001934a1c7800 JavaThread "hw_ila_monitor" [_thread_blocked, id=25856, stack(0x000000374f000000,0x000000374f500000)]
  0x0000019344717800 JavaThread "Update Runs Swing Worker" [_thread_blocked, id=21500, stack(0x000000374eb00000,0x000000374f000000)]
  0x0000019344283800 JavaThread "Refresh Filesets Swing Worker" [_thread_blocked, id=26452, stack(0x000000374e600000,0x000000374eb00000)]
  0x000001934a137800 JavaThread "SyntheticaAnimation 70" daemon [_thread_blocked, id=2460, stack(0x000000374e100000,0x000000374e600000)]
  0x00000193441b1000 JavaThread "SyntheticaAnimation 25" daemon [_thread_blocked, id=27604, stack(0x000000374d700000,0x000000374dc00000)]
  0x00000193465bc000 JavaThread "SyntheticaAnimation 50" daemon [_thread_blocked, id=23124, stack(0x000000374d200000,0x000000374d700000)]
  0x0000019344172800 JavaThread "Batik CleanerThread" daemon [_thread_blocked, id=26496, stack(0x000000374b100000,0x000000374b600000)]
  0x0000019342e2f800 JavaThread "SyntheticaCleanerThread" daemon [_thread_blocked, id=4600, stack(0x000000374a200000,0x000000374a700000)]
=>0x00000193426ab800 JavaThread "AWT-EventQueue-1" [_thread_in_native, id=21196, stack(0x0000003749d00000,0x000000374a200000)]
  0x00000193426a1800 JavaThread "Process Messages" [_thread_blocked, id=23788, stack(0x0000003749800000,0x0000003749d00000)]
  0x0000019327ba2000 JavaThread "Thread-3" [_thread_in_native, id=18772, stack(0x0000003744000000,0x0000003745400000)]
  0x000001933fa79800 JavaThread "AWT-Windows" daemon [_thread_in_native, id=18104, stack(0x0000003748900000,0x0000003748e00000)]
  0x000001933fa7a800 JavaThread "AWT-Shutdown" [_thread_blocked, id=24016, stack(0x0000003748400000,0x0000003748900000)]
  0x000001933fa7c000 JavaThread "Java2D Disposer" daemon [_thread_blocked, id=26384, stack(0x0000003747f00000,0x0000003748400000)]
  0x000001933f744000 JavaThread "TimerQueue" daemon [_thread_blocked, id=11656, stack(0x0000003747a00000,0x0000003747f00000)]
  0x000001933f37f800 JavaThread "Service Thread" daemon [_thread_blocked, id=25608, stack(0x0000003747400000,0x0000003747900000)]
  0x000001933f381000 JavaThread "C1 CompilerThread2" daemon [_thread_blocked, id=13392, stack(0x0000003747300000,0x0000003747400000)]
  0x000001933f382000 JavaThread "C2 CompilerThread1" daemon [_thread_blocked, id=27432, stack(0x0000003747200000,0x0000003747300000)]
  0x000001933f383000 JavaThread "C2 CompilerThread0" daemon [_thread_blocked, id=21868, stack(0x0000003747100000,0x0000003747200000)]
  0x000001933f384800 JavaThread "Attach Listener" daemon [_thread_blocked, id=7400, stack(0x0000003746c00000,0x0000003747100000)]
  0x000001933f385800 JavaThread "Signal Dispatcher" daemon [_thread_blocked, id=22648, stack(0x0000003746700000,0x0000003746c00000)]
  0x000001933f212000 JavaThread "Finalizer" daemon [_thread_blocked, id=10028, stack(0x0000003746200000,0x0000003746700000)]
  0x000001933f215000 JavaThread "Reference Handler" daemon [_thread_blocked, id=4832, stack(0x0000003745d00000,0x0000003746200000)]
  0x0000019323d93000 JavaThread "main" [_thread_blocked, id=8860, stack(0x0000003745700000,0x0000003745800000)]

Other Threads:
  0x000001933f21b000 VMThread [stack: 0x0000003745c00000,0x0000003745d00000] [id=3728]
  0x000001933f37e000 WatcherThread [stack: 0x0000003747900000,0x0000003747a00000] [id=12216]

VM state:not at safepoint (normal execution)

VM Mutex/Monitor currently owned by a thread: None

Heap:
 PSYoungGen      total 44032K, used 24514K [0x00000007bc400000, 0x00000007c0000000, 0x00000007c0000000)
  eden space 26624K, 26% used [0x00000007bc400000,0x00000007bcaf0e30,0x00000007bde00000)
  from space 17408K, 99% used [0x00000007bde00000,0x00000007beeffc30,0x00000007bef00000)
  to   space 17408K, 0% used [0x00000007bef00000,0x00000007bef00000,0x00000007c0000000)
 ParOldGen       total 379392K, used 199689K [0x0000000700000000, 0x0000000717280000, 0x00000007bc400000)
  object space 379392K, 52% used [0x0000000700000000,0x000000070c302630,0x0000000717280000)
 Metaspace       used 95817K, capacity 96848K, committed 97536K, reserved 1132544K
  class space    used 14418K, capacity 14592K, committed 14592K, reserved 1048576K

Card table byte_map: [0x00000193376c0000,0x0000019337cd0000] byte_map_base: 0x0000019333ec0000

Marking Bits: (ParMarkBitMap*) 0x000000006aaba6d0
 Begin Bits: [0x00000193382c0000, 0x000001933b2c0000)
 End Bits:   [0x000001933b2c0000, 0x000001933e2c0000)

Polling page: 0x00000193232a0000

CodeCache: size=245760Kb used=87751Kb max_used=89116Kb free=158008Kb
 bounds [0x0000019328300000, 0x000001932dad0000, 0x0000019337300000]
 total_blobs=23314 nmethods=22276 adapters=939
 compilation: enabled

Compilation events (10 events):
Event: 4460.297 Thread 0x000001933f382000 32435       4       com.jidesoft.plaf.basic.BasicPainter::getControlShadow (6 bytes)
Event: 4460.298 Thread 0x000001933f382000 nmethod 32435 0x0000019328b62650 code [0x0000019328b627a0, 0x0000019328b62868]
Event: 4460.316 Thread 0x000001933f383000 32436       4       ui.utils.n.j.b::setLabelFor (128 bytes)
Event: 4460.325 Thread 0x000001933f382000 32437       4       ui.frmwork.d.b::getMessage (23 bytes)
Event: 4460.326 Thread 0x000001933f382000 nmethod 32437 0x0000019328b62310 code [0x0000019328b62460, 0x0000019328b62528]
Event: 4460.338 Thread 0x000001933f383000 nmethod 32436 0x000001932c5933d0 code [0x000001932c593660, 0x000001932c594a60]
Event: 4460.426 Thread 0x000001933f381000 32438       1       ui.views.T.a.Z::p (5 bytes)
Event: 4460.426 Thread 0x000001933f381000 nmethod 32438 0x000001932c794f90 code [0x000001932c7950e0, 0x000001932c7951d8]
Event: 4460.440 Thread 0x000001933f381000 32439       3       com.jidesoft.marker.MarkerArea::setInspecting (110 bytes)
Event: 4460.442 Thread 0x000001933f381000 nmethod 32439 0x000001932da976d0 code [0x000001932da97a20, 0x000001932da99d30]

GC Heap History (10 events):
Event: 4457.446 GC heap before
{Heap before GC invocations=1697 (full 156):
 PSYoungGen      total 45056K, used 42649K [0x00000007bc400000, 0x00000007c0000000, 0x00000007c0000000)
  eden space 31744K, 100% used [0x00000007bc400000,0x00000007be300000,0x00000007be300000)
  from space 13312K, 81% used [0x00000007bf300000,0x00000007bfda6640,0x00000007c0000000)
  to   space 14848K, 0% used [0x00000007be300000,0x00000007be300000,0x00000007bf180000)
 ParOldGen       total 379392K, used 196464K [0x0000000700000000, 0x0000000717280000, 0x00000007bc400000)
  object space 379392K, 51% used [0x0000000700000000,0x000000070bfdc2b0,0x0000000717280000)
 Metaspace       used 95784K, capacity 96848K, committed 97536K, reserved 1132544K
  class space    used 14413K, capacity 14592K, committed 14592K, reserved 1048576K
Event: 4457.457 GC heap after
Heap after GC invocations=1697 (full 156):
 PSYoungGen      total 44032K, used 11801K [0x00000007bc400000, 0x00000007c0000000, 0x00000007c0000000)
  eden space 31744K, 0% used [0x00000007bc400000,0x00000007bc400000,0x00000007be300000)
  from space 12288K, 96% used [0x00000007be300000,0x00000007bee86640,0x00000007bef00000)
  to   space 15872K, 0% used [0x00000007bf080000,0x00000007bf080000,0x00000007c0000000)
 ParOldGen       total 379392K, used 196464K [0x0000000700000000, 0x0000000717280000, 0x00000007bc400000)
  object space 379392K, 51% used [0x0000000700000000,0x000000070bfdc2b0,0x0000000717280000)
 Metaspace       used 95784K, capacity 96848K, committed 97536K, reserved 1132544K
  class space    used 14413K, capacity 14592K, committed 14592K, reserved 1048576K
}
Event: 4459.895 GC heap before
{Heap before GC invocations=1698 (full 156):
 PSYoungGen      total 44032K, used 43545K [0x00000007bc400000, 0x00000007c0000000, 0x00000007c0000000)
  eden space 31744K, 100% used [0x00000007bc400000,0x00000007be300000,0x00000007be300000)
  from space 12288K, 96% used [0x00000007be300000,0x00000007bee86640,0x00000007bef00000)
  to   space 15872K, 0% used [0x00000007bf080000,0x00000007bf080000,0x00000007c0000000)
 ParOldGen       total 379392K, used 196467K [0x0000000700000000, 0x0000000717280000, 0x00000007bc400000)
  object space 379392K, 51% used [0x0000000700000000,0x000000070bfdce08,0x0000000717280000)
 Metaspace       used 95789K, capacity 96848K, committed 97536K, reserved 1132544K
  class space    used 14413K, capacity 14592K, committed 14592K, reserved 1048576K
Event: 4459.904 GC heap after
Heap after GC invocations=1698 (full 156):
 PSYoungGen      total 44544K, used 12025K [0x00000007bc400000, 0x00000007c0000000, 0x00000007c0000000)
  eden space 28672K, 0% used [0x00000007bc400000,0x00000007bc400000,0x00000007be000000)
  from space 15872K, 75% used [0x00000007bf080000,0x00000007bfc3e640,0x00000007c0000000)
  to   space 16384K, 0% used [0x00000007be000000,0x00000007be000000,0x00000007bf000000)
 ParOldGen       total 379392K, used 196467K [0x0000000700000000, 0x0000000717280000, 0x00000007bc400000)
  object space 379392K, 51% used [0x0000000700000000,0x000000070bfdce08,0x0000000717280000)
 Metaspace       used 95789K, capacity 96848K, committed 97536K, reserved 1132544K
  class space    used 14413K, capacity 14592K, committed 14592K, reserved 1048576K
}
Event: 4460.059 GC heap before
{Heap before GC invocations=1699 (full 156):
 PSYoungGen      total 44544K, used 40697K [0x00000007bc400000, 0x00000007c0000000, 0x00000007c0000000)
  eden space 28672K, 100% used [0x00000007bc400000,0x00000007be000000,0x00000007be000000)
  from space 15872K, 75% used [0x00000007bf080000,0x00000007bfc3e640,0x00000007c0000000)
  to   space 16384K, 0% used [0x00000007be000000,0x00000007be000000,0x00000007bf000000)
 ParOldGen       total 379392K, used 196467K [0x0000000700000000, 0x0000000717280000, 0x00000007bc400000)
  object space 379392K, 51% used [0x0000000700000000,0x000000070bfdce08,0x0000000717280000)
 Metaspace       used 95795K, capacity 96848K, committed 97536K, reserved 1132544K
  class space    used 14413K, capacity 14592K, committed 14592K, reserved 1048576K
Event: 4460.067 GC heap after
Heap after GC invocations=1699 (full 156):
 PSYoungGen      total 40448K, used 11769K [0x00000007bc400000, 0x00000007c0000000, 0x00000007c0000000)
  eden space 28672K, 0% used [0x00000007bc400000,0x00000007bc400000,0x00000007be000000)
  from space 11776K, 99% used [0x00000007be000000,0x00000007beb7e640,0x00000007beb80000)
  to   space 16896K, 0% used [0x00000007bef80000,0x00000007bef80000,0x00000007c0000000)
 ParOldGen       total 379392K, used 196467K [0x0000000700000000, 0x0000000717280000, 0x00000007bc400000)
  object space 379392K, 51% used [0x0000000700000000,0x000000070bfdce08,0x0000000717280000)
 Metaspace       used 95795K, capacity 96848K, committed 97536K, reserved 1132544K
  class space    used 14413K, capacity 14592K, committed 14592K, reserved 1048576K
}
Event: 4460.192 GC heap before
{Heap before GC invocations=1700 (full 156):
 PSYoungGen      total 40448K, used 39541K [0x00000007bc400000, 0x00000007c0000000, 0x00000007c0000000)
  eden space 28672K, 96% used [0x00000007bc400000,0x00000007bdf1f0f0,0x00000007be000000)
  from space 11776K, 99% used [0x00000007be000000,0x00000007beb7e640,0x00000007beb80000)
  to   space 16896K, 0% used [0x00000007bef80000,0x00000007bef80000,0x00000007c0000000)
 ParOldGen       total 379392K, used 196467K [0x0000000700000000, 0x0000000717280000, 0x00000007bc400000)
  object space 379392K, 51% used [0x0000000700000000,0x000000070bfdce08,0x0000000717280000)
 Metaspace       used 95816K, capacity 96848K, committed 97536K, reserved 1132544K
  class space    used 14418K, capacity 14592K, committed 14592K, reserved 1048576K
Event: 4460.201 GC heap after
Heap after GC invocations=1700 (full 156):
 PSYoungGen      total 43520K, used 12000K [0x00000007bc400000, 0x00000007c0000000, 0x00000007c0000000)
  eden space 26624K, 0% used [0x00000007bc400000,0x00000007bc400000,0x00000007bde00000)
  from space 16896K, 71% used [0x00000007bef80000,0x00000007bfb381b0,0x00000007c0000000)
  to   space 17408K, 0% used [0x00000007bde00000,0x00000007bde00000,0x00000007bef00000)
 ParOldGen       total 379392K, used 196467K [0x0000000700000000, 0x0000000717280000, 0x00000007bc400000)
  object space 379392K, 51% used [0x0000000700000000,0x000000070bfdce08,0x0000000717280000)
 Metaspace       used 95816K, capacity 96848K, committed 97536K, reserved 1132544K
  class space    used 14418K, capacity 14592K, committed 14592K, reserved 1048576K
}
Event: 4460.381 GC heap before
{Heap before GC invocations=1701 (full 156):
 PSYoungGen      total 43520K, used 38624K [0x00000007bc400000, 0x00000007c0000000, 0x00000007c0000000)
  eden space 26624K, 100% used [0x00000007bc400000,0x00000007bde00000,0x00000007bde00000)
  from space 16896K, 71% used [0x00000007bef80000,0x00000007bfb381b0,0x00000007c0000000)
  to   space 17408K, 0% used [0x00000007bde00000,0x00000007bde00000,0x00000007bef00000)
 ParOldGen       total 379392K, used 196467K [0x0000000700000000, 0x0000000717280000, 0x00000007bc400000)
  object space 379392K, 51% used [0x0000000700000000,0x000000070bfdce48,0x0000000717280000)
 Metaspace       used 95816K, capacity 96848K, committed 97536K, reserved 1132544K
  class space    used 14418K, capacity 14592K, committed 14592K, reserved 1048576K
Event: 4460.396 GC heap after
Heap after GC invocations=1701 (full 156):
 PSYoungGen      total 44032K, used 17407K [0x00000007bc400000, 0x00000007c0000000, 0x00000007c0000000)
  eden space 26624K, 0% used [0x00000007bc400000,0x00000007bc400000,0x00000007bde00000)
  from space 17408K, 99% used [0x00000007bde00000,0x00000007beeffc30,0x00000007bef00000)
  to   space 17408K, 0% used [0x00000007bef00000,0x00000007bef00000,0x00000007c0000000)
 ParOldGen       total 379392K, used 199689K [0x0000000700000000, 0x0000000717280000, 0x00000007bc400000)
  object space 379392K, 52% used [0x0000000700000000,0x000000070c302630,0x0000000717280000)
 Metaspace       used 95816K, capacity 96848K, committed 97536K, reserved 1132544K
  class space    used 14418K, capacity 14592K, committed 14592K, reserved 1048576K
}

Deoptimization events (10 events):
Event: 4456.943 Thread 0x00000193426ab800 Uncommon trap: reason=bimorphic action=maybe_recompile pc=0x000001932a7b222c method=javax.swing.JComponent.registerNextFocusableComponent(Ljava/awt/Component;)V @ 6
Event: 4456.963 Thread 0x00000193426ab800 Uncommon trap: reason=class_check action=maybe_recompile pc=0x0000019329f5cfc4 method=de.javasoft.plaf.synthetica.styles.CheckBoxStyle.getIcon(Ljavax/swing/plaf/synth/SynthContext;Ljava/lang/Object;)Ljavax/swing/Icon; @ 69
Event: 4456.963 Thread 0x00000193426ab800 Uncommon trap: reason=class_check action=maybe_recompile pc=0x0000019329f5cfc4 method=de.javasoft.plaf.synthetica.styles.CheckBoxStyle.getIcon(Ljavax/swing/plaf/synth/SynthContext;Ljava/lang/Object;)Ljavax/swing/Icon; @ 69
Event: 4456.978 Thread 0x00000193426ab800 Uncommon trap: reason=class_check action=maybe_recompile pc=0x0000019329f5cfc4 method=de.javasoft.plaf.synthetica.styles.CheckBoxStyle.getIcon(Ljavax/swing/plaf/synth/SynthContext;Ljava/lang/Object;)Ljavax/swing/Icon; @ 69
Event: 4456.978 Thread 0x00000193426ab800 Uncommon trap: reason=class_check action=maybe_recompile pc=0x0000019329f5cfc4 method=de.javasoft.plaf.synthetica.styles.CheckBoxStyle.getIcon(Ljavax/swing/plaf/synth/SynthContext;Ljava/lang/Object;)Ljavax/swing/Icon; @ 69
Event: 4457.028 Thread 0x00000193426ab800 Uncommon trap: reason=class_check action=maybe_recompile pc=0x000001932a67a6c4 method=com.jidesoft.swing.JideSwingUtilities.getRecursively0(Ljava/awt/Component;Lcom/jidesoft/swing/JideSwingUtilities$GetHandler;)Ljava/awt/Component; @ 2
Event: 4457.028 Thread 0x00000193426ab800 Uncommon trap: reason=bimorphic action=maybe_recompile pc=0x000001932c91af88 method=javax.swing.JComponent.deregisterNextFocusableComponent()V @ 11
Event: 4460.235 Thread 0x00000193426ab800 Uncommon trap: reason=class_check action=maybe_recompile pc=0x000001932ca805ac method=com.jidesoft.editor.CodeEditorPainter.paintCaret(Ljava/awt/Graphics;I)V @ 81
Event: 4460.322 Thread 0x00000193426ab800 Uncommon trap: reason=unstable_if action=reinterpret pc=0x000001932d7b07ac method=ui.views.w.b.s.a(Lui/frmwork/d/l;Ljava/lang/Object;Lui/views/w/b/aS;ZZ)Z @ 925
Event: 4460.406 Thread 0x00000193426ab800 Uncommon trap: reason=class_check action=maybe_recompile pc=0x000001932ca805ac method=com.jidesoft.editor.CodeEditorPainter.paintCaret(Ljava/awt/Graphics;I)V @ 81

Internal exceptions (10 events):
Event: 4366.709 Thread 0x00000193426ab800 Implicit null exception at 0x000001932ae2fee9 to 0x000001932ae2ff21
Event: 4367.276 Thread 0x00000193426ab800 Implicit null exception at 0x000001932bd4fc70 to 0x000001932bd525a1
Event: 4367.279 Thread 0x00000193426ab800 Implicit null exception at 0x000001932c25fea3 to 0x000001932c26046d
Event: 4367.382 Thread 0x00000193426ab800 Implicit null exception at 0x000001932968ca40 to 0x000001932968cbed
Event: 4367.382 Thread 0x00000193426ab800 Implicit null exception at 0x00000193299611a7 to 0x00000193299612ba
Event: 4367.519 Thread 0x00000193426ab800 Implicit null exception at 0x000001932c7aea03 to 0x000001932c7af2b5
Event: 4388.955 Thread 0x0000019367592000 Exception <a 'java/lang/InterruptedException': sleep interrupted> (0x00000007bd7eb640) thrown at [C:\re\workspace\8-2-build-windows-amd64-cygwin\jdk8u112\7884\hotspot\src\share\vm\prims\jvm.cpp, line 3180]
Event: 4418.037 Thread 0x00000193426ab800 Implicit null exception at 0x000001932c7c67ac to 0x000001932c7c6c35
Event: 4426.758 Thread 0x00000193426ab800 Implicit null exception at 0x000001932d2172a1 to 0x000001932d219719
Event: 4426.758 Thread 0x00000193426ab800 Implicit null exception at 0x0000019328b742a5 to 0x0000019328b7482d

Events (10 events):
Event: 4460.426 Thread 0x00000193636d3000 Thread added: 0x00000193636d3000
Event: 4460.432 Thread 0x000001937cc3b000 Thread exited: 0x000001937cc3b000
Event: 4460.433 Thread 0x000001937cc3a000 Thread exited: 0x000001937cc3a000
Event: 4460.434 Executing VM operation: RevokeBias
Event: 4460.440 Executing VM operation: RevokeBias done
Event: 4460.442 Executing VM operation: RevokeBias
Event: 4460.443 Executing VM operation: RevokeBias done
Event: 4460.443 Thread 0x000001937cc39800 Thread exited: 0x000001937cc39800
Event: 4460.445 Thread 0x000001937cc37800 Thread exited: 0x000001937cc37800
Event: 4460.445 Thread 0x000001937cc39000 Thread exited: 0x000001937cc39000


Dynamic libraries:
0x00007ff62bc30000 - 0x00007ff62bc62000 	E:\Xilinx\Vivado\2017.3\bin\unwrapped\win64.o\vivado.exe
0x00007ff9ff920000 - 0x00007ff9ffafb000 	C:\WINDOWS\SYSTEM32\ntdll.dll
0x00007ff9ff2e0000 - 0x00007ff9ff38e000 	C:\WINDOWS\System32\KERNEL32.DLL
0x00007ff9fcc30000 - 0x00007ff9fce79000 	C:\WINDOWS\System32\KERNELBASE.dll
0x00007ff9fc090000 - 0x00007ff9fc186000 	C:\WINDOWS\System32\ucrtbase.dll
0x00007ff9f4760000 - 0x00007ff9f4774000 	E:\Xilinx\Vivado\2017.3\lib\win64.o\libboost_signals.dll
0x000000000a900000 - 0x000000000a983000 	E:\Xilinx\Vivado\2017.3\lib\win64.o\SHSMP64.dll
0x00007ff9f3e40000 - 0x00007ff9f3e54000 	E:\Xilinx\Vivado\2017.3\lib\win64.o\librdi_commonmain.dll
0x00007ff9ff7d0000 - 0x00007ff9ff91a000 	C:\WINDOWS\System32\USER32.dll
0x00007ff9cf700000 - 0x00007ff9cf79c000 	C:\WINDOWS\SYSTEM32\MSVCP140.dll
0x00007ff9ccba0000 - 0x00007ff9cd843000 	E:\Xilinx\Vivado\2017.3\lib\win64.o\librdi_common.dll
0x00007ff9fcc10000 - 0x00007ff9fcc2e000 	C:\WINDOWS\System32\win32u.dll
0x00007ff9fdab0000 - 0x00007ff9fdad7000 	C:\WINDOWS\System32\GDI32.dll
0x00007ff9fbe40000 - 0x00007ff9fbfc7000 	C:\WINDOWS\System32\gdi32full.dll
0x00007ff9e2100000 - 0x00007ff9e2116000 	C:\WINDOWS\SYSTEM32\VCRUNTIME140.dll
0x00007ff9ff3a0000 - 0x00007ff9ff441000 	C:\WINDOWS\System32\ADVAPI32.dll
0x00007ff9fdaf0000 - 0x00007ff9fdb8d000 	C:\WINDOWS\System32\msvcrt.dll
0x00007ff9fc470000 - 0x00007ff9fc50a000 	C:\WINDOWS\System32\msvcp_win.dll
0x00007ff9fd520000 - 0x00007ff9fd579000 	C:\WINDOWS\System32\sechost.dll
0x00007ff9fd810000 - 0x00007ff9fd935000 	C:\WINDOWS\System32\RPCRT4.dll
0x00007ff9f2480000 - 0x00007ff9f24a6000 	E:\Xilinx\Vivado\2017.3\lib\win64.o\libboost_filesystem.dll
0x00007ff9fdea0000 - 0x00007ff9ff2d6000 	C:\WINDOWS\System32\SHELL32.dll
0x00007ff9fc040000 - 0x00007ff9fc089000 	C:\WINDOWS\System32\cfgmgr32.dll
0x00007ff9f9000000 - 0x00007ff9f900a000 	E:\Xilinx\Vivado\2017.3\lib\win64.o\librdi_commonversion.dll
0x00007ff9fdbc0000 - 0x00007ff9fdc6a000 	C:\WINDOWS\System32\shcore.dll
0x00007ff9ff450000 - 0x00007ff9ff749000 	C:\WINDOWS\System32\combase.dll
0x000000006ad10000 - 0x000000006ae3b000 	E:\Xilinx\Vivado\2017.3\lib\win64.o\tcl85t.dll
0x00007ff9f1440000 - 0x00007ff9f153e000 	E:\Xilinx\Vivado\2017.3\lib\win64.o\librdi_commonxillic.dll
0x00007ff9fde30000 - 0x00007ff9fde9c000 	C:\WINDOWS\System32\WS2_32.dll
0x00007ff9fbfd0000 - 0x00007ff9fc03a000 	C:\WINDOWS\System32\bcryptPrimitives.dll
0x00007ff9fc510000 - 0x00007ff9fcc01000 	C:\WINDOWS\System32\windows.storage.dll
0x00007ff9fd600000 - 0x00007ff9fd651000 	C:\WINDOWS\System32\shlwapi.dll
0x00007ff9d72a0000 - 0x00007ff9d760e000 	E:\Xilinx\Vivado\2017.3\lib\win64.o\libCOIN-all.dll
0x00007ff9fbe20000 - 0x00007ff9fbe31000 	C:\WINDOWS\System32\kernel.appcore.dll
0x00007ff9fbdd0000 - 0x00007ff9fbe1c000 	C:\WINDOWS\System32\powrprof.dll
0x00007ff9f1f30000 - 0x00007ff9f1f44000 	E:\Xilinx\Vivado\2017.3\lib\win64.o\libboost_date_time.dll
0x00007ff9e6e10000 - 0x00007ff9e70c5000 	E:\Xilinx\Vivado\2017.3\lib\win64.o\libXil_lmgr11.dll
0x00007ff9fbd90000 - 0x00007ff9fbda5000 	C:\WINDOWS\System32\profapi.dll
0x00007ff9fd660000 - 0x00007ff9fd768000 	C:\WINDOWS\System32\COMDLG32.dll
0x00007ff9f13c0000 - 0x00007ff9f143f000 	E:\Xilinx\Vivado\2017.3\lib\win64.o\libboost_program_options.dll
0x00007ff9f0e60000 - 0x00007ff9f0f74000 	E:\Xilinx\Vivado\2017.3\lib\win64.o\libboost_regex.dll
0x00007ff9fd460000 - 0x00007ff9fd520000 	C:\WINDOWS\System32\OLEAUT32.dll
0x00007ff9f8f70000 - 0x00007ff9f8f7b000 	E:\Xilinx\Vivado\2017.3\lib\win64.o\libboost_system.dll
0x00007ff9fdc80000 - 0x00007ff9fddc5000 	C:\WINDOWS\System32\ole32.dll
0x00007ff9fc360000 - 0x00007ff9fc3b6000 	C:\WINDOWS\System32\WINTRUST.dll
0x00007ff9fbdb0000 - 0x00007ff9fbdc1000 	C:\WINDOWS\System32\MSASN1.dll
0x00007ff9f1f00000 - 0x00007ff9f1f21000 	E:\Xilinx\Vivado\2017.3\lib\win64.o\libboost_thread.dll
0x00007ff9fc190000 - 0x00007ff9fc359000 	C:\WINDOWS\System32\CRYPT32.dll
0x00007ff9f8b80000 - 0x00007ff9f8b8f000 	E:\Xilinx\Vivado\2017.3\lib\win64.o\libboost_xilinx.dll
0x00007ff9f11d0000 - 0x00007ff9f1252000 	E:\Xilinx\Vivado\2017.3\lib\win64.o\libhdlpsolve.dll
0x00007ff9ce780000 - 0x00007ff9ced9e800 	E:\Xilinx\Vivado\2017.3\lib\win64.o\libisl_iostreams.dll
0x00007ff9f1d30000 - 0x00007ff9f1d5e000 	E:\Xilinx\Vivado\2017.3\lib\win64.o\libisl_sysinfo.dll
0x00007ff9dd500000 - 0x00007ff9dd5a5000 	E:\Xilinx\Vivado\2017.3\lib\win64.o\libhdxml.dll
0x000000006a2a0000 - 0x000000006ab3a000 	E:\Xilinx\Vivado\2017.3\tps\win64\jre\bin\server\jvm.dll
0x00007ff9dd400000 - 0x00007ff9dd465000 	E:\Xilinx\Vivado\2017.3\lib\win64.o\liblmx6.0.dll
0x00007ff9f1db0000 - 0x00007ff9f1dc5000 	E:\Xilinx\Vivado\2017.3\lib\win64.o\pthreadVC2.dll
0x00007ff9d7140000 - 0x00007ff9d7291000 	E:\Xilinx\Vivado\2017.3\lib\win64.o\librdi_curl.dll
0x00007ff9f11b0000 - 0x00007ff9f11cc000 	E:\Xilinx\Vivado\2017.3\lib\win64.o\librdiconfig.dll
0x00007ff9eea10000 - 0x00007ff9eea31000 	E:\Xilinx\Vivado\2017.3\lib\win64.o\librdizlib.dll
0x00007ff9fdae0000 - 0x00007ff9fdae8000 	C:\WINDOWS\System32\PSAPI.DLL
0x0000000012000000 - 0x0000000012272000 	E:\Xilinx\Vivado\2017.3\lib\win64.o\xerces-c_3_1.dll
0x00007ff9ecdf0000 - 0x00007ff9ecdfa000 	C:\WINDOWS\SYSTEM32\VERSION.dll
0x00007ff9ed860000 - 0x00007ff9edb8e000 	C:\WINDOWS\SYSTEM32\WININET.dll
0x00007ff9f7ac0000 - 0x00007ff9f7b97000 	C:\WINDOWS\SYSTEM32\WINHTTP.dll
0x00007ff9f20c0000 - 0x00007ff9f2287000 	C:\WINDOWS\SYSTEM32\urlmon.dll
0x00007ff9edd40000 - 0x00007ff9edd57000 	C:\WINDOWS\SYSTEM32\NETAPI32.dll
0x00007ff9cac50000 - 0x00007ff9cbae1000 	E:\Xilinx\Vivado\2017.3\lib\win64.o\gurobi65.dll
0x00007ff9ee450000 - 0x00007ff9ee459000 	C:\WINDOWS\SYSTEM32\WSOCK32.dll
0x00007ff9e6d40000 - 0x00007ff9e6d6e000 	C:\WINDOWS\SYSTEM32\VCOMP140.DLL
0x00007ff9e78d0000 - 0x00007ff9e7976000 	C:\WINDOWS\WinSxS\amd64_microsoft.windows.common-controls_6595b64144ccf1df_5.82.15063.413_none_0e0f5dcc67adff4e\COMCTL32.dll
0x00007ff9f6c20000 - 0x00007ff9f6c3a000 	C:\WINDOWS\SYSTEM32\dhcpcsvc.DLL
0x00007ff9fdc70000 - 0x00007ff9fdc78000 	C:\WINDOWS\System32\NSI.dll
0x00007ff9f8520000 - 0x00007ff9f852d000 	E:\Xilinx\Vivado\2017.3\lib\win64.o\libboost_chrono.dll
0x00007ff9e49c0000 - 0x00007ff9e49e5000 	E:\Xilinx\Vivado\2017.3\lib\win64.o\libisl_iosutils.dll
0x00007ff9f1190000 - 0x00007ff9f11ab000 	E:\Xilinx\Vivado\2017.3\lib\win64.o\libboost_iostreams.dll
0x00007ff9d7060000 - 0x00007ff9d7134000 	C:\WINDOWS\SYSTEM32\MSVCR110.dll
0x00007ff9f8e20000 - 0x00007ff9f8e43000 	C:\WINDOWS\SYSTEM32\WINMM.dll
0x000000006a1c0000 - 0x000000006a292000 	C:\WINDOWS\SYSTEM32\MSVCR100.dll
0x00007ff9f2550000 - 0x00007ff9f27da000 	C:\WINDOWS\SYSTEM32\iertutil.dll
0x00007ff9f8da0000 - 0x00007ff9f8dcb000 	C:\WINDOWS\SYSTEM32\WINMMBASE.dll
0x00007ff9fb830000 - 0x00007ff9fb83b000 	C:\WINDOWS\SYSTEM32\CRYPTBASE.DLL
0x00007ff9fdb90000 - 0x00007ff9fdbbd000 	C:\WINDOWS\System32\IMM32.DLL
0x00007ff9ce250000 - 0x00007ff9ce6da000 	E:\Xilinx\Vivado\2017.3\lib\win64.o\librdi_commontasks.dll
0x00007ff9d6760000 - 0x00007ff9d699f000 	E:\Xilinx\Vivado\2017.3\lib\win64.o\librdi_sio.dll
0x00007ff9fb410000 - 0x00007ff9fb447000 	C:\WINDOWS\SYSTEM32\IPHLPAPI.DLL
0x00007ff9c8b80000 - 0x00007ff9cac4c000 	E:\Xilinx\Vivado\2017.3\lib\win64.o\librdi_tcltasks.dll
0x00007ff9c8810000 - 0x00007ff9c8b74000 	E:\Xilinx\Vivado\2017.3\lib\win64.o\librdi_bitstream.dll
0x00007ff9cf4b0000 - 0x00007ff9cf6f4000 	E:\Xilinx\Vivado\2017.3\lib\win64.o\librdi_chipscope.dll
0x00007ff9dc740000 - 0x00007ff9dc7aa000 	E:\Xilinx\Vivado\2017.3\lib\win64.o\librdi_boarddep.dll
0x00007ff9d6ee0000 - 0x00007ff9d7057000 	E:\Xilinx\Vivado\2017.3\lib\win64.o\librdi_board.dll
0x00007ff9d6410000 - 0x00007ff9d6527000 	E:\Xilinx\Vivado\2017.3\lib\win64.o\librdi_containers.dll
0x00007ff9ad3c0000 - 0x00007ff9b9945000 	E:\Xilinx\Vivado\2017.3\lib\win64.o\librdi_device.dll
0x00007ff9c0340000 - 0x00007ff9c05b5000 	E:\Xilinx\Vivado\2017.3\lib\win64.o\librdi_dlyest.dll
0x00007ff9c7100000 - 0x00007ff9c8804000 	E:\Xilinx\Vivado\2017.3\lib\win64.o\librdi_constraints.dll
0x00007ff9c05c0000 - 0x00007ff9c4123000 	E:\Xilinx\Vivado\2017.3\lib\win64.o\librdi_designutils.dll
0x00007ff9d6690000 - 0x00007ff9d675e000 	E:\Xilinx\Vivado\2017.3\lib\win64.o\librdi_dsp.dll
0x00007ff9bfc10000 - 0x00007ff9c0335000 	E:\Xilinx\Vivado\2017.3\lib\win64.o\librdi_drc.dll
0x00007ff9bf3e0000 - 0x00007ff9bf65a000 	E:\Xilinx\Vivado\2017.3\lib\win64.o\librdi_guitools.dll
0x00007ff9d93f0000 - 0x00007ff9d9448000 	E:\Xilinx\Vivado\2017.3\lib\win64.o\librdi_hdf.dll
0x00007ff9bf660000 - 0x00007ff9bfc02000 	E:\Xilinx\Vivado\2017.3\lib\win64.o\librdi_filemgmt.dll
0x00007ff9bede0000 - 0x00007ff9bf3d7000 	E:\Xilinx\Vivado\2017.3\lib\win64.o\librdi_memdata.dll
0x00007ff9bde30000 - 0x00007ff9bec5f000 	E:\Xilinx\Vivado\2017.3\lib\win64.o\librdi_implflow.dll
0x00007ff9dd6d0000 - 0x00007ff9dd717000 	E:\Xilinx\Vivado\2017.3\lib\win64.o\librdi_pfi.dll
0x00007ff9c4130000 - 0x00007ff9c70ff000 	E:\Xilinx\Vivado\2017.3\lib\win64.o\librdi_coregen.dll
0x00007ff9ba4f0000 - 0x00007ff9ba984000 	E:\Xilinx\Vivado\2017.3\lib\win64.o\librdi_netlist.dll
0x00007ff9ce040000 - 0x00007ff9ce24c000 	E:\Xilinx\Vivado\2017.3\lib\win64.o\librdi_platform.dll
0x00007ff9b9e60000 - 0x00007ff9ba4ed000 	E:\Xilinx\Vivado\2017.3\lib\win64.o\librdi_power.dll
0x00007ff9aadd0000 - 0x00007ff9ab319000 	E:\Xilinx\Vivado\2017.3\lib\win64.o\librdi_project.dll
0x00007ff9aa760000 - 0x00007ff9aadcd000 	E:\Xilinx\Vivado\2017.3\lib\win64.o\librdi_psta.dll
0x00007ff9a9fd0000 - 0x00007ff9aa756000 	E:\Xilinx\Vivado\2017.3\lib\win64.o\librdi_rsb.dll
0x00007ff9d3550000 - 0x00007ff9d3627000 	E:\Xilinx\Vivado\2017.3\lib\win64.o\librdi_runsbase.dll
0x00007ff9cdb90000 - 0x00007ff9cdd47000 	E:\Xilinx\Vivado\2017.3\lib\win64.o\librdi_simdata.dll
0x00007ff9ab320000 - 0x00007ff9ad3b6000 	E:\Xilinx\Vivado\2017.3\lib\win64.o\librdi_place.dll
0x00007ff9a8f80000 - 0x00007ff9a9c00000 	E:\Xilinx\Vivado\2017.3\lib\win64.o\librdi_timing.dll
0x00007ff9dd4b0000 - 0x00007ff9dd4fc000 	E:\Xilinx\Vivado\2017.3\lib\win64.o\libboost_serialization.dll
0x00007ff9d7eb0000 - 0x00007ff9d7f4e000 	E:\Xilinx\Vivado\2017.3\lib\win64.o\libise.dll
0x00007ff9a9c00000 - 0x00007ff9a9fd0000 	E:\Xilinx\Vivado\2017.3\lib\win64.o\librdi_runs.dll
0x00007ff9dd3b0000 - 0x00007ff9dd3f2000 	E:\Xilinx\Vivado\2017.3\lib\win64.o\librdi_ipconfig_readwrite.dll
0x00007ff9d7f80000 - 0x00007ff9d7feb000 	E:\Xilinx\Vivado\2017.3\lib\win64.o\librdi_hip_devdesign.dll
0x00007ff9ba990000 - 0x00007ff9bde21000 	E:\Xilinx\Vivado\2017.3\lib\win64.o\librdi_mig.dll
0x00007ff9dd7d0000 - 0x00007ff9dd7ff000 	E:\Xilinx\Vivado\2017.3\lib\win64.o\librdi_noc_frameworks.dll
0x00007ff9a7f70000 - 0x00007ff9a84be000 	E:\Xilinx\Vivado\2017.3\lib\win64.o\librdi_xdm.dll
0x00007ff9a84c0000 - 0x00007ff9a8f73000 	E:\Xilinx\Vivado\2017.3\lib\win64.o\libverific.dll
0x00007ff9d9360000 - 0x00007ff9d93a6000 	E:\Xilinx\Vivado\2017.3\lib\win64.o\librdi_wavedata_SimpleApi.dll
0x00007ff9a7ab0000 - 0x00007ff9a7f70000 	E:\Xilinx\Vivado\2017.3\lib\win64.o\librdi_wavedata.dll
0x00007ff9a6c80000 - 0x00007ff9a7aad000 	E:\Xilinx\Vivado\2017.3\lib\win64.o\librdi_route.dll
0x00007ff9a65a0000 - 0x00007ff9a6c75000 	E:\Xilinx\Vivado\2017.3\lib\win64.o\librdi_coregenipxact.dll
0x00007ff9a63f0000 - 0x00007ff9a659b000 	E:\Xilinx\Vivado\2017.3\lib\win64.o\librdi_nocdb.dll

VM Arguments:
jvm_args: -Dsun.java2d.pmoffscreen=false -Dsun.java2d.d3d=false -Dsun.awt.nopixfmt=true -Xverify:none -Dswing.aatext=true -XX:-UsePerfData -Djdk.map.althashing.threshold=512 -XX:StringTableSize=4072 -XX:NewSize=60m -XX:MaxNewSize=60m -Xms128m -Xmx3072m -Xss5m 
java_command: <unknown>
java_class_path (initial): E:/Xilinx/Vivado/2017.3\lib\classes\alloy.jar;E:/Xilinx/Vivado/2017.3\lib\classes\autopilot.scelaborator.jar;E:/Xilinx/Vivado/2017.3\lib\classes\autopilot.sourceprocessor.jar;E:/Xilinx/Vivado/2017.3\lib\classes\autopilot.tbprocessor.jar;E:/Xilinx/Vivado/2017.3\lib\classes\batik-anim.jar;E:/Xilinx/Vivado/2017.3\lib\classes\batik-awt-util.jar;E:/Xilinx/Vivado/2017.3\lib\classes\batik-bridge.jar;E:/Xilinx/Vivado/2017.3\lib\classes\batik-codec.jar;E:/Xilinx/Vivado/2017.3\lib\classes\batik-css.jar;E:/Xilinx/Vivado/2017.3\lib\classes\batik-dom.jar;E:/Xilinx/Vivado/2017.3\lib\classes\batik-ext.jar;E:/Xilinx/Vivado/2017.3\lib\classes\batik-gui-util.jar;E:/Xilinx/Vivado/2017.3\lib\classes\batik-gvt.jar;E:/Xilinx/Vivado/2017.3\lib\classes\batik-parser.jar;E:/Xilinx/Vivado/2017.3\lib\classes\batik-script.jar;E:/Xilinx/Vivado/2017.3\lib\classes\batik-svg-dom.jar;E:/Xilinx/Vivado/2017.3\lib\classes\batik-swing.jar;E:/Xilinx/Vivado/2017.3\lib\classes\batik-transcoder.jar;E:/Xilinx/Vivado/2017.3\lib\classes\batik-util.jar;E:/Xilinx/Vivado/2017.3\lib\classes\batik-xml.jar;E:/Xilinx/Vivado/2017.3\lib\classes\com.ibm.icu_4.4.2.v20110208.jar;E:/Xilinx/Vivado/2017.3\lib\classes\commons-math-2.2.jar;E:/Xilinx/Vivado/2017.3\lib\classes\dom4j-1.6.1.jar;E:/Xilinx/Vivado/2017.3\lib\classes\forms.jar;E:/Xilinx/Vivado/2017.3\lib\classes\guava-18.0.jar;E:/Xilinx/Vivado/2017.3\lib\classes\help.jar;E:/Xilinx/Vivado/2017.3\lib\classes\hsqldb.jar;E:/Xilinx/Vivado/2017.3\lib\classes\jargs.jar;E:/Xilinx/Vivado/2017.3\lib\classes\jh.jar;E:/Xilinx/Vivado/2017.3\lib\classes\jide-action.jar;E:/Xilinx/Vivado/2017.3\lib\classes\jide-charts.jar;E:/Xilinx/Vivado/2017.3\lib\classes\jide-common.jar;E:/Xilinx/Vivado/2017.3\lib\classes\jide-components.jar;E:/Xilinx/Vivado/2017.3\lib\classes\jide-dashboard.jar;E:/Xilinx/Vivado/2017.3\lib\classes\jide-data.jar;E:/Xilinx/Vivado/2017.3\lib\classes\jide-dialogs.jar;E:/Xilinx/Vivado/2017.3\lib\classes\jide-diff.jar;E:/Xilinx/Vivado/2017.3
Launcher Type: generic

Environment Variables:
JAVA_HOME=C:\Program Files\Java\jdk1.8.0_144
PATH=E:/Xilinx/Vivado/2017.3/bin;E:/Xilinx/Vivado/2017.3/lib/win64.o;E:/Xilinx/Vivado/2017.3/tps/win64/jre/bin/server;E:/Xilinx/Vivado/2017.3/tps/win64/jre/bin;E:/Xilinx/SDK/2017.3/bin;E:/Xilinx/Vivado/2017.3/ids_lite/ISE/bin/nt64;E:/Xilinx/Vivado/2017.3/ids_lite/ISE/lib/nt64;C:\ProgramData\Oracle\Java\javapath;C:\Program Files\NVIDIA GPU Computing Toolkit\CUDA\v8.0\bin;C:\Program Files\NVIDIA GPU Computing Toolkit\CUDA\v8.0\libnvvp;C:\Program Files (x86)\Intel\iCLS Client\;C:\Program Files\Intel\iCLS Client\;C:\Windows\system32;C:\Windows;C:\Windows\System32\Wbem;C:\Windows\System32\WindowsPowerShell\v1.0\;C:\Program Files (x86)\NVIDIA Corporation\PhysX\Common;C:\Program Files (x86)\Intel\Intel(R) Management Engine Components\DAL;C:\Program Files\Intel\Intel(R) Management Engine Components\DAL;C:\Program Files (x86)\Intel\Intel(R) Management Engine Components\IPT;C:\Program Files\Intel\Intel(R) Management Engine Components\IPT;D:\CTEX\UserData\miktex\bin;D:\CTEX\MiKTeX\miktex\bin;D:\CTEX\CTeX;D:\CTEX\CTeX\Packages\ctex\bin;D:\CTEX\CTeX\Packages\cct\bin;D:\CTEX\CTeX\Packages\ty\bin;D:\CTEX\Ghostscript\gs9.18\bin;D:\CTEX\GSview\gsview;D:\CTEX\WinEdt;C:\NVIDIA\cuda\bin;D:\Matlab\runtime\win64;D:\Matlab\bin;D:\Matlab\polyspace\bin;D:\opencv\build\x64\vc14\bin;D:\QuickTime\QTSystem\;C:\Program Files (x86)\GtkSharp\2.12\bin;d:\iverilog\bin;d:\iverilog\gtkwave\bin;C:\MinGW\bin;C:\Users\kzf\AppData\Local\Programs\Python\Python35\Scripts\;C:\Users\kzf\AppData\Local\Programs\Python\Python35\;C:\Python27;C:\Python27\Scripts;C:\Users\kzf\AppData\Local\Microsoft\WindowsApps;C:\Program Files\Java\jdk1.8.0_144\bin;;E:/Xilinx/Vivado/2017.3\tps\mingw\6.2.0\win64.o\nt\bin;E:/Xilinx/Vivado/2017.3\tps\mingw\6.2.0\win64.o\nt\libexec\gcc\x86_64-w64-mingw32\6.2.0
USERNAME=kzf
OS=Windows_NT
PROCESSOR_IDENTIFIER=Intel64 Family 6 Model 158 Stepping 9, GenuineIntel



---------------  S Y S T E M  ---------------

OS: Windows 10.0 , 64 bit Build 15063 (10.0.15063.296)

CPU:total 4 (4 cores per cpu, 1 threads per core) family 6 model 158 stepping 9, cmov, cx8, fxsr, mmx, sse, sse2, sse3, ssse3, sse4.1, sse4.2, popcnt, avx, avx2, aes, clmul, erms, 3dnowpref, lzcnt, tsc, tscinvbit, bmi1, bmi2, adx

Memory: 4k page, physical 8270992k(3538540k free), swap 14824592k(8127756k free)

vm_info: Java HotSpot(TM) 64-Bit Server VM (25.112-b15) for windows-amd64 JRE (1.8.0_112-b15), built on Sep 22 2016 21:31:56 by "java_re" with MS VC++ 10.0 (VS2010)

time: Thu Nov 30 12:02:36 2017
elapsed time: 4460 seconds (0d 1h 14m 20s)

