#-----------------------------------------------------------
# Vivado v2017.3 (64-bit)
# SW Build 2018833 on Wed Oct  4 19:58:22 MDT 2017
# IP Build 2016188 on Wed Oct  4 21:52:56 MDT 2017
# Start of session at: Fri Dec  1 10:41:30 2017
# Process ID: 9992
# Current directory: E:/LLX/5/计算机组成原理/pro/test/YaoPad
# Command line: vivado.exe -gui_launcher_event rodinguilauncherevent14408 E:\LLX\5\计算机组成原理\pro\test\YaoPad\YaoPad.xpr
# Log file: E:/LLX/5/计算机组成原理/pro/test/YaoPad/vivado.log
# Journal file: E:/LLX/5/计算机组成原理/pro/test/YaoPad\vivado.jou
#-----------------------------------------------------------
start_gui
open_project E:/LLX/5/计算机组成原理/pro/test/YaoPad/YaoPad.xpr
INFO: [Project 1-313] Project file moved from 'E:/XilinxProjects/YaoPad/YaoPad' since last save.
Scanning sources...
Finished scanning sources
INFO: [IP_Flow 19-234] Refreshing IP repositories
INFO: [IP_Flow 19-1704] No user IP repositories specified
INFO: [IP_Flow 19-2313] Loaded Vivado IP repository 'D:/vivadodo/Vivado/2017.3/data/ip'.
open_project: Time (s): cpu = 00:00:13 ; elapsed = 00:00:23 . Memory (MB): peak = 752.223 ; gain = 46.848
update_compile_order -fileset sources_1
exit
INFO: [Common 17-206] Exiting Vivado at Fri Dec  1 10:55:42 2017...
