#-----------------------------------------------------------
# Vivado v2017.3 (64-bit)
# SW Build 2018833 on Wed Oct  4 19:58:22 MDT 2017
# IP Build 2016188 on Wed Oct  4 21:52:56 MDT 2017
# Start of session at: Thu Nov 30 13:11:26 2017
# Process ID: 1620
# Current directory: E:/XilinxProjects/YaoPad/YaoPad
# Command line: vivado.exe -gui_launcher_event rodinguilauncherevent19000 E:\XilinxProjects\YaoPad\YaoPad\YaoPad.xpr
# Log file: E:/XilinxProjects/YaoPad/YaoPad/vivado.log
# Journal file: E:/XilinxProjects/YaoPad/YaoPad\vivado.jou
#-----------------------------------------------------------
start_gui
open_project E:/XilinxProjects/YaoPad/YaoPad/YaoPad.xpr
Scanning sources...
Finished scanning sources
INFO: [IP_Flow 19-234] Refreshing IP repositories
INFO: [IP_Flow 19-1704] No user IP repositories specified
INFO: [IP_Flow 19-2313] Loaded Vivado IP repository 'E:/Xilinx/Vivado/2017.3/data/ip'.
open_project: Time (s): cpu = 00:00:09 ; elapsed = 00:00:06 . Memory (MB): peak = 816.641 ; gain = 69.961
update_compile_order -fileset sources_1
launch_simulation -mode post-synthesis -type timing
INFO: [Vivado 12-5682] Launching post-synthesis timing simulation in 'E:/XilinxProjects/YaoPad/YaoPad/YaoPad.sim/sim_1/synth/timing/xsim'
INFO: [SIM-utils-51] Simulation object is 'sim_1'
Design is defaulting to impl run constrset: constrs_1
Design is defaulting to synth run part: xc7a100tfgg676-2L
INFO: [Netlist 29-17] Analyzing 7 Unisim elements for replacement
INFO: [Netlist 29-28] Unisim Transformation completed in 0 CPU seconds
INFO: [Project 1-479] Netlist was created with Vivado 2017.3
INFO: [Device 21-403] Loading part xc7a100tfgg676-2L
INFO: [Project 1-570] Preparing netlist for logic optimization
Parsing XDC File [E:/XilinxProjects/YaoPad/YaoPad/YaoPad.srcs/constrs_1/new/thinpad_top.xdc]
Finished Parsing XDC File [E:/XilinxProjects/YaoPad/YaoPad/YaoPad.srcs/constrs_1/new/thinpad_top.xdc]
INFO: [Opt 31-138] Pushed 0 inverter(s) to 0 load pin(s).
INFO: [Project 1-111] Unisim Transformation Summary:
  A total of 1 instances were transformed.
  RAM32M => RAM32M (RAMD32, RAMD32, RAMD32, RAMD32, RAMD32, RAMD32, RAMS32, RAMS32): 1 instances

open_run: Time (s): cpu = 00:00:13 ; elapsed = 00:00:09 . Memory (MB): peak = 1147.867 ; gain = 331.227
INFO: [SIM-utils-24] Writing simulation netlist file for design 'synth_1'...
INFO: [SIM-utils-25] write_verilog -mode timesim -nolib -sdf_anno true -force -file "E:/XilinxProjects/YaoPad/YaoPad/YaoPad.sim/sim_1/synth/timing/xsim/openmips_min_sopc_tb_time_synth.v"
write_verilog: Time (s): cpu = 00:00:25 ; elapsed = 00:00:12 . Memory (MB): peak = 1242.656 ; gain = 92.105
INFO: [SIM-utils-27] Writing SDF file...
INFO: [SIM-utils-28] write_sdf -mode timesim -process_corner slow -force -file "E:/XilinxProjects/YaoPad/YaoPad/YaoPad.sim/sim_1/synth/timing/xsim/openmips_min_sopc_tb_time_synth.sdf"
INFO: [SIM-utils-36] Netlist generated:E:/XilinxProjects/YaoPad/YaoPad/YaoPad.sim/sim_1/synth/timing/xsim/openmips_min_sopc_tb_time_synth.v
INFO: [SIM-utils-37] SDF generated:E:/XilinxProjects/YaoPad/YaoPad/YaoPad.sim/sim_1/synth/timing/xsim/openmips_min_sopc_tb_time_synth.sdf
INFO: [SIM-utils-54] Inspecting design source files for 'openmips_min_sopc_tb' in fileset 'sim_1'...
INFO: [USF-XSim-2] XSim::Compile design
INFO: [USF-XSim-61] Executing 'COMPILE and ANALYZE' step in 'E:/XilinxProjects/YaoPad/YaoPad/YaoPad.sim/sim_1/synth/timing/xsim'
"xvlog --incr --relax -prj openmips_min_sopc_tb_vlog.prj"
INFO: [VRFC 10-2263] Analyzing Verilog file "E:/XilinxProjects/YaoPad/YaoPad/YaoPad.sim/sim_1/synth/timing/xsim/openmips_min_sopc_tb_time_synth.v" into library xil_defaultlib
INFO: [VRFC 10-311] analyzing module RAM32M_UNIQ_BASE_
INFO: [VRFC 10-311] analyzing module cpu
INFO: [VRFC 10-311] analyzing module openmips_min_sopc
INFO: [VRFC 10-311] analyzing module regfile
INFO: [VRFC 10-311] analyzing module glbl
INFO: [VRFC 10-2263] Analyzing Verilog file "E:/XilinxProjects/YaoPad/YaoPad/YaoPad.srcs/sources_1/cpu/openmips_min_sopc_tb.v" into library xil_defaultlib
INFO: [VRFC 10-311] analyzing module pc_rom
INFO: [VRFC 10-311] analyzing module if_id
INFO: [VRFC 10-311] analyzing module id
INFO: [VRFC 10-311] analyzing module regfile
WARNING: [VRFC 10-1195] overwriting previous definition of module regfile [E:/XilinxProjects/YaoPad/YaoPad/YaoPad.srcs/sources_1/cpu/regfile.v:23]
INFO: [VRFC 10-311] analyzing module id_ex
INFO: [VRFC 10-311] analyzing module ex
INFO: [VRFC 10-311] analyzing module ex_mem
INFO: [VRFC 10-311] analyzing module mem
INFO: [VRFC 10-311] analyzing module mem_wb
INFO: [VRFC 10-311] analyzing module hilo
INFO: [VRFC 10-311] analyzing module ctrl
INFO: [VRFC 10-311] analyzing module div
INFO: [VRFC 10-311] analyzing module cp0
INFO: [VRFC 10-311] analyzing module cpu
WARNING: [VRFC 10-1195] overwriting previous definition of module cpu [E:/XilinxProjects/YaoPad/YaoPad/YaoPad.srcs/sources_1/cpu/cpu.v:36]
INFO: [VRFC 10-311] analyzing module inst_rom
INFO: [VRFC 10-311] analyzing module data_ram
INFO: [VRFC 10-311] analyzing module openmips_min_sopc
WARNING: [VRFC 10-1195] overwriting previous definition of module openmips_min_sopc [E:/XilinxProjects/YaoPad/YaoPad/YaoPad.srcs/sources_1/cpu/openmips_min_sopc.v:43]
INFO: [VRFC 10-311] analyzing module openmips_min_sopc_tb
INFO: [USF-XSim-69] 'compile' step finished in '1' seconds
INFO: [USF-XSim-3] XSim::Elaborate design
INFO: [USF-XSim-61] Executing 'ELABORATE' step in 'E:/XilinxProjects/YaoPad/YaoPad/YaoPad.sim/sim_1/synth/timing/xsim'
Vivado Simulator 2017.3
Copyright 1986-1999, 2001-2016 Xilinx, Inc. All Rights Reserved.
Running: E:/Xilinx/Vivado/2017.3/bin/unwrapped/win64.o/xelab.exe -wto c0b4e576a1cc4d7fbd9bd09e49ac2af0 --incr --debug typical --relax --mt 2 --maxdelay -L xil_defaultlib -L simprims_ver -L secureip --snapshot openmips_min_sopc_tb_time_synth -transport_int_delays -pulse_r 0 -pulse_int_r 0 -pulse_e 0 -pulse_int_e 0 xil_defaultlib.openmips_min_sopc_tb xil_defaultlib.glbl -log elaborate.log 
Using 2 slave threads.
Starting static elaboration
Completed static elaboration
Starting simulation data flow analysis
Completed simulation data flow analysis
Time Resolution for simulation is 1ps
Compiling module xil_defaultlib.pc_rom
Compiling module xil_defaultlib.if_id
Compiling module xil_defaultlib.id
Compiling module xil_defaultlib.regfile
Compiling module xil_defaultlib.id_ex
Compiling module xil_defaultlib.ex
Compiling module xil_defaultlib.ex_mem
Compiling module xil_defaultlib.mem
Compiling module xil_defaultlib.mem_wb
Compiling module xil_defaultlib.hilo
Compiling module xil_defaultlib.ctrl
Compiling module xil_defaultlib.div
Compiling module xil_defaultlib.cp0
Compiling module xil_defaultlib.cpu
Compiling module xil_defaultlib.inst_rom
Compiling module xil_defaultlib.data_ram
Compiling module xil_defaultlib.openmips_min_sopc
Compiling module xil_defaultlib.openmips_min_sopc_tb
Compiling module xil_defaultlib.glbl
Built simulation snapshot openmips_min_sopc_tb_time_synth

****** Webtalk v2017.3 (64-bit)
  **** SW Build 2018833 on Wed Oct  4 19:58:22 MDT 2017
  **** IP Build 2016188 on Wed Oct  4 21:52:56 MDT 2017
    ** Copyright 1986-2017 Xilinx, Inc. All Rights Reserved.

source E:/XilinxProjects/YaoPad/YaoPad/YaoPad.sim/sim_1/synth/timing/xsim/xsim.dir/openmips_min_sopc_tb_time_synth/webtalk/xsim_webtalk.tcl -notrace
INFO: [Common 17-186] 'E:/XilinxProjects/YaoPad/YaoPad/YaoPad.sim/sim_1/synth/timing/xsim/xsim.dir/openmips_min_sopc_tb_time_synth/webtalk/usage_statistics_ext_xsim.xml' has been successfully sent to Xilinx on Thu Nov 30 13:12:35 2017. For additional details about this file, please refer to the WebTalk help file at E:/Xilinx/Vivado/2017.3/doc/webtalk_introduction.html.
webtalk_transmit: Time (s): cpu = 00:00:00 ; elapsed = 00:00:05 . Memory (MB): peak = 52.707 ; gain = 0.934
INFO: [Common 17-206] Exiting Webtalk at Thu Nov 30 13:12:35 2017...
run_program: Time (s): cpu = 00:00:01 ; elapsed = 00:00:09 . Memory (MB): peak = 1602.156 ; gain = 0.000
INFO: [USF-XSim-69] 'elaborate' step finished in '9' seconds
INFO: [USF-XSim-4] XSim::Simulate design
INFO: [USF-XSim-61] Executing 'SIMULATE' step in 'E:/XilinxProjects/YaoPad/YaoPad/YaoPad.sim/sim_1/synth/timing/xsim'
INFO: [USF-XSim-98] *** Running xsim
   with args "openmips_min_sopc_tb_time_synth -key {Post-Synthesis:sim_1:Timing:openmips_min_sopc_tb} -tclbatch {openmips_min_sopc_tb.tcl} -view {E:/XilinxProjects/YaoPad/YaoPad/openmips_min_sopc_tb_behav.wcfg} -log {simulate.log}"
INFO: [USF-XSim-8] Loading simulator feature
Vivado Simulator 2017.3
Time resolution is 1 ps
open_wave_config E:/XilinxProjects/YaoPad/YaoPad/openmips_min_sopc_tb_behav.wcfg
source openmips_min_sopc_tb.tcl
# set curr_wave [current_wave_config]
# if { [string length $curr_wave] == 0 } {
#   if { [llength [get_objects]] > 0} {
#     add_wave /
#     set_property needs_save false [current_wave_config]
#   } else {
#      send_msg_id Add_Wave-1 WARNING "No top level signals found. Simulator will start without a wave window. If you want to open a wave window go to 'File->New Waveform Configuration' or type 'create_wave_config' in the TCL console."
#   }
# }
# run 1000ns
INFO: [USF-XSim-96] XSim completed. Design snapshot 'openmips_min_sopc_tb_time_synth' loaded.
INFO: [USF-XSim-97] XSim simulation ran for 1000ns
launch_simulation: Time (s): cpu = 00:00:51 ; elapsed = 00:00:39 . Memory (MB): peak = 1633.184 ; gain = 816.543
launch_runs impl_1 -to_step write_bitstream -jobs 2
Writing placer database...
Writing XDEF routing.
Writing XDEF routing logical nets.
Writing XDEF routing special nets.
Write XDEF Complete: Time (s): cpu = 00:00:00 ; elapsed = 00:00:00.115 . Memory (MB): peak = 1677.105 ; gain = 0.000
[Thu Nov 30 13:13:35 2017] Launched impl_1...
Run output will be captured here: E:/XilinxProjects/YaoPad/YaoPad/YaoPad.runs/impl_1/runme.log
open_run impl_1
INFO: [Netlist 29-17] Analyzing 7 Unisim elements for replacement
INFO: [Netlist 29-28] Unisim Transformation completed in 0 CPU seconds
INFO: [Project 1-479] Netlist was created with Vivado 2017.3
INFO: [Project 1-570] Preparing netlist for logic optimization
Parsing XDC File [E:/XilinxProjects/YaoPad/YaoPad/.Xil/Vivado-1620-DESKTOP-N2UMQR8/dcp4/openmips_min_sopc.xdc]
Finished Parsing XDC File [E:/XilinxProjects/YaoPad/YaoPad/.Xil/Vivado-1620-DESKTOP-N2UMQR8/dcp4/openmips_min_sopc.xdc]
Reading XDEF placement.
Reading placer database...
Reading XDEF routing.
Read XDEF File: Time (s): cpu = 00:00:00 ; elapsed = 00:00:00.041 . Memory (MB): peak = 1728.605 ; gain = 0.000
Restored from archive | CPU: 0.000000 secs | Memory: 0.000000 MB |
Finished XDEF File Restore: Time (s): cpu = 00:00:00 ; elapsed = 00:00:00.041 . Memory (MB): peak = 1728.605 ; gain = 0.000
INFO: [Project 1-111] Unisim Transformation Summary:
  A total of 1 instances were transformed.
  RAM32M => RAM32M (RAMD32, RAMD32, RAMD32, RAMD32, RAMD32, RAMD32, RAMS32, RAMS32): 1 instances

reorder_files -fileset constrs_1 -after E:/XilinxProjects/YaoPad/YaoPad/YaoPad.srcs/constrs_1/new/thinpad_top.xdc E:/XilinxProjects/YaoPad/YaoPad/YaoPad.srcs/constrs_1/new/thinpad_top.xdc
reset_run synth_1
WARNING: [Vivado 12-1017] Problems encountered:
1. Failed to delete one or more files in run directory E:/XilinxProjects/YaoPad/YaoPad/YaoPad.runs/synth_1

launch_runs impl_1 -jobs 2
WARNING: [Project 1-478] Design 'synth_1' is stale and will not be used when launching 'impl_1'
[Thu Nov 30 13:20:27 2017] Launched synth_1...
Run output will be captured here: E:/XilinxProjects/YaoPad/YaoPad/YaoPad.runs/synth_1/runme.log
[Thu Nov 30 13:20:27 2017] Launched impl_1...
Run output will be captured here: E:/XilinxProjects/YaoPad/YaoPad/YaoPad.runs/impl_1/runme.log
launch_runs impl_1 -to_step write_bitstream -jobs 2
[Thu Nov 30 13:22:24 2017] Launched impl_1...
Run output will be captured here: E:/XilinxProjects/YaoPad/YaoPad/YaoPad.runs/impl_1/runme.log
reset_run synth_1
WARNING: [Vivado 12-1017] Problems encountered:
1. Failed to delete one or more files in run directory E:/XilinxProjects/YaoPad/YaoPad/YaoPad.runs/synth_1

launch_runs impl_1 -to_step write_bitstream -jobs 2
WARNING: [Project 1-478] Design 'synth_1' is stale and will not be used when launching 'impl_1'
[Thu Nov 30 13:25:06 2017] Launched synth_1...
Run output will be captured here: E:/XilinxProjects/YaoPad/YaoPad/YaoPad.runs/synth_1/runme.log
[Thu Nov 30 13:25:06 2017] Launched impl_1...
Run output will be captured here: E:/XilinxProjects/YaoPad/YaoPad/YaoPad.runs/impl_1/runme.log
reset_run synth_1
WARNING: [Vivado 12-1017] Problems encountered:
1. Failed to delete one or more files in run directory E:/XilinxProjects/YaoPad/YaoPad/YaoPad.runs/synth_1

launch_runs impl_1 -jobs 2
WARNING: [Project 1-478] Design 'synth_1' is stale and will not be used when launching 'impl_1'
[Thu Nov 30 13:30:33 2017] Launched synth_1...
Run output will be captured here: E:/XilinxProjects/YaoPad/YaoPad/YaoPad.runs/synth_1/runme.log
[Thu Nov 30 13:30:33 2017] Launched impl_1...
Run output will be captured here: E:/XilinxProjects/YaoPad/YaoPad/YaoPad.runs/impl_1/runme.log
launch_runs impl_1 -to_step write_bitstream -jobs 2
[Thu Nov 30 13:33:09 2017] Launched impl_1...
Run output will be captured here: E:/XilinxProjects/YaoPad/YaoPad/YaoPad.runs/impl_1/runme.log
reset_run synth_1
WARNING: [Vivado 12-1017] Problems encountered:
1. Failed to delete one or more files in run directory E:/XilinxProjects/YaoPad/YaoPad/YaoPad.runs/synth_1

launch_runs impl_1 -jobs 2
WARNING: [Project 1-478] Design 'synth_1' is stale and will not be used when launching 'impl_1'
[Thu Nov 30 13:41:47 2017] Launched synth_1...
Run output will be captured here: E:/XilinxProjects/YaoPad/YaoPad/YaoPad.runs/synth_1/runme.log
[Thu Nov 30 13:41:48 2017] Launched impl_1...
Run output will be captured here: E:/XilinxProjects/YaoPad/YaoPad/YaoPad.runs/impl_1/runme.log
reset_run impl_1
launch_runs impl_1 -jobs 2
WARNING: [Project 1-478] Design 'synth_1' is stale and will not be used when launching 'impl_1'
[Thu Nov 30 13:46:35 2017] Launched impl_1...
Run output will be captured here: E:/XilinxProjects/YaoPad/YaoPad/YaoPad.runs/impl_1/runme.log
reset_run synth_1
WARNING: [Vivado 12-1017] Problems encountered:
1. Failed to delete one or more files in run directory E:/XilinxProjects/YaoPad/YaoPad/YaoPad.runs/synth_1

launch_runs synth_1 -jobs 2
WARNING: [filemgmt 20-1318] Duplicate Design Unit 'cp0()' found in library 'xil_defaultlib'
	(Active) Duplicate found at line 23 of file E:/XilinxProjects/YaoPad/YaoPad/YaoPad.srcs/sources_1/cpu/cp0.v
Duplicate found at line 23 of file E:/XilinxProjects/YaoPad/YaoPad/YaoPad.srcs/sources_1/cpu/cpu.v
Duplicate found at line 23 of file E:/XilinxProjects/YaoPad/YaoPad/YaoPad.srcs/sources_1/cpu/openmips_min_sopc.v
WARNING: [filemgmt 20-1318] Duplicate Design Unit 'pc_rom()' found in library 'xil_defaultlib'
Duplicate found at line 23 of file E:/XilinxProjects/YaoPad/YaoPad/YaoPad.srcs/sources_1/cpu/cpu.v
Duplicate found at line 23 of file E:/XilinxProjects/YaoPad/YaoPad/YaoPad.srcs/sources_1/cpu/openmips_min_sopc.v
	(Active) Duplicate found at line 23 of file E:/XilinxProjects/YaoPad/YaoPad/YaoPad.srcs/sources_1/cpu/pc.v
WARNING: [filemgmt 20-1318] Duplicate Design Unit 'if_id()' found in library 'xil_defaultlib'
Duplicate found at line 23 of file E:/XilinxProjects/YaoPad/YaoPad/YaoPad.srcs/sources_1/cpu/cpu.v
	(Active) Duplicate found at line 23 of file E:/XilinxProjects/YaoPad/YaoPad/YaoPad.srcs/sources_1/cpu/if_id.v
Duplicate found at line 23 of file E:/XilinxProjects/YaoPad/YaoPad/YaoPad.srcs/sources_1/cpu/openmips_min_sopc.v
WARNING: [filemgmt 20-1318] Duplicate Design Unit 'id()' found in library 'xil_defaultlib'
Duplicate found at line 23 of file E:/XilinxProjects/YaoPad/YaoPad/YaoPad.srcs/sources_1/cpu/cpu.v
	(Active) Duplicate found at line 23 of file E:/XilinxProjects/YaoPad/YaoPad/YaoPad.srcs/sources_1/cpu/id.v
Duplicate found at line 23 of file E:/XilinxProjects/YaoPad/YaoPad/YaoPad.srcs/sources_1/cpu/openmips_min_sopc.v
WARNING: [filemgmt 20-1318] Duplicate Design Unit 'regfile()' found in library 'xil_defaultlib'
Duplicate found at line 23 of file E:/XilinxProjects/YaoPad/YaoPad/YaoPad.srcs/sources_1/cpu/cpu.v
Duplicate found at line 23 of file E:/XilinxProjects/YaoPad/YaoPad/YaoPad.srcs/sources_1/cpu/openmips_min_sopc.v
	(Active) Duplicate found at line 23 of file E:/XilinxProjects/YaoPad/YaoPad/YaoPad.srcs/sources_1/cpu/regfile.v
WARNING: [filemgmt 20-1318] Duplicate Design Unit 'id_ex()' found in library 'xil_defaultlib'
Duplicate found at line 23 of file E:/XilinxProjects/YaoPad/YaoPad/YaoPad.srcs/sources_1/cpu/cpu.v
	(Active) Duplicate found at line 23 of file E:/XilinxProjects/YaoPad/YaoPad/YaoPad.srcs/sources_1/cpu/id_ex.v
Duplicate found at line 23 of file E:/XilinxProjects/YaoPad/YaoPad/YaoPad.srcs/sources_1/cpu/openmips_min_sopc.v
WARNING: [filemgmt 20-1318] Duplicate Design Unit 'ex()' found in library 'xil_defaultlib'
Duplicate found at line 23 of file E:/XilinxProjects/YaoPad/YaoPad/YaoPad.srcs/sources_1/cpu/cpu.v
	(Active) Duplicate found at line 23 of file E:/XilinxProjects/YaoPad/YaoPad/YaoPad.srcs/sources_1/cpu/ex.v
Duplicate found at line 23 of file E:/XilinxProjects/YaoPad/YaoPad/YaoPad.srcs/sources_1/cpu/openmips_min_sopc.v
WARNING: [filemgmt 20-1318] Duplicate Design Unit 'ex_mem()' found in library 'xil_defaultlib'
Duplicate found at line 43 of file E:/XilinxProjects/YaoPad/YaoPad/YaoPad.srcs/sources_1/cpu/cpu.v
	(Active) Duplicate found at line 43 of file E:/XilinxProjects/YaoPad/YaoPad/YaoPad.srcs/sources_1/cpu/ex_mem.v
Duplicate found at line 43 of file E:/XilinxProjects/YaoPad/YaoPad/YaoPad.srcs/sources_1/cpu/openmips_min_sopc.v
WARNING: [filemgmt 20-1318] Duplicate Design Unit 'mem()' found in library 'xil_defaultlib'
Duplicate found at line 23 of file E:/XilinxProjects/YaoPad/YaoPad/YaoPad.srcs/sources_1/cpu/cpu.v
	(Active) Duplicate found at line 23 of file E:/XilinxProjects/YaoPad/YaoPad/YaoPad.srcs/sources_1/cpu/mem.v
Duplicate found at line 23 of file E:/XilinxProjects/YaoPad/YaoPad/YaoPad.srcs/sources_1/cpu/openmips_min_sopc.v
WARNING: [filemgmt 20-1318] Duplicate Design Unit 'mem_wb()' found in library 'xil_defaultlib'
Duplicate found at line 23 of file E:/XilinxProjects/YaoPad/YaoPad/YaoPad.srcs/sources_1/cpu/cpu.v
	(Active) Duplicate found at line 23 of file E:/XilinxProjects/YaoPad/YaoPad/YaoPad.srcs/sources_1/cpu/mem_wb.v
Duplicate found at line 23 of file E:/XilinxProjects/YaoPad/YaoPad/YaoPad.srcs/sources_1/cpu/openmips_min_sopc.v
WARNING: [filemgmt 20-1318] Duplicate Design Unit 'hilo()' found in library 'xil_defaultlib'
Duplicate found at line 23 of file E:/XilinxProjects/YaoPad/YaoPad/YaoPad.srcs/sources_1/cpu/cpu.v
	(Active) Duplicate found at line 23 of file E:/XilinxProjects/YaoPad/YaoPad/YaoPad.srcs/sources_1/cpu/hilo.v
Duplicate found at line 23 of file E:/XilinxProjects/YaoPad/YaoPad/YaoPad.srcs/sources_1/cpu/openmips_min_sopc.v
WARNING: [filemgmt 20-1318] Duplicate Design Unit 'ctrl()' found in library 'xil_defaultlib'
Duplicate found at line 23 of file E:/XilinxProjects/YaoPad/YaoPad/YaoPad.srcs/sources_1/cpu/cpu.v
	(Active) Duplicate found at line 23 of file E:/XilinxProjects/YaoPad/YaoPad/YaoPad.srcs/sources_1/cpu/ctrl.v
Duplicate found at line 23 of file E:/XilinxProjects/YaoPad/YaoPad/YaoPad.srcs/sources_1/cpu/openmips_min_sopc.v
WARNING: [filemgmt 20-1318] Duplicate Design Unit 'div()' found in library 'xil_defaultlib'
Duplicate found at line 23 of file E:/XilinxProjects/YaoPad/YaoPad/YaoPad.srcs/sources_1/cpu/cpu.v
	(Active) Duplicate found at line 23 of file E:/XilinxProjects/YaoPad/YaoPad/YaoPad.srcs/sources_1/cpu/div.v
Duplicate found at line 23 of file E:/XilinxProjects/YaoPad/YaoPad/YaoPad.srcs/sources_1/cpu/openmips_min_sopc.v
WARNING: [filemgmt 20-1318] Duplicate Design Unit 'cpu()' found in library 'xil_defaultlib'
	(Active) Duplicate found at line 36 of file E:/XilinxProjects/YaoPad/YaoPad/YaoPad.srcs/sources_1/cpu/cpu.v
Duplicate found at line 36 of file E:/XilinxProjects/YaoPad/YaoPad/YaoPad.srcs/sources_1/cpu/openmips_min_sopc.v
WARNING: [filemgmt 20-1318] Duplicate Design Unit 'data_ram()' found in library 'xil_defaultlib'
	(Active) Duplicate found at line 4 of file E:/XilinxProjects/YaoPad/YaoPad/YaoPad.srcs/sources_1/cpu/data_ram.v
Duplicate found at line 4 of file E:/XilinxProjects/YaoPad/YaoPad/YaoPad.srcs/sources_1/cpu/openmips_min_sopc.v
WARNING: [filemgmt 20-1318] Duplicate Design Unit 'inst_rom()' found in library 'xil_defaultlib'
	(Active) Duplicate found at line 35 of file E:/XilinxProjects/YaoPad/YaoPad/YaoPad.srcs/sources_1/cpu/inst_rom.v
Duplicate found at line 35 of file E:/XilinxProjects/YaoPad/YaoPad/YaoPad.srcs/sources_1/cpu/openmips_min_sopc.v
[Thu Nov 30 13:50:44 2017] Launched synth_1...
Run output will be captured here: E:/XilinxProjects/YaoPad/YaoPad/YaoPad.runs/synth_1/runme.log
launch_runs impl_1 -jobs 2
WARNING: [Project 1-478] Design 'synth_1' is stale and will not be used when launching 'impl_1'
[Thu Nov 30 13:52:00 2017] Launched impl_1...
Run output will be captured here: E:/XilinxProjects/YaoPad/YaoPad/YaoPad.runs/impl_1/runme.log
set_property STEPS.OPT_DESIGN.IS_ENABLED true [get_runs impl_1]
WARNING: [filemgmt 56-199] Attempt to get parsing info during refresh. "On-the-fly" syntax checking information may be incorrect. [E:/XilinxProjects/YaoPad/YaoPad/YaoPad.srcs/sources_1/cpu/openmips_min_sopc.v:]
WARNING: [filemgmt 56-199] Attempt to get parsing info during refresh. "On-the-fly" syntax checking information may be incorrect. [E:/XilinxProjects/YaoPad/YaoPad/YaoPad.srcs/sources_1/cpu/ex_mem.v:]
WARNING: [filemgmt 56-199] Attempt to get parsing info during refresh. "On-the-fly" syntax checking information may be incorrect. [E:/XilinxProjects/YaoPad/YaoPad/YaoPad.srcs/sources_1/cpu/id.v:]
WARNING: [filemgmt 56-199] Attempt to get parsing info during refresh. "On-the-fly" syntax checking information may be incorrect. [E:/XilinxProjects/YaoPad/YaoPad/YaoPad.srcs/sources_1/cpu/div.v:]
WARNING: [filemgmt 56-199] Attempt to get parsing info during refresh. "On-the-fly" syntax checking information may be incorrect. [E:/XilinxProjects/YaoPad/YaoPad/YaoPad.srcs/sources_1/cpu/mem.v:]
WARNING: [filemgmt 56-199] Attempt to get parsing info during refresh. "On-the-fly" syntax checking information may be incorrect. [E:/XilinxProjects/YaoPad/YaoPad/YaoPad.srcs/sources_1/cpu/id_ex.v:]
WARNING: [filemgmt 56-199] Attempt to get parsing info during refresh. "On-the-fly" syntax checking information may be incorrect. [E:/XilinxProjects/YaoPad/YaoPad/YaoPad.srcs/sources_1/cpu/ctrl.v:]
WARNING: [filemgmt 56-199] Attempt to get parsing info during refresh. "On-the-fly" syntax checking information may be incorrect. [E:/XilinxProjects/YaoPad/YaoPad/YaoPad.srcs/sources_1/cpu/data_ram.v:]
WARNING: [filemgmt 56-199] Attempt to get parsing info during refresh. "On-the-fly" syntax checking information may be incorrect. [E:/XilinxProjects/YaoPad/YaoPad/YaoPad.srcs/sources_1/cpu/pc.v:]
WARNING: [filemgmt 56-199] Attempt to get parsing info during refresh. "On-the-fly" syntax checking information may be incorrect. [E:/XilinxProjects/YaoPad/YaoPad/YaoPad.srcs/sources_1/cpu/cpu.v:]
WARNING: [filemgmt 56-199] Attempt to get parsing info during refresh. "On-the-fly" syntax checking information may be incorrect. [E:/XilinxProjects/YaoPad/YaoPad/YaoPad.srcs/sources_1/cpu/openmips_min_sopc_tb.v:]
WARNING: [filemgmt 56-199] Attempt to get parsing info during refresh. "On-the-fly" syntax checking information may be incorrect. [E:/XilinxProjects/YaoPad/YaoPad/YaoPad.srcs/sources_1/cpu/inst_rom.v:]
WARNING: [filemgmt 56-199] Attempt to get parsing info during refresh. "On-the-fly" syntax checking information may be incorrect. [E:/XilinxProjects/YaoPad/YaoPad/YaoPad.srcs/sources_1/cpu/if_id.v:]
WARNING: [filemgmt 56-199] Attempt to get parsing info during refresh. "On-the-fly" syntax checking information may be incorrect. [E:/XilinxProjects/YaoPad/YaoPad/YaoPad.srcs/sources_1/cpu/openmips_min_sopc.v:]
WARNING: [filemgmt 56-199] Attempt to get parsing info during refresh. "On-the-fly" syntax checking information may be incorrect. [E:/XilinxProjects/YaoPad/YaoPad/YaoPad.srcs/sources_1/cpu/ex_mem.v:]
WARNING: [filemgmt 56-199] Attempt to get parsing info during refresh. "On-the-fly" syntax checking information may be incorrect. [E:/XilinxProjects/YaoPad/YaoPad/YaoPad.srcs/sources_1/cpu/id.v:]
WARNING: [filemgmt 56-199] Attempt to get parsing info during refresh. "On-the-fly" syntax checking information may be incorrect. [E:/XilinxProjects/YaoPad/YaoPad/YaoPad.srcs/sources_1/cpu/div.v:]
WARNING: [filemgmt 56-199] Attempt to get parsing info during refresh. "On-the-fly" syntax checking information may be incorrect. [E:/XilinxProjects/YaoPad/YaoPad/YaoPad.srcs/sources_1/cpu/mem.v:]
WARNING: [filemgmt 56-199] Attempt to get parsing info during refresh. "On-the-fly" syntax checking information may be incorrect. [E:/XilinxProjects/YaoPad/YaoPad/YaoPad.srcs/sources_1/cpu/id_ex.v:]
WARNING: [filemgmt 56-199] Attempt to get parsing info during refresh. "On-the-fly" syntax checking information may be incorrect. [E:/XilinxProjects/YaoPad/YaoPad/YaoPad.srcs/sources_1/cpu/ctrl.v:]
WARNING: [filemgmt 56-199] Attempt to get parsing info during refresh. "On-the-fly" syntax checking information may be incorrect. [E:/XilinxProjects/YaoPad/YaoPad/YaoPad.srcs/sources_1/cpu/data_ram.v:]
WARNING: [filemgmt 56-199] Attempt to get parsing info during refresh. "On-the-fly" syntax checking information may be incorrect. [E:/XilinxProjects/YaoPad/YaoPad/YaoPad.srcs/sources_1/cpu/pc.v:]
WARNING: [filemgmt 56-199] Attempt to get parsing info during refresh. "On-the-fly" syntax checking information may be incorrect. [E:/XilinxProjects/YaoPad/YaoPad/YaoPad.srcs/sources_1/cpu/cpu.v:]
WARNING: [filemgmt 56-199] Attempt to get parsing info during refresh. "On-the-fly" syntax checking information may be incorrect. [E:/XilinxProjects/YaoPad/YaoPad/YaoPad.srcs/sources_1/cpu/openmips_min_sopc_tb.v:]
WARNING: [filemgmt 56-199] Attempt to get parsing info during refresh. "On-the-fly" syntax checking information may be incorrect. [E:/XilinxProjects/YaoPad/YaoPad/YaoPad.srcs/sources_1/cpu/inst_rom.v:]
WARNING: [filemgmt 56-199] Attempt to get parsing info during refresh. "On-the-fly" syntax checking information may be incorrect. [E:/XilinxProjects/YaoPad/YaoPad/YaoPad.srcs/sources_1/cpu/if_id.v:]
WARNING: [filemgmt 56-199] Attempt to get parsing info during refresh. "On-the-fly" syntax checking information may be incorrect. [E:/XilinxProjects/YaoPad/YaoPad/YaoPad.srcs/sources_1/cpu/openmips_min_sopc.v:]
WARNING: [filemgmt 56-199] Attempt to get parsing info during refresh. "On-the-fly" syntax checking information may be incorrect. [E:/XilinxProjects/YaoPad/YaoPad/YaoPad.srcs/sources_1/cpu/ex_mem.v:]
WARNING: [filemgmt 56-199] Attempt to get parsing info during refresh. "On-the-fly" syntax checking information may be incorrect. [E:/XilinxProjects/YaoPad/YaoPad/YaoPad.srcs/sources_1/cpu/id.v:]
WARNING: [filemgmt 56-199] Attempt to get parsing info during refresh. "On-the-fly" syntax checking information may be incorrect. [E:/XilinxProjects/YaoPad/YaoPad/YaoPad.srcs/sources_1/cpu/div.v:]
WARNING: [filemgmt 56-199] Attempt to get parsing info during refresh. "On-the-fly" syntax checking information may be incorrect. [E:/XilinxProjects/YaoPad/YaoPad/YaoPad.srcs/sources_1/cpu/mem.v:]
WARNING: [filemgmt 56-199] Attempt to get parsing info during refresh. "On-the-fly" syntax checking information may be incorrect. [E:/XilinxProjects/YaoPad/YaoPad/YaoPad.srcs/sources_1/cpu/id_ex.v:]
WARNING: [filemgmt 56-199] Attempt to get parsing info during refresh. "On-the-fly" syntax checking information may be incorrect. [E:/XilinxProjects/YaoPad/YaoPad/YaoPad.srcs/sources_1/cpu/ctrl.v:]
WARNING: [filemgmt 56-199] Attempt to get parsing info during refresh. "On-the-fly" syntax checking information may be incorrect. [E:/XilinxProjects/YaoPad/YaoPad/YaoPad.srcs/sources_1/cpu/data_ram.v:]
WARNING: [filemgmt 56-199] Attempt to get parsing info during refresh. "On-the-fly" syntax checking information may be incorrect. [E:/XilinxProjects/YaoPad/YaoPad/YaoPad.srcs/sources_1/cpu/pc.v:]
WARNING: [filemgmt 56-199] Attempt to get parsing info during refresh. "On-the-fly" syntax checking information may be incorrect. [E:/XilinxProjects/YaoPad/YaoPad/YaoPad.srcs/sources_1/cpu/cpu.v:]
WARNING: [filemgmt 56-199] Attempt to get parsing info during refresh. "On-the-fly" syntax checking information may be incorrect. [E:/XilinxProjects/YaoPad/YaoPad/YaoPad.srcs/sources_1/cpu/openmips_min_sopc_tb.v:]
WARNING: [filemgmt 56-199] Attempt to get parsing info during refresh. "On-the-fly" syntax checking information may be incorrect. [E:/XilinxProjects/YaoPad/YaoPad/YaoPad.srcs/sources_1/cpu/inst_rom.v:]
WARNING: [filemgmt 56-199] Attempt to get parsing info during refresh. "On-the-fly" syntax checking information may be incorrect. [E:/XilinxProjects/YaoPad/YaoPad/YaoPad.srcs/sources_1/cpu/if_id.v:]
WARNING: [filemgmt 56-199] Attempt to get parsing info during refresh. "On-the-fly" syntax checking information may be incorrect. [E:/XilinxProjects/YaoPad/YaoPad/YaoPad.srcs/sources_1/cpu/openmips_min_sopc.v:]
WARNING: [filemgmt 56-199] Attempt to get parsing info during refresh. "On-the-fly" syntax checking information may be incorrect. [E:/XilinxProjects/YaoPad/YaoPad/YaoPad.srcs/sources_1/cpu/ex_mem.v:]
WARNING: [filemgmt 56-199] Attempt to get parsing info during refresh. "On-the-fly" syntax checking information may be incorrect. [E:/XilinxProjects/YaoPad/YaoPad/YaoPad.srcs/sources_1/cpu/id.v:]
WARNING: [filemgmt 56-199] Attempt to get parsing info during refresh. "On-the-fly" syntax checking information may be incorrect. [E:/XilinxProjects/YaoPad/YaoPad/YaoPad.srcs/sources_1/cpu/div.v:]
WARNING: [filemgmt 56-199] Attempt to get parsing info during refresh. "On-the-fly" syntax checking information may be incorrect. [E:/XilinxProjects/YaoPad/YaoPad/YaoPad.srcs/sources_1/cpu/mem.v:]
WARNING: [filemgmt 56-199] Attempt to get parsing info during refresh. "On-the-fly" syntax checking information may be incorrect. [E:/XilinxProjects/YaoPad/YaoPad/YaoPad.srcs/sources_1/cpu/id_ex.v:]
WARNING: [filemgmt 56-199] Attempt to get parsing info during refresh. "On-the-fly" syntax checking information may be incorrect. [E:/XilinxProjects/YaoPad/YaoPad/YaoPad.srcs/sources_1/cpu/ctrl.v:]
WARNING: [filemgmt 56-199] Attempt to get parsing info during refresh. "On-the-fly" syntax checking information may be incorrect. [E:/XilinxProjects/YaoPad/YaoPad/YaoPad.srcs/sources_1/cpu/data_ram.v:]
WARNING: [filemgmt 56-199] Attempt to get parsing info during refresh. "On-the-fly" syntax checking information may be incorrect. [E:/XilinxProjects/YaoPad/YaoPad/YaoPad.srcs/sources_1/cpu/pc.v:]
WARNING: [filemgmt 56-199] Attempt to get parsing info during refresh. "On-the-fly" syntax checking information may be incorrect. [E:/XilinxProjects/YaoPad/YaoPad/YaoPad.srcs/sources_1/cpu/cpu.v:]
WARNING: [filemgmt 56-199] Attempt to get parsing info during refresh. "On-the-fly" syntax checking information may be incorrect. [E:/XilinxProjects/YaoPad/YaoPad/YaoPad.srcs/sources_1/cpu/openmips_min_sopc_tb.v:]
WARNING: [filemgmt 56-199] Attempt to get parsing info during refresh. "On-the-fly" syntax checking information may be incorrect. [E:/XilinxProjects/YaoPad/YaoPad/YaoPad.srcs/sources_1/cpu/inst_rom.v:]
WARNING: [filemgmt 56-199] Attempt to get parsing info during refresh. "On-the-fly" syntax checking information may be incorrect. [E:/XilinxProjects/YaoPad/YaoPad/YaoPad.srcs/sources_1/cpu/if_id.v:]
WARNING: [filemgmt 56-199] Attempt to get parsing info during refresh. "On-the-fly" syntax checking information may be incorrect. [E:/XilinxProjects/YaoPad/YaoPad/YaoPad.srcs/sources_1/cpu/openmips_min_sopc.v:]
WARNING: [filemgmt 56-199] Attempt to get parsing info during refresh. "On-the-fly" syntax checking information may be incorrect. [E:/XilinxProjects/YaoPad/YaoPad/YaoPad.srcs/sources_1/cpu/ex_mem.v:]
WARNING: [filemgmt 56-199] Attempt to get parsing info during refresh. "On-the-fly" syntax checking information may be incorrect. [E:/XilinxProjects/YaoPad/YaoPad/YaoPad.srcs/sources_1/cpu/id.v:]
WARNING: [filemgmt 56-199] Attempt to get parsing info during refresh. "On-the-fly" syntax checking information may be incorrect. [E:/XilinxProjects/YaoPad/YaoPad/YaoPad.srcs/sources_1/cpu/div.v:]
WARNING: [filemgmt 56-199] Attempt to get parsing info during refresh. "On-the-fly" syntax checking information may be incorrect. [E:/XilinxProjects/YaoPad/YaoPad/YaoPad.srcs/sources_1/cpu/mem.v:]
WARNING: [filemgmt 56-199] Attempt to get parsing info during refresh. "On-the-fly" syntax checking information may be incorrect. [E:/XilinxProjects/YaoPad/YaoPad/YaoPad.srcs/sources_1/cpu/id_ex.v:]
WARNING: [filemgmt 56-199] Attempt to get parsing info during refresh. "On-the-fly" syntax checking information may be incorrect. [E:/XilinxProjects/YaoPad/YaoPad/YaoPad.srcs/sources_1/cpu/ctrl.v:]
WARNING: [filemgmt 56-199] Attempt to get parsing info during refresh. "On-the-fly" syntax checking information may be incorrect. [E:/XilinxProjects/YaoPad/YaoPad/YaoPad.srcs/sources_1/cpu/data_ram.v:]
WARNING: [filemgmt 56-199] Attempt to get parsing info during refresh. "On-the-fly" syntax checking information may be incorrect. [E:/XilinxProjects/YaoPad/YaoPad/YaoPad.srcs/sources_1/cpu/pc.v:]
WARNING: [filemgmt 56-199] Attempt to get parsing info during refresh. "On-the-fly" syntax checking information may be incorrect. [E:/XilinxProjects/YaoPad/YaoPad/YaoPad.srcs/sources_1/cpu/cpu.v:]
WARNING: [filemgmt 56-199] Attempt to get parsing info during refresh. "On-the-fly" syntax checking information may be incorrect. [E:/XilinxProjects/YaoPad/YaoPad/YaoPad.srcs/sources_1/cpu/openmips_min_sopc_tb.v:]
WARNING: [filemgmt 56-199] Attempt to get parsing info during refresh. "On-the-fly" syntax checking information may be incorrect. [E:/XilinxProjects/YaoPad/YaoPad/YaoPad.srcs/sources_1/cpu/inst_rom.v:]
WARNING: [filemgmt 56-199] Attempt to get parsing info during refresh. "On-the-fly" syntax checking information may be incorrect. [E:/XilinxProjects/YaoPad/YaoPad/YaoPad.srcs/sources_1/cpu/if_id.v:]
WARNING: [filemgmt 56-199] Attempt to get parsing info during refresh. "On-the-fly" syntax checking information may be incorrect. [E:/XilinxProjects/YaoPad/YaoPad/YaoPad.srcs/sources_1/cpu/openmips_min_sopc.v:]
WARNING: [filemgmt 56-199] Attempt to get parsing info during refresh. "On-the-fly" syntax checking information may be incorrect. [E:/XilinxProjects/YaoPad/YaoPad/YaoPad.srcs/sources_1/cpu/ex_mem.v:]
WARNING: [filemgmt 56-199] Attempt to get parsing info during refresh. "On-the-fly" syntax checking information may be incorrect. [E:/XilinxProjects/YaoPad/YaoPad/YaoPad.srcs/sources_1/cpu/id.v:]
WARNING: [filemgmt 56-199] Attempt to get parsing info during refresh. "On-the-fly" syntax checking information may be incorrect. [E:/XilinxProjects/YaoPad/YaoPad/YaoPad.srcs/sources_1/cpu/div.v:]
WARNING: [filemgmt 56-199] Attempt to get parsing info during refresh. "On-the-fly" syntax checking information may be incorrect. [E:/XilinxProjects/YaoPad/YaoPad/YaoPad.srcs/sources_1/cpu/mem.v:]
WARNING: [filemgmt 56-199] Attempt to get parsing info during refresh. "On-the-fly" syntax checking information may be incorrect. [E:/XilinxProjects/YaoPad/YaoPad/YaoPad.srcs/sources_1/cpu/id_ex.v:]
WARNING: [filemgmt 56-199] Attempt to get parsing info during refresh. "On-the-fly" syntax checking information may be incorrect. [E:/XilinxProjects/YaoPad/YaoPad/YaoPad.srcs/sources_1/cpu/ctrl.v:]
WARNING: [filemgmt 56-199] Attempt to get parsing info during refresh. "On-the-fly" syntax checking information may be incorrect. [E:/XilinxProjects/YaoPad/YaoPad/YaoPad.srcs/sources_1/cpu/data_ram.v:]
WARNING: [filemgmt 56-199] Attempt to get parsing info during refresh. "On-the-fly" syntax checking information may be incorrect. [E:/XilinxProjects/YaoPad/YaoPad/YaoPad.srcs/sources_1/cpu/pc.v:]
WARNING: [filemgmt 56-199] Attempt to get parsing info during refresh. "On-the-fly" syntax checking information may be incorrect. [E:/XilinxProjects/YaoPad/YaoPad/YaoPad.srcs/sources_1/cpu/cpu.v:]
WARNING: [filemgmt 56-199] Attempt to get parsing info during refresh. "On-the-fly" syntax checking information may be incorrect. [E:/XilinxProjects/YaoPad/YaoPad/YaoPad.srcs/sources_1/cpu/openmips_min_sopc_tb.v:]
WARNING: [filemgmt 56-199] Attempt to get parsing info during refresh. "On-the-fly" syntax checking information may be incorrect. [E:/XilinxProjects/YaoPad/YaoPad/YaoPad.srcs/sources_1/cpu/inst_rom.v:]
WARNING: [filemgmt 56-199] Attempt to get parsing info during refresh. "On-the-fly" syntax checking information may be incorrect. [E:/XilinxProjects/YaoPad/YaoPad/YaoPad.srcs/sources_1/cpu/if_id.v:]
WARNING: [filemgmt 56-199] Attempt to get parsing info during refresh. "On-the-fly" syntax checking information may be incorrect. [E:/XilinxProjects/YaoPad/YaoPad/YaoPad.srcs/sources_1/cpu/openmips_min_sopc.v:]
WARNING: [filemgmt 56-199] Attempt to get parsing info during refresh. "On-the-fly" syntax checking information may be incorrect. [E:/XilinxProjects/YaoPad/YaoPad/YaoPad.srcs/sources_1/cpu/ex_mem.v:]
WARNING: [filemgmt 56-199] Attempt to get parsing info during refresh. "On-the-fly" syntax checking information may be incorrect. [E:/XilinxProjects/YaoPad/YaoPad/YaoPad.srcs/sources_1/cpu/id.v:]
WARNING: [filemgmt 56-199] Attempt to get parsing info during refresh. "On-the-fly" syntax checking information may be incorrect. [E:/XilinxProjects/YaoPad/YaoPad/YaoPad.srcs/sources_1/cpu/div.v:]
WARNING: [filemgmt 56-199] Attempt to get parsing info during refresh. "On-the-fly" syntax checking information may be incorrect. [E:/XilinxProjects/YaoPad/YaoPad/YaoPad.srcs/sources_1/cpu/mem.v:]
WARNING: [filemgmt 56-199] Attempt to get parsing info during refresh. "On-the-fly" syntax checking information may be incorrect. [E:/XilinxProjects/YaoPad/YaoPad/YaoPad.srcs/sources_1/cpu/id_ex.v:]
WARNING: [filemgmt 56-199] Attempt to get parsing info during refresh. "On-the-fly" syntax checking information may be incorrect. [E:/XilinxProjects/YaoPad/YaoPad/YaoPad.srcs/sources_1/cpu/ctrl.v:]
WARNING: [filemgmt 56-199] Attempt to get parsing info during refresh. "On-the-fly" syntax checking information may be incorrect. [E:/XilinxProjects/YaoPad/YaoPad/YaoPad.srcs/sources_1/cpu/data_ram.v:]
WARNING: [filemgmt 56-199] Attempt to get parsing info during refresh. "On-the-fly" syntax checking information may be incorrect. [E:/XilinxProjects/YaoPad/YaoPad/YaoPad.srcs/sources_1/cpu/pc.v:]
WARNING: [filemgmt 56-199] Attempt to get parsing info during refresh. "On-the-fly" syntax checking information may be incorrect. [E:/XilinxProjects/YaoPad/YaoPad/YaoPad.srcs/sources_1/cpu/cpu.v:]
WARNING: [filemgmt 56-199] Attempt to get parsing info during refresh. "On-the-fly" syntax checking information may be incorrect. [E:/XilinxProjects/YaoPad/YaoPad/YaoPad.srcs/sources_1/cpu/openmips_min_sopc_tb.v:]
WARNING: [filemgmt 56-199] Attempt to get parsing info during refresh. "On-the-fly" syntax checking information may be incorrect. [E:/XilinxProjects/YaoPad/YaoPad/YaoPad.srcs/sources_1/cpu/inst_rom.v:]
WARNING: [filemgmt 56-199] Attempt to get parsing info during refresh. "On-the-fly" syntax checking information may be incorrect. [E:/XilinxProjects/YaoPad/YaoPad/YaoPad.srcs/sources_1/cpu/if_id.v:]
WARNING: [filemgmt 56-199] Attempt to get parsing info during refresh. "On-the-fly" syntax checking information may be incorrect. [E:/XilinxProjects/YaoPad/YaoPad/YaoPad.srcs/sources_1/cpu/openmips_min_sopc.v:]
WARNING: [filemgmt 56-199] Attempt to get parsing info during refresh. "On-the-fly" syntax checking information may be incorrect. [E:/XilinxProjects/YaoPad/YaoPad/YaoPad.srcs/sources_1/cpu/ex_mem.v:]
WARNING: [filemgmt 56-199] Attempt to get parsing info during refresh. "On-the-fly" syntax checking information may be incorrect. [E:/XilinxProjects/YaoPad/YaoPad/YaoPad.srcs/sources_1/cpu/id.v:]
WARNING: [filemgmt 56-199] Attempt to get parsing info during refresh. "On-the-fly" syntax checking information may be incorrect. [E:/XilinxProjects/YaoPad/YaoPad/YaoPad.srcs/sources_1/cpu/div.v:]
WARNING: [filemgmt 56-199] Attempt to get parsing info during refresh. "On-the-fly" syntax checking information may be incorrect. [E:/XilinxProjects/YaoPad/YaoPad/YaoPad.srcs/sources_1/cpu/mem.v:]
WARNING: [filemgmt 56-199] Attempt to get parsing info during refresh. "On-the-fly" syntax checking information may be incorrect. [E:/XilinxProjects/YaoPad/YaoPad/YaoPad.srcs/sources_1/cpu/id_ex.v:]
WARNING: [filemgmt 56-199] Attempt to get parsing info during refresh. "On-the-fly" syntax checking information may be incorrect. [E:/XilinxProjects/YaoPad/YaoPad/YaoPad.srcs/sources_1/cpu/ctrl.v:]
WARNING: [filemgmt 56-199] Attempt to get parsing info during refresh. "On-the-fly" syntax checking information may be incorrect. [E:/XilinxProjects/YaoPad/YaoPad/YaoPad.srcs/sources_1/cpu/data_ram.v:]
WARNING: [filemgmt 56-199] Attempt to get parsing info during refresh. "On-the-fly" syntax checking information may be incorrect. [E:/XilinxProjects/YaoPad/YaoPad/YaoPad.srcs/sources_1/cpu/pc.v:]
INFO: [Common 17-14] Message 'filemgmt 56-199' appears 100 times and further instances of the messages will be disabled. Use the Tcl command set_msg_config to change the current settings.
reset_run impl_1
launch_runs impl_1 -jobs 2
WARNING: [Project 1-478] Design 'synth_1' is stale and will not be used when launching 'impl_1'
[Thu Nov 30 13:52:51 2017] Launched impl_1...
Run output will be captured here: E:/XilinxProjects/YaoPad/YaoPad/YaoPad.runs/impl_1/runme.log
reset_run impl_1
close_design
close_design: Time (s): cpu = 00:00:11 ; elapsed = 00:00:10 . Memory (MB): peak = 1982.426 ; gain = 0.000
launch_runs impl_1 -jobs 2
WARNING: [Project 1-478] Design 'synth_1' is stale and will not be used when launching 'impl_1'
[Thu Nov 30 13:56:11 2017] Launched impl_1...
Run output will be captured here: E:/XilinxProjects/YaoPad/YaoPad/YaoPad.runs/impl_1/runme.log
reset_run synth_1
WARNING: [Vivado 12-1017] Problems encountered:
1. Failed to delete one or more files in run directory E:/XilinxProjects/YaoPad/YaoPad/YaoPad.runs/synth_1

launch_runs impl_1 -jobs 2
WARNING: [Project 1-478] Design 'synth_1' is stale and will not be used when launching 'impl_1'
[Thu Nov 30 14:03:45 2017] Launched synth_1...
Run output will be captured here: E:/XilinxProjects/YaoPad/YaoPad/YaoPad.runs/synth_1/runme.log
[Thu Nov 30 14:03:45 2017] Launched impl_1...
Run output will be captured here: E:/XilinxProjects/YaoPad/YaoPad/YaoPad.runs/impl_1/runme.log
reset_run synth_1
WARNING: [Vivado 12-1017] Problems encountered:
1. Failed to delete one or more files in run directory E:/XilinxProjects/YaoPad/YaoPad/YaoPad.runs/synth_1

launch_runs impl_1 -jobs 2
WARNING: [Project 1-478] Design 'synth_1' is stale and will not be used when launching 'impl_1'
[Thu Nov 30 14:12:14 2017] Launched synth_1...
Run output will be captured here: E:/XilinxProjects/YaoPad/YaoPad/YaoPad.runs/synth_1/runme.log
[Thu Nov 30 14:12:14 2017] Launched impl_1...
Run output will be captured here: E:/XilinxProjects/YaoPad/YaoPad/YaoPad.runs/impl_1/runme.log
reset_run synth_1
WARNING: [Vivado 12-1017] Problems encountered:
1. Failed to delete one or more files in run directory E:/XilinxProjects/YaoPad/YaoPad/YaoPad.runs/synth_1

launch_runs impl_1 -jobs 2
WARNING: [Project 1-478] Design 'synth_1' is stale and will not be used when launching 'impl_1'
[Thu Nov 30 14:15:14 2017] Launched synth_1...
Run output will be captured here: E:/XilinxProjects/YaoPad/YaoPad/YaoPad.runs/synth_1/runme.log
[Thu Nov 30 14:15:14 2017] Launched impl_1...
Run output will be captured here: E:/XilinxProjects/YaoPad/YaoPad/YaoPad.runs/impl_1/runme.log
reset_run synth_1
WARNING: [Vivado 12-1017] Problems encountered:
1. Failed to delete one or more files in run directory E:/XilinxProjects/YaoPad/YaoPad/YaoPad.runs/synth_1

launch_runs impl_1 -jobs 2
WARNING: [Project 1-478] Design 'synth_1' is stale and will not be used when launching 'impl_1'
[Thu Nov 30 14:17:26 2017] Launched synth_1...
Run output will be captured here: E:/XilinxProjects/YaoPad/YaoPad/YaoPad.runs/synth_1/runme.log
[Thu Nov 30 14:17:26 2017] Launched impl_1...
Run output will be captured here: E:/XilinxProjects/YaoPad/YaoPad/YaoPad.runs/impl_1/runme.log
reset_run synth_1
WARNING: [Vivado 12-1017] Problems encountered:
1. Failed to delete one or more files in run directory E:/XilinxProjects/YaoPad/YaoPad/YaoPad.runs/synth_1

launch_runs impl_1 -jobs 2
WARNING: [Project 1-478] Design 'synth_1' is stale and will not be used when launching 'impl_1'
[Thu Nov 30 14:20:15 2017] Launched synth_1...
Run output will be captured here: E:/XilinxProjects/YaoPad/YaoPad/YaoPad.runs/synth_1/runme.log
[Thu Nov 30 14:20:15 2017] Launched impl_1...
Run output will be captured here: E:/XilinxProjects/YaoPad/YaoPad/YaoPad.runs/impl_1/runme.log
launch_runs impl_1 -to_step write_bitstream -jobs 2
[Thu Nov 30 14:23:16 2017] Launched impl_1...
Run output will be captured here: E:/XilinxProjects/YaoPad/YaoPad/YaoPad.runs/impl_1/runme.log
reset_run synth_1
WARNING: [Vivado 12-1017] Problems encountered:
1. Failed to delete one or more files in run directory E:/XilinxProjects/YaoPad/YaoPad/YaoPad.runs/synth_1

launch_runs impl_1 -jobs 2
WARNING: [Project 1-478] Design 'synth_1' is stale and will not be used when launching 'impl_1'
[Thu Nov 30 14:27:30 2017] Launched synth_1...
Run output will be captured here: E:/XilinxProjects/YaoPad/YaoPad/YaoPad.runs/synth_1/runme.log
[Thu Nov 30 14:27:30 2017] Launched impl_1...
Run output will be captured here: E:/XilinxProjects/YaoPad/YaoPad/YaoPad.runs/impl_1/runme.log
launch_runs impl_1 -to_step write_bitstream -jobs 2
[Thu Nov 30 14:30:12 2017] Launched impl_1...
Run output will be captured here: E:/XilinxProjects/YaoPad/YaoPad/YaoPad.runs/impl_1/runme.log
open_run impl_1
INFO: [Netlist 29-17] Analyzing 174 Unisim elements for replacement
INFO: [Netlist 29-28] Unisim Transformation completed in 0 CPU seconds
INFO: [Project 1-479] Netlist was created with Vivado 2017.3
INFO: [Project 1-570] Preparing netlist for logic optimization
Parsing XDC File [E:/XilinxProjects/YaoPad/YaoPad/.Xil/Vivado-1620-DESKTOP-N2UMQR8/dcp22/openmips_min_sopc.xdc]
Finished Parsing XDC File [E:/XilinxProjects/YaoPad/YaoPad/.Xil/Vivado-1620-DESKTOP-N2UMQR8/dcp22/openmips_min_sopc.xdc]
Reading XDEF placement.
Reading placer database...
Reading XDEF routing.
Read XDEF File: Time (s): cpu = 00:00:01 ; elapsed = 00:00:00.400 . Memory (MB): peak = 1982.426 ; gain = 0.000
Restored from archive | CPU: 1.000000 secs | Memory: 0.000000 MB |
Finished XDEF File Restore: Time (s): cpu = 00:00:01 ; elapsed = 00:00:00.401 . Memory (MB): peak = 1982.426 ; gain = 0.000
INFO: [Project 1-111] Unisim Transformation Summary:
  A total of 17 instances were transformed.
  RAM32M => RAM32M (RAMD32, RAMD32, RAMD32, RAMD32, RAMD32, RAMD32, RAMS32, RAMS32): 17 instances

close_sim
INFO: [Simtcl 6-16] Simulation closed
close_sim: Time (s): cpu = 00:00:01 ; elapsed = 00:00:09 . Memory (MB): peak = 2003.703 ; gain = 0.000
current_design synth_1
close_design
launch_simulation -mode post-synthesis -type timing
INFO: [Vivado 12-5682] Launching post-synthesis timing simulation in 'E:/XilinxProjects/YaoPad/YaoPad/YaoPad.sim/sim_1/synth/timing/xsim'
INFO: [SIM-utils-51] Simulation object is 'sim_1'
Design is defaulting to impl run constrset: constrs_1
Design is defaulting to synth run part: xc7a100tfgg676-2L
INFO: [Netlist 29-17] Analyzing 174 Unisim elements for replacement
INFO: [Netlist 29-28] Unisim Transformation completed in 0 CPU seconds
INFO: [Project 1-479] Netlist was created with Vivado 2017.3
INFO: [Project 1-570] Preparing netlist for logic optimization
Parsing XDC File [E:/XilinxProjects/YaoPad/YaoPad/YaoPad.srcs/constrs_1/new/thinpad_top.xdc]
Finished Parsing XDC File [E:/XilinxProjects/YaoPad/YaoPad/YaoPad.srcs/constrs_1/new/thinpad_top.xdc]
INFO: [Opt 31-138] Pushed 0 inverter(s) to 0 load pin(s).
INFO: [Project 1-111] Unisim Transformation Summary:
  A total of 17 instances were transformed.
  RAM32M => RAM32M (RAMD32, RAMD32, RAMD32, RAMD32, RAMD32, RAMD32, RAMS32, RAMS32): 17 instances

INFO: [SIM-utils-24] Writing simulation netlist file for design 'synth_1'...
INFO: [SIM-utils-25] write_verilog -mode timesim -nolib -sdf_anno true -force -file "E:/XilinxProjects/YaoPad/YaoPad/YaoPad.sim/sim_1/synth/timing/xsim/openmips_min_sopc_tb_time_synth.v"
INFO: [SIM-utils-27] Writing SDF file...
INFO: [SIM-utils-28] write_sdf -mode timesim -process_corner slow -force -file "E:/XilinxProjects/YaoPad/YaoPad/YaoPad.sim/sim_1/synth/timing/xsim/openmips_min_sopc_tb_time_synth.sdf"
write_sdf: Time (s): cpu = 00:01:17 ; elapsed = 00:01:17 . Memory (MB): peak = 2010.754 ; gain = 1.035
INFO: [SIM-utils-36] Netlist generated:E:/XilinxProjects/YaoPad/YaoPad/YaoPad.sim/sim_1/synth/timing/xsim/openmips_min_sopc_tb_time_synth.v
INFO: [SIM-utils-37] SDF generated:E:/XilinxProjects/YaoPad/YaoPad/YaoPad.sim/sim_1/synth/timing/xsim/openmips_min_sopc_tb_time_synth.sdf
INFO: [SIM-utils-54] Inspecting design source files for 'openmips_min_sopc_tb' in fileset 'sim_1'...
INFO: [USF-XSim-2] XSim::Compile design
INFO: [USF-XSim-61] Executing 'COMPILE and ANALYZE' step in 'E:/XilinxProjects/YaoPad/YaoPad/YaoPad.sim/sim_1/synth/timing/xsim'
"xvlog --incr --relax -prj openmips_min_sopc_tb_vlog.prj"
INFO: [VRFC 10-2263] Analyzing Verilog file "E:/XilinxProjects/YaoPad/YaoPad/YaoPad.sim/sim_1/synth/timing/xsim/openmips_min_sopc_tb_time_synth.v" into library xil_defaultlib
INFO: [VRFC 10-311] analyzing module RAM32M_UNIQ_BASE_
INFO: [VRFC 10-311] analyzing module RAM32M_HD17
INFO: [VRFC 10-311] analyzing module RAM32M_HD18
INFO: [VRFC 10-311] analyzing module RAM32M_HD19
INFO: [VRFC 10-311] analyzing module RAM32M_HD20
INFO: [VRFC 10-311] analyzing module RAM32M_HD21
INFO: [VRFC 10-311] analyzing module RAM32M_HD22
INFO: [VRFC 10-311] analyzing module RAM32M_HD23
INFO: [VRFC 10-311] analyzing module RAM32M_HD24
INFO: [VRFC 10-311] analyzing module RAM32M_HD25
INFO: [VRFC 10-311] analyzing module RAM32M_HD26
INFO: [VRFC 10-311] analyzing module RAM32M_HD27
INFO: [VRFC 10-311] analyzing module RAM32M_HD28
INFO: [VRFC 10-311] analyzing module RAM32M_HD29
INFO: [VRFC 10-311] analyzing module RAM32M_HD30
INFO: [VRFC 10-311] analyzing module RAM32M_HD31
INFO: [VRFC 10-311] analyzing module RAM32M_HD32
INFO: [VRFC 10-311] analyzing module cpu
INFO: [VRFC 10-311] analyzing module ctrl
INFO: [VRFC 10-311] analyzing module div
INFO: [VRFC 10-311] analyzing module ex
INFO: [VRFC 10-311] analyzing module ex_mem
INFO: [VRFC 10-311] analyzing module hilo
INFO: [VRFC 10-311] analyzing module id
INFO: [VRFC 10-311] analyzing module id_ex
INFO: [VRFC 10-311] analyzing module if_id
INFO: [VRFC 10-311] analyzing module mem
INFO: [VRFC 10-311] analyzing module mem_wb
INFO: [VRFC 10-311] analyzing module openmips_min_sopc
INFO: [VRFC 10-311] analyzing module pc_rom
INFO: [VRFC 10-311] analyzing module regfile
INFO: [VRFC 10-311] analyzing module glbl
INFO: [VRFC 10-2263] Analyzing Verilog file "E:/XilinxProjects/YaoPad/YaoPad/YaoPad.srcs/sources_1/cpu/openmips_min_sopc_tb.v" into library xil_defaultlib
INFO: [VRFC 10-311] analyzing module pc_rom
WARNING: [VRFC 10-1195] overwriting previous definition of module pc_rom [E:/XilinxProjects/YaoPad/YaoPad/YaoPad.srcs/sources_1/cpu/pc.v:23]
INFO: [VRFC 10-311] analyzing module if_id
WARNING: [VRFC 10-1195] overwriting previous definition of module if_id [E:/XilinxProjects/YaoPad/YaoPad/YaoPad.srcs/sources_1/cpu/if_id.v:23]
INFO: [VRFC 10-311] analyzing module id
WARNING: [VRFC 10-1195] overwriting previous definition of module id [E:/XilinxProjects/YaoPad/YaoPad/YaoPad.srcs/sources_1/cpu/id.v:23]
INFO: [VRFC 10-311] analyzing module regfile
WARNING: [VRFC 10-1195] overwriting previous definition of module regfile [E:/XilinxProjects/YaoPad/YaoPad/YaoPad.srcs/sources_1/cpu/regfile.v:23]
INFO: [VRFC 10-311] analyzing module id_ex
WARNING: [VRFC 10-1195] overwriting previous definition of module id_ex [E:/XilinxProjects/YaoPad/YaoPad/YaoPad.srcs/sources_1/cpu/id_ex.v:23]
INFO: [VRFC 10-311] analyzing module ex
WARNING: [VRFC 10-1195] overwriting previous definition of module ex [E:/XilinxProjects/YaoPad/YaoPad/YaoPad.srcs/sources_1/cpu/ex.v:23]
INFO: [VRFC 10-311] analyzing module ex_mem
WARNING: [VRFC 10-1195] overwriting previous definition of module ex_mem [E:/XilinxProjects/YaoPad/YaoPad/YaoPad.srcs/sources_1/cpu/ex_mem.v:43]
INFO: [VRFC 10-311] analyzing module mem
WARNING: [VRFC 10-1195] overwriting previous definition of module mem [E:/XilinxProjects/YaoPad/YaoPad/YaoPad.srcs/sources_1/cpu/mem.v:23]
INFO: [VRFC 10-311] analyzing module mem_wb
WARNING: [VRFC 10-1195] overwriting previous definition of module mem_wb [E:/XilinxProjects/YaoPad/YaoPad/YaoPad.srcs/sources_1/cpu/mem_wb.v:23]
INFO: [VRFC 10-311] analyzing module hilo
WARNING: [VRFC 10-1195] overwriting previous definition of module hilo [E:/XilinxProjects/YaoPad/YaoPad/YaoPad.srcs/sources_1/cpu/hilo.v:23]
INFO: [VRFC 10-311] analyzing module ctrl
WARNING: [VRFC 10-1195] overwriting previous definition of module ctrl [E:/XilinxProjects/YaoPad/YaoPad/YaoPad.srcs/sources_1/cpu/ctrl.v:23]
INFO: [VRFC 10-311] analyzing module div
WARNING: [VRFC 10-1195] overwriting previous definition of module div [E:/XilinxProjects/YaoPad/YaoPad/YaoPad.srcs/sources_1/cpu/div.v:23]
INFO: [VRFC 10-311] analyzing module cp0
INFO: [VRFC 10-311] analyzing module cpu
WARNING: [VRFC 10-1195] overwriting previous definition of module cpu [E:/XilinxProjects/YaoPad/YaoPad/YaoPad.srcs/sources_1/cpu/cpu.v:36]
INFO: [VRFC 10-311] analyzing module inst_rom
INFO: [VRFC 10-311] analyzing module data_ram
INFO: [VRFC 10-311] analyzing module openmips_min_sopc
WARNING: [VRFC 10-1195] overwriting previous definition of module openmips_min_sopc [E:/XilinxProjects/YaoPad/YaoPad/YaoPad.srcs/sources_1/cpu/openmips_min_sopc.v:43]
INFO: [VRFC 10-311] analyzing module openmips_min_sopc_tb
INFO: [USF-XSim-69] 'compile' step finished in '3' seconds
INFO: [USF-XSim-3] XSim::Elaborate design
INFO: [USF-XSim-61] Executing 'ELABORATE' step in 'E:/XilinxProjects/YaoPad/YaoPad/YaoPad.sim/sim_1/synth/timing/xsim'
Vivado Simulator 2017.3
Copyright 1986-1999, 2001-2016 Xilinx, Inc. All Rights Reserved.
Running: E:/Xilinx/Vivado/2017.3/bin/unwrapped/win64.o/xelab.exe -wto c0b4e576a1cc4d7fbd9bd09e49ac2af0 --incr --debug typical --relax --mt 2 --maxdelay -L xil_defaultlib -L simprims_ver -L secureip --snapshot openmips_min_sopc_tb_time_synth -transport_int_delays -pulse_r 0 -pulse_int_r 0 -pulse_e 0 -pulse_int_e 0 xil_defaultlib.openmips_min_sopc_tb xil_defaultlib.glbl -log elaborate.log 
Using 2 slave threads.
Starting static elaboration
Completed static elaboration
Starting simulation data flow analysis
Completed simulation data flow analysis
Time Resolution for simulation is 1ps
Compiling module xil_defaultlib.pc_rom
Compiling module xil_defaultlib.if_id
Compiling module xil_defaultlib.id
Compiling module xil_defaultlib.regfile
Compiling module xil_defaultlib.id_ex
Compiling module xil_defaultlib.ex
Compiling module xil_defaultlib.ex_mem
Compiling module xil_defaultlib.mem
Compiling module xil_defaultlib.mem_wb
Compiling module xil_defaultlib.hilo
Compiling module xil_defaultlib.ctrl
Compiling module xil_defaultlib.div
Compiling module xil_defaultlib.cp0
Compiling module xil_defaultlib.cpu
Compiling module xil_defaultlib.inst_rom
Compiling module xil_defaultlib.data_ram
Compiling module xil_defaultlib.openmips_min_sopc
Compiling module xil_defaultlib.openmips_min_sopc_tb
Compiling module xil_defaultlib.glbl
Built simulation snapshot openmips_min_sopc_tb_time_synth
INFO: [USF-XSim-69] 'elaborate' step finished in '4' seconds
INFO: [USF-XSim-4] XSim::Simulate design
INFO: [USF-XSim-61] Executing 'SIMULATE' step in 'E:/XilinxProjects/YaoPad/YaoPad/YaoPad.sim/sim_1/synth/timing/xsim'
INFO: [USF-XSim-98] *** Running xsim
   with args "openmips_min_sopc_tb_time_synth -key {Post-Synthesis:sim_1:Timing:openmips_min_sopc_tb} -tclbatch {openmips_min_sopc_tb.tcl} -view {E:/XilinxProjects/YaoPad/YaoPad/openmips_min_sopc_tb_behav.wcfg} -log {simulate.log}"
INFO: [USF-XSim-8] Loading simulator feature
Vivado Simulator 2017.3
Time resolution is 1 ps
open_wave_config E:/XilinxProjects/YaoPad/YaoPad/openmips_min_sopc_tb_behav.wcfg
source openmips_min_sopc_tb.tcl
# set curr_wave [current_wave_config]
# if { [string length $curr_wave] == 0 } {
#   if { [llength [get_objects]] > 0} {
#     add_wave /
#     set_property needs_save false [current_wave_config]
#   } else {
#      send_msg_id Add_Wave-1 WARNING "No top level signals found. Simulator will start without a wave window. If you want to open a wave window go to 'File->New Waveform Configuration' or type 'create_wave_config' in the TCL console."
#   }
# }
# run 1000ns
INFO: [USF-XSim-96] XSim completed. Design snapshot 'openmips_min_sopc_tb_time_synth' loaded.
INFO: [USF-XSim-97] XSim simulation ran for 1000ns
launch_simulation: Time (s): cpu = 00:01:25 ; elapsed = 00:01:30 . Memory (MB): peak = 2010.754 ; gain = 7.051
close_sim
INFO: [Simtcl 6-16] Simulation closed
close_sim: Time (s): cpu = 00:00:08 ; elapsed = 00:00:11 . Memory (MB): peak = 2011.422 ; gain = 0.000
exit
INFO: [Common 17-206] Exiting Vivado at Thu Nov 30 14:38:28 2017...
