#-----------------------------------------------------------
# Vivado v2017.3 (64-bit)
# SW Build 2018833 on Wed Oct  4 19:58:22 MDT 2017
# IP Build 2016188 on Wed Oct  4 21:52:56 MDT 2017
# Start of session at: Fri Dec  1 12:39:26 2017
# Process ID: 8688
# Current directory: E:/LLX/5/jy/pro/test/YaoPad
# Command line: vivado.exe -gui_launcher_event rodinguilauncherevent16096 E:\LLX\5\jy\pro\test\YaoPad\YaoPad.xpr
# Log file: E:/LLX/5/jy/pro/test/YaoPad/vivado.log
# Journal file: E:/LLX/5/jy/pro/test/YaoPad\vivado.jou
#-----------------------------------------------------------
start_gui
open_project E:/LLX/5/jy/pro/test/YaoPad/YaoPad.xpr
INFO: [Project 1-313] Project file moved from 'E:/LLX/5/计算机组成原理/pro/test/YaoPad' since last save.
Scanning sources...
Finished scanning sources
INFO: [IP_Flow 19-234] Refreshing IP repositories
INFO: [IP_Flow 19-1704] No user IP repositories specified
INFO: [IP_Flow 19-2313] Loaded Vivado IP repository 'D:/vivadodo/Vivado/2017.3/data/ip'.
update_compile_order -fileset sources_1
reset_run synth_1
launch_runs impl_1 -to_step write_bitstream -jobs 5
[Fri Dec  1 12:41:52 2017] Launched synth_1...
Run output will be captured here: E:/LLX/5/jy/pro/test/YaoPad/YaoPad.runs/synth_1/runme.log
[Fri Dec  1 12:41:52 2017] Launched impl_1...
Run output will be captured here: E:/LLX/5/jy/pro/test/YaoPad/YaoPad.runs/impl_1/runme.log
open_run impl_1
INFO: [Netlist 29-17] Analyzing 832 Unisim elements for replacement
INFO: [Netlist 29-28] Unisim Transformation completed in 1 CPU seconds
INFO: [Project 1-479] Netlist was created with Vivado 2017.3
INFO: [Device 21-403] Loading part xc7a100tfgg676-2L
INFO: [Project 1-570] Preparing netlist for logic optimization
Parsing XDC File [E:/LLX/5/jy/pro/test/YaoPad/.Xil/Vivado-8688-PC201407301139/dcp1/openmips_min_sopc.xdc]
Finished Parsing XDC File [E:/LLX/5/jy/pro/test/YaoPad/.Xil/Vivado-8688-PC201407301139/dcp1/openmips_min_sopc.xdc]
Reading XDEF placement.
Reading placer database...
Reading XDEF routing.
Read XDEF File: Time (s): cpu = 00:00:01 ; elapsed = 00:00:00.910 . Memory (MB): peak = 1115.703 ; gain = 8.078
Restored from archive | CPU: 1.000000 secs | Memory: 0.000000 MB |
Finished XDEF File Restore: Time (s): cpu = 00:00:01 ; elapsed = 00:00:00.959 . Memory (MB): peak = 1115.703 ; gain = 8.078
INFO: [Project 1-111] Unisim Transformation Summary:
  A total of 529 instances were transformed.
  RAM256X1S => RAM256X1S (MUXF7, MUXF7, MUXF8, RAMS64E, RAMS64E, RAMS64E, RAMS64E): 512 instances
  RAM32M => RAM32M (RAMD32, RAMD32, RAMD32, RAMD32, RAMD32, RAMD32, RAMS32, RAMS32): 17 instances

open_run: Time (s): cpu = 00:00:18 ; elapsed = 00:00:13 . Memory (MB): peak = 1251.953 ; gain = 339.520
reset_run synth_1
launch_runs impl_1 -to_step write_bitstream -jobs 5
[Fri Dec  1 13:29:43 2017] Launched synth_1...
Run output will be captured here: E:/LLX/5/jy/pro/test/YaoPad/YaoPad.runs/synth_1/runme.log
[Fri Dec  1 13:29:43 2017] Launched impl_1...
Run output will be captured here: E:/LLX/5/jy/pro/test/YaoPad/YaoPad.runs/impl_1/runme.log
reset_run synth_1
launch_runs impl_1 -to_step write_bitstream -jobs 5
[Fri Dec  1 13:30:45 2017] Launched synth_1...
Run output will be captured here: E:/LLX/5/jy/pro/test/YaoPad/YaoPad.runs/synth_1/runme.log
[Fri Dec  1 13:30:45 2017] Launched impl_1...
Run output will be captured here: E:/LLX/5/jy/pro/test/YaoPad/YaoPad.runs/impl_1/runme.log
reset_run synth_1
launch_runs impl_1 -to_step write_bitstream -jobs 5
[Fri Dec  1 13:46:44 2017] Launched synth_1...
Run output will be captured here: E:/LLX/5/jy/pro/test/YaoPad/YaoPad.runs/synth_1/runme.log
[Fri Dec  1 13:46:45 2017] Launched impl_1...
Run output will be captured here: E:/LLX/5/jy/pro/test/YaoPad/YaoPad.runs/impl_1/runme.log
reset_run synth_1
launch_runs impl_1 -to_step write_bitstream -jobs 5
[Fri Dec  1 13:58:36 2017] Launched synth_1...
Run output will be captured here: E:/LLX/5/jy/pro/test/YaoPad/YaoPad.runs/synth_1/runme.log
[Fri Dec  1 13:58:36 2017] Launched impl_1...
Run output will be captured here: E:/LLX/5/jy/pro/test/YaoPad/YaoPad.runs/impl_1/runme.log
reset_run synth_1
launch_runs impl_1 -to_step write_bitstream -jobs 5
[Fri Dec  1 14:05:43 2017] Launched synth_1...
Run output will be captured here: E:/LLX/5/jy/pro/test/YaoPad/YaoPad.runs/synth_1/runme.log
[Fri Dec  1 14:05:43 2017] Launched impl_1...
Run output will be captured here: E:/LLX/5/jy/pro/test/YaoPad/YaoPad.runs/impl_1/runme.log
reset_run synth_1
launch_runs impl_1 -to_step write_bitstream -jobs 5
[Fri Dec  1 14:06:52 2017] Launched synth_1...
Run output will be captured here: E:/LLX/5/jy/pro/test/YaoPad/YaoPad.runs/synth_1/runme.log
[Fri Dec  1 14:06:52 2017] Launched impl_1...
Run output will be captured here: E:/LLX/5/jy/pro/test/YaoPad/YaoPad.runs/impl_1/runme.log
reset_run synth_1
launch_runs impl_1 -to_step write_bitstream -jobs 5
[Fri Dec  1 14:08:18 2017] Launched synth_1...
Run output will be captured here: E:/LLX/5/jy/pro/test/YaoPad/YaoPad.runs/synth_1/runme.log
[Fri Dec  1 14:08:19 2017] Launched impl_1...
Run output will be captured here: E:/LLX/5/jy/pro/test/YaoPad/YaoPad.runs/impl_1/runme.log
reset_run synth_1
launch_runs impl_1 -to_step write_bitstream -jobs 5
[Fri Dec  1 14:11:55 2017] Launched synth_1...
Run output will be captured here: E:/LLX/5/jy/pro/test/YaoPad/YaoPad.runs/synth_1/runme.log
[Fri Dec  1 14:11:55 2017] Launched impl_1...
Run output will be captured here: E:/LLX/5/jy/pro/test/YaoPad/YaoPad.runs/impl_1/runme.log
reset_run synth_1
launch_runs impl_1 -to_step write_bitstream -jobs 5
[Fri Dec  1 14:20:51 2017] Launched synth_1...
Run output will be captured here: E:/LLX/5/jy/pro/test/YaoPad/YaoPad.runs/synth_1/runme.log
[Fri Dec  1 14:20:51 2017] Launched impl_1...
Run output will be captured here: E:/LLX/5/jy/pro/test/YaoPad/YaoPad.runs/impl_1/runme.log
reset_run synth_1
launch_runs impl_1 -to_step write_bitstream -jobs 5
[Fri Dec  1 14:25:38 2017] Launched synth_1...
Run output will be captured here: E:/LLX/5/jy/pro/test/YaoPad/YaoPad.runs/synth_1/runme.log
[Fri Dec  1 14:25:39 2017] Launched impl_1...
Run output will be captured here: E:/LLX/5/jy/pro/test/YaoPad/YaoPad.runs/impl_1/runme.log
reset_run synth_1
launch_runs impl_1 -to_step write_bitstream -jobs 5
[Fri Dec  1 14:33:52 2017] Launched synth_1...
Run output will be captured here: E:/LLX/5/jy/pro/test/YaoPad/YaoPad.runs/synth_1/runme.log
[Fri Dec  1 14:33:52 2017] Launched impl_1...
Run output will be captured here: E:/LLX/5/jy/pro/test/YaoPad/YaoPad.runs/impl_1/runme.log
reset_run impl_1 -prev_step 
launch_runs impl_1 -to_step write_bitstream -jobs 5
WARNING: [Vivado 12-872] Run step 'Design Initialization' is out-of-date.
[Fri Dec  1 14:38:30 2017] Launched impl_1...
Run output will be captured here: E:/LLX/5/jy/pro/test/YaoPad/YaoPad.runs/impl_1/runme.log
reset_run synth_1
launch_runs impl_1 -to_step write_bitstream -jobs 5
[Fri Dec  1 14:40:26 2017] Launched synth_1...
Run output will be captured here: E:/LLX/5/jy/pro/test/YaoPad/YaoPad.runs/synth_1/runme.log
[Fri Dec  1 14:40:26 2017] Launched impl_1...
Run output will be captured here: E:/LLX/5/jy/pro/test/YaoPad/YaoPad.runs/impl_1/runme.log
reset_run synth_1
launch_runs impl_1 -to_step write_bitstream -jobs 5
[Fri Dec  1 14:47:40 2017] Launched synth_1...
Run output will be captured here: E:/LLX/5/jy/pro/test/YaoPad/YaoPad.runs/synth_1/runme.log
[Fri Dec  1 14:47:40 2017] Launched impl_1...
Run output will be captured here: E:/LLX/5/jy/pro/test/YaoPad/YaoPad.runs/impl_1/runme.log
reset_run synth_1
launch_runs impl_1 -to_step write_bitstream -jobs 5
[Fri Dec  1 14:56:12 2017] Launched synth_1...
Run output will be captured here: E:/LLX/5/jy/pro/test/YaoPad/YaoPad.runs/synth_1/runme.log
[Fri Dec  1 14:56:13 2017] Launched impl_1...
Run output will be captured here: E:/LLX/5/jy/pro/test/YaoPad/YaoPad.runs/impl_1/runme.log
reset_run impl_1 -prev_step 
launch_runs impl_1 -to_step write_bitstream -jobs 5
WARNING: [Vivado 12-872] Run step 'Design Initialization' is out-of-date.
[Fri Dec  1 15:01:07 2017] Launched impl_1...
Run output will be captured here: E:/LLX/5/jy/pro/test/YaoPad/YaoPad.runs/impl_1/runme.log
reset_run synth_1
launch_runs impl_1 -to_step write_bitstream -jobs 5
[Fri Dec  1 15:02:41 2017] Launched synth_1...
Run output will be captured here: E:/LLX/5/jy/pro/test/YaoPad/YaoPad.runs/synth_1/runme.log
[Fri Dec  1 15:02:41 2017] Launched impl_1...
Run output will be captured here: E:/LLX/5/jy/pro/test/YaoPad/YaoPad.runs/impl_1/runme.log
reset_run synth_1
launch_runs impl_1 -to_step write_bitstream -jobs 5
[Fri Dec  1 15:20:23 2017] Launched synth_1...
Run output will be captured here: E:/LLX/5/jy/pro/test/YaoPad/YaoPad.runs/synth_1/runme.log
[Fri Dec  1 15:20:23 2017] Launched impl_1...
Run output will be captured here: E:/LLX/5/jy/pro/test/YaoPad/YaoPad.runs/impl_1/runme.log
reset_run synth_1
launch_runs impl_1 -to_step write_bitstream -jobs 5
[Fri Dec  1 15:28:19 2017] Launched synth_1...
Run output will be captured here: E:/LLX/5/jy/pro/test/YaoPad/YaoPad.runs/synth_1/runme.log
[Fri Dec  1 15:28:19 2017] Launched impl_1...
Run output will be captured here: E:/LLX/5/jy/pro/test/YaoPad/YaoPad.runs/impl_1/runme.log
reset_run impl_1 -prev_step 
launch_runs impl_1 -to_step write_bitstream -jobs 5
WARNING: [Vivado 12-872] Run step 'Design Initialization' is out-of-date.
[Fri Dec  1 15:35:43 2017] Launched impl_1...
Run output will be captured here: E:/LLX/5/jy/pro/test/YaoPad/YaoPad.runs/impl_1/runme.log
reset_run synth_1
launch_runs impl_1 -to_step write_bitstream -jobs 5
[Fri Dec  1 15:36:51 2017] Launched synth_1...
Run output will be captured here: E:/LLX/5/jy/pro/test/YaoPad/YaoPad.runs/synth_1/runme.log
[Fri Dec  1 15:36:51 2017] Launched impl_1...
Run output will be captured here: E:/LLX/5/jy/pro/test/YaoPad/YaoPad.runs/impl_1/runme.log
reset_run synth_1
launch_runs impl_1 -to_step write_bitstream -jobs 5
[Fri Dec  1 15:45:19 2017] Launched synth_1...
Run output will be captured here: E:/LLX/5/jy/pro/test/YaoPad/YaoPad.runs/synth_1/runme.log
[Fri Dec  1 15:45:19 2017] Launched impl_1...
Run output will be captured here: E:/LLX/5/jy/pro/test/YaoPad/YaoPad.runs/impl_1/runme.log
reset_run synth_1
launch_runs impl_1 -to_step write_bitstream -jobs 5
[Fri Dec  1 15:54:11 2017] Launched synth_1...
Run output will be captured here: E:/LLX/5/jy/pro/test/YaoPad/YaoPad.runs/synth_1/runme.log
[Fri Dec  1 15:54:11 2017] Launched impl_1...
Run output will be captured here: E:/LLX/5/jy/pro/test/YaoPad/YaoPad.runs/impl_1/runme.log
reset_run synth_1
launch_runs impl_1 -to_step write_bitstream -jobs 5
[Fri Dec  1 16:06:10 2017] Launched synth_1...
Run output will be captured here: E:/LLX/5/jy/pro/test/YaoPad/YaoPad.runs/synth_1/runme.log
[Fri Dec  1 16:06:10 2017] Launched impl_1...
Run output will be captured here: E:/LLX/5/jy/pro/test/YaoPad/YaoPad.runs/impl_1/runme.log
reset_run impl_1
reset_run synth_1
launch_runs impl_1 -to_step write_bitstream -jobs 5
[Fri Dec  1 16:09:28 2017] Launched synth_1...
Run output will be captured here: E:/LLX/5/jy/pro/test/YaoPad/YaoPad.runs/synth_1/runme.log
[Fri Dec  1 16:09:28 2017] Launched impl_1...
Run output will be captured here: E:/LLX/5/jy/pro/test/YaoPad/YaoPad.runs/impl_1/runme.log
reset_run impl_1
reset_run synth_1
launch_runs impl_1 -to_step write_bitstream -jobs 5
[Fri Dec  1 16:12:31 2017] Launched synth_1...
Run output will be captured here: E:/LLX/5/jy/pro/test/YaoPad/YaoPad.runs/synth_1/runme.log
[Fri Dec  1 16:12:31 2017] Launched impl_1...
Run output will be captured here: E:/LLX/5/jy/pro/test/YaoPad/YaoPad.runs/impl_1/runme.log
reset_run synth_1
launch_runs impl_1 -to_step write_bitstream -jobs 5
[Fri Dec  1 16:19:10 2017] Launched synth_1...
Run output will be captured here: E:/LLX/5/jy/pro/test/YaoPad/YaoPad.runs/synth_1/runme.log
[Fri Dec  1 16:19:10 2017] Launched impl_1...
Run output will be captured here: E:/LLX/5/jy/pro/test/YaoPad/YaoPad.runs/impl_1/runme.log
reset_run impl_1
reset_run synth_1
launch_runs impl_1 -to_step write_bitstream -jobs 5
[Fri Dec  1 16:23:21 2017] Launched synth_1...
Run output will be captured here: E:/LLX/5/jy/pro/test/YaoPad/YaoPad.runs/synth_1/runme.log
[Fri Dec  1 16:23:21 2017] Launched impl_1...
Run output will be captured here: E:/LLX/5/jy/pro/test/YaoPad/YaoPad.runs/impl_1/runme.log
update_compile_order -fileset sources_1
update_compile_order -fileset sources_1
reset_run synth_1
launch_runs impl_1 -to_step write_bitstream -jobs 5
[Fri Dec  1 16:29:39 2017] Launched synth_1...
Run output will be captured here: E:/LLX/5/jy/pro/test/YaoPad/YaoPad.runs/synth_1/runme.log
[Fri Dec  1 16:29:39 2017] Launched impl_1...
Run output will be captured here: E:/LLX/5/jy/pro/test/YaoPad/YaoPad.runs/impl_1/runme.log
reset_run synth_1
launch_runs impl_1 -to_step write_bitstream -jobs 5
[Fri Dec  1 16:36:55 2017] Launched synth_1...
Run output will be captured here: E:/LLX/5/jy/pro/test/YaoPad/YaoPad.runs/synth_1/runme.log
[Fri Dec  1 16:36:55 2017] Launched impl_1...
Run output will be captured here: E:/LLX/5/jy/pro/test/YaoPad/YaoPad.runs/impl_1/runme.log
reset_run synth_1
launch_runs impl_1 -to_step write_bitstream -jobs 5
[Fri Dec  1 16:45:16 2017] Launched synth_1...
Run output will be captured here: E:/LLX/5/jy/pro/test/YaoPad/YaoPad.runs/synth_1/runme.log
[Fri Dec  1 16:45:16 2017] Launched impl_1...
Run output will be captured here: E:/LLX/5/jy/pro/test/YaoPad/YaoPad.runs/impl_1/runme.log
launch_runs: Time (s): cpu = 00:00:09 ; elapsed = 00:00:10 . Memory (MB): peak = 2156.691 ; gain = 0.000
reset_run synth_1
launch_runs impl_1 -to_step write_bitstream -jobs 5
[Fri Dec  1 16:55:06 2017] Launched synth_1...
Run output will be captured here: E:/LLX/5/jy/pro/test/YaoPad/YaoPad.runs/synth_1/runme.log
[Fri Dec  1 16:55:06 2017] Launched impl_1...
Run output will be captured here: E:/LLX/5/jy/pro/test/YaoPad/YaoPad.runs/impl_1/runme.log
reset_run synth_1
launch_runs impl_1 -to_step write_bitstream -jobs 5
[Fri Dec  1 17:19:59 2017] Launched synth_1...
Run output will be captured here: E:/LLX/5/jy/pro/test/YaoPad/YaoPad.runs/synth_1/runme.log
[Fri Dec  1 17:19:59 2017] Launched impl_1...
Run output will be captured here: E:/LLX/5/jy/pro/test/YaoPad/YaoPad.runs/impl_1/runme.log
reset_run synth_1
launch_runs impl_1 -to_step write_bitstream -jobs 5
[Fri Dec  1 17:36:48 2017] Launched synth_1...
Run output will be captured here: E:/LLX/5/jy/pro/test/YaoPad/YaoPad.runs/synth_1/runme.log
[Fri Dec  1 17:36:48 2017] Launched impl_1...
Run output will be captured here: E:/LLX/5/jy/pro/test/YaoPad/YaoPad.runs/impl_1/runme.log
reset_run synth_1
launch_runs impl_1 -to_step write_bitstream -jobs 5
[Fri Dec  1 18:11:37 2017] Launched synth_1...
Run output will be captured here: E:/LLX/5/jy/pro/test/YaoPad/YaoPad.runs/synth_1/runme.log
[Fri Dec  1 18:11:37 2017] Launched impl_1...
Run output will be captured here: E:/LLX/5/jy/pro/test/YaoPad/YaoPad.runs/impl_1/runme.log
reset_run synth_1
launch_runs impl_1 -to_step write_bitstream -jobs 5
[Fri Dec  1 18:20:03 2017] Launched synth_1...
Run output will be captured here: E:/LLX/5/jy/pro/test/YaoPad/YaoPad.runs/synth_1/runme.log
[Fri Dec  1 18:20:03 2017] Launched impl_1...
Run output will be captured here: E:/LLX/5/jy/pro/test/YaoPad/YaoPad.runs/impl_1/runme.log
reset_run synth_1
launch_runs impl_1 -to_step write_bitstream -jobs 5
[Fri Dec  1 18:30:12 2017] Launched synth_1...
Run output will be captured here: E:/LLX/5/jy/pro/test/YaoPad/YaoPad.runs/synth_1/runme.log
[Fri Dec  1 18:30:12 2017] Launched impl_1...
Run output will be captured here: E:/LLX/5/jy/pro/test/YaoPad/YaoPad.runs/impl_1/runme.log
reset_run impl_1 -prev_step 
launch_runs impl_1 -to_step write_bitstream -jobs 5
WARNING: [Vivado 12-872] Run step 'Design Initialization' is out-of-date.
[Fri Dec  1 18:45:38 2017] Launched impl_1...
Run output will be captured here: E:/LLX/5/jy/pro/test/YaoPad/YaoPad.runs/impl_1/runme.log
reset_run synth_1
launch_runs impl_1 -to_step write_bitstream -jobs 5
[Fri Dec  1 18:51:02 2017] Launched synth_1...
Run output will be captured here: E:/LLX/5/jy/pro/test/YaoPad/YaoPad.runs/synth_1/runme.log
[Fri Dec  1 18:51:03 2017] Launched impl_1...
Run output will be captured here: E:/LLX/5/jy/pro/test/YaoPad/YaoPad.runs/impl_1/runme.log
reset_run synth_1
launch_runs impl_1 -to_step write_bitstream -jobs 5
[Fri Dec  1 19:07:17 2017] Launched synth_1...
Run output will be captured here: E:/LLX/5/jy/pro/test/YaoPad/YaoPad.runs/synth_1/runme.log
[Fri Dec  1 19:07:17 2017] Launched impl_1...
Run output will be captured here: E:/LLX/5/jy/pro/test/YaoPad/YaoPad.runs/impl_1/runme.log
reset_run synth_1
launch_runs impl_1 -to_step write_bitstream -jobs 5
[Fri Dec  1 19:29:10 2017] Launched synth_1...
Run output will be captured here: E:/LLX/5/jy/pro/test/YaoPad/YaoPad.runs/synth_1/runme.log
[Fri Dec  1 19:29:10 2017] Launched impl_1...
Run output will be captured here: E:/LLX/5/jy/pro/test/YaoPad/YaoPad.runs/impl_1/runme.log
reset_run impl_1 -prev_step 
launch_runs impl_1 -to_step write_bitstream -jobs 5
WARNING: [Vivado 12-872] Run step 'Design Initialization' is out-of-date.
[Fri Dec  1 19:53:13 2017] Launched impl_1...
Run output will be captured here: E:/LLX/5/jy/pro/test/YaoPad/YaoPad.runs/impl_1/runme.log
refresh_design
INFO: [Netlist 29-17] Analyzing 825 Unisim elements for replacement
INFO: [Netlist 29-28] Unisim Transformation completed in 0 CPU seconds
INFO: [Project 1-479] Netlist was created with Vivado 2017.3
INFO: [Project 1-570] Preparing netlist for logic optimization
Parsing XDC File [E:/LLX/5/jy/pro/test/YaoPad/.Xil/Vivado-8688-PC201407301139/dcp3/openmips_min_sopc.xdc]
Finished Parsing XDC File [E:/LLX/5/jy/pro/test/YaoPad/.Xil/Vivado-8688-PC201407301139/dcp3/openmips_min_sopc.xdc]
Reading XDEF placement.
Reading placer database...
Reading XDEF routing.
Read XDEF File: Time (s): cpu = 00:00:02 ; elapsed = 00:00:07 . Memory (MB): peak = 2197.816 ; gain = 0.000
Restored from archive | CPU: 2.000000 secs | Memory: 0.000000 MB |
Finished XDEF File Restore: Time (s): cpu = 00:00:02 ; elapsed = 00:00:07 . Memory (MB): peak = 2197.816 ; gain = 0.000
refresh_design: Time (s): cpu = 00:00:18 ; elapsed = 00:00:43 . Memory (MB): peak = 2197.816 ; gain = 13.066
reset_run synth_1
launch_runs impl_1 -to_step write_bitstream -jobs 5
[Fri Dec  1 19:55:45 2017] Launched synth_1...
Run output will be captured here: E:/LLX/5/jy/pro/test/YaoPad/YaoPad.runs/synth_1/runme.log
[Fri Dec  1 19:55:45 2017] Launched impl_1...
Run output will be captured here: E:/LLX/5/jy/pro/test/YaoPad/YaoPad.runs/impl_1/runme.log
reset_run synth_1
launch_runs impl_1 -to_step write_bitstream -jobs 5
[Fri Dec  1 22:04:33 2017] Launched synth_1...
Run output will be captured here: E:/LLX/5/jy/pro/test/YaoPad/YaoPad.runs/synth_1/runme.log
[Fri Dec  1 22:04:33 2017] Launched impl_1...
Run output will be captured here: E:/LLX/5/jy/pro/test/YaoPad/YaoPad.runs/impl_1/runme.log
update_compile_order -fileset sources_1
reset_run synth_1
launch_runs impl_1 -to_step write_bitstream -jobs 5
[Sat Dec  2 13:21:56 2017] Launched synth_1...
Run output will be captured here: E:/LLX/5/jy/pro/test/YaoPad/YaoPad.runs/synth_1/runme.log
[Sat Dec  2 13:21:56 2017] Launched impl_1...
Run output will be captured here: E:/LLX/5/jy/pro/test/YaoPad/YaoPad.runs/impl_1/runme.log
reset_run synth_1
launch_runs impl_1 -to_step write_bitstream -jobs 5
[Sat Dec  2 13:41:19 2017] Launched synth_1...
Run output will be captured here: E:/LLX/5/jy/pro/test/YaoPad/YaoPad.runs/synth_1/runme.log
[Sat Dec  2 13:41:19 2017] Launched impl_1...
Run output will be captured here: E:/LLX/5/jy/pro/test/YaoPad/YaoPad.runs/impl_1/runme.log
reset_run synth_1
launch_runs impl_1 -to_step write_bitstream -jobs 5
[Sat Dec  2 13:59:58 2017] Launched synth_1...
Run output will be captured here: E:/LLX/5/jy/pro/test/YaoPad/YaoPad.runs/synth_1/runme.log
[Sat Dec  2 13:59:58 2017] Launched impl_1...
Run output will be captured here: E:/LLX/5/jy/pro/test/YaoPad/YaoPad.runs/impl_1/runme.log
reset_run synth_1
launch_runs impl_1 -to_step write_bitstream -jobs 5
[Sat Dec  2 14:18:49 2017] Launched synth_1...
Run output will be captured here: E:/LLX/5/jy/pro/test/YaoPad/YaoPad.runs/synth_1/runme.log
[Sat Dec  2 14:18:49 2017] Launched impl_1...
Run output will be captured here: E:/LLX/5/jy/pro/test/YaoPad/YaoPad.runs/impl_1/runme.log
reset_run synth_1
launch_runs impl_1 -to_step write_bitstream -jobs 5
[Sat Dec  2 14:37:31 2017] Launched synth_1...
Run output will be captured here: E:/LLX/5/jy/pro/test/YaoPad/YaoPad.runs/synth_1/runme.log
[Sat Dec  2 14:37:31 2017] Launched impl_1...
Run output will be captured here: E:/LLX/5/jy/pro/test/YaoPad/YaoPad.runs/impl_1/runme.log
update_compile_order -fileset sources_1
reset_run synth_1
launch_runs impl_1 -to_step write_bitstream -jobs 5
[Sat Dec  2 15:11:26 2017] Launched synth_1...
Run output will be captured here: E:/LLX/5/jy/pro/test/YaoPad/YaoPad.runs/synth_1/runme.log
[Sat Dec  2 15:11:26 2017] Launched impl_1...
Run output will be captured here: E:/LLX/5/jy/pro/test/YaoPad/YaoPad.runs/impl_1/runme.log
reset_run synth_1
launch_runs impl_1 -to_step write_bitstream -jobs 5
[Sat Dec  2 15:23:18 2017] Launched synth_1...
Run output will be captured here: E:/LLX/5/jy/pro/test/YaoPad/YaoPad.runs/synth_1/runme.log
[Sat Dec  2 15:23:18 2017] Launched impl_1...
Run output will be captured here: E:/LLX/5/jy/pro/test/YaoPad/YaoPad.runs/impl_1/runme.log
update_compile_order -fileset sources_1
reset_run synth_1
launch_runs impl_1 -to_step write_bitstream -jobs 5
[Sat Dec  2 16:06:23 2017] Launched synth_1...
Run output will be captured here: E:/LLX/5/jy/pro/test/YaoPad/YaoPad.runs/synth_1/runme.log
[Sat Dec  2 16:06:23 2017] Launched impl_1...
Run output will be captured here: E:/LLX/5/jy/pro/test/YaoPad/YaoPad.runs/impl_1/runme.log
