INFO: [VRFC 10-2263] Analyzing Verilog file "E:/XilinxProjects/YaoPad/YaoPad/YaoPad.sim/sim_1/synth/timing/xsim/openmips_min_sopc_tb_time_synth.v" into library xil_defaultlib
INFO: [VRFC 10-311] analyzing module RAM32M_UNIQ_BASE_
INFO: [VRFC 10-311] analyzing module RAM32M_HD17
INFO: [VRFC 10-311] analyzing module RAM32M_HD18
INFO: [VRFC 10-311] analyzing module RAM32M_HD19
INFO: [VRFC 10-311] analyzing module RAM32M_HD20
INFO: [VRFC 10-311] analyzing module RAM32M_HD21
INFO: [VRFC 10-311] analyzing module RAM32M_HD22
INFO: [VRFC 10-311] analyzing module RAM32M_HD23
INFO: [VRFC 10-311] analyzing module RAM32M_HD24
INFO: [VRFC 10-311] analyzing module RAM32M_HD25
INFO: [VRFC 10-311] analyzing module RAM32M_HD26
INFO: [VRFC 10-311] analyzing module RAM32M_HD27
INFO: [VRFC 10-311] analyzing module RAM32M_HD28
INFO: [VRFC 10-311] analyzing module RAM32M_HD29
INFO: [VRFC 10-311] analyzing module RAM32M_HD30
INFO: [VRFC 10-311] analyzing module RAM32M_HD31
INFO: [VRFC 10-311] analyzing module RAM32M_HD32
INFO: [VRFC 10-311] analyzing module cpu
INFO: [VRFC 10-311] analyzing module ctrl
INFO: [VRFC 10-311] analyzing module div
INFO: [VRFC 10-311] analyzing module ex
INFO: [VRFC 10-311] analyzing module ex_mem
INFO: [VRFC 10-311] analyzing module hilo
INFO: [VRFC 10-311] analyzing module id
INFO: [VRFC 10-311] analyzing module id_ex
INFO: [VRFC 10-311] analyzing module if_id
INFO: [VRFC 10-311] analyzing module mem
INFO: [VRFC 10-311] analyzing module mem_wb
INFO: [VRFC 10-311] analyzing module openmips_min_sopc
INFO: [VRFC 10-311] analyzing module pc_rom
INFO: [VRFC 10-311] analyzing module regfile
INFO: [VRFC 10-311] analyzing module glbl
INFO: [VRFC 10-2263] Analyzing Verilog file "E:/XilinxProjects/YaoPad/YaoPad/YaoPad.srcs/sources_1/cpu/openmips_min_sopc_tb.v" into library xil_defaultlib
INFO: [VRFC 10-311] analyzing module pc_rom
WARNING: [VRFC 10-1195] overwriting previous definition of module pc_rom [E:/XilinxProjects/YaoPad/YaoPad/YaoPad.srcs/sources_1/cpu/pc.v:23]
INFO: [VRFC 10-311] analyzing module if_id
WARNING: [VRFC 10-1195] overwriting previous definition of module if_id [E:/XilinxProjects/YaoPad/YaoPad/YaoPad.srcs/sources_1/cpu/if_id.v:23]
INFO: [VRFC 10-311] analyzing module id
WARNING: [VRFC 10-1195] overwriting previous definition of module id [E:/XilinxProjects/YaoPad/YaoPad/YaoPad.srcs/sources_1/cpu/id.v:23]
INFO: [VRFC 10-311] analyzing module regfile
WARNING: [VRFC 10-1195] overwriting previous definition of module regfile [E:/XilinxProjects/YaoPad/YaoPad/YaoPad.srcs/sources_1/cpu/regfile.v:23]
INFO: [VRFC 10-311] analyzing module id_ex
WARNING: [VRFC 10-1195] overwriting previous definition of module id_ex [E:/XilinxProjects/YaoPad/YaoPad/YaoPad.srcs/sources_1/cpu/id_ex.v:23]
INFO: [VRFC 10-311] analyzing module ex
WARNING: [VRFC 10-1195] overwriting previous definition of module ex [E:/XilinxProjects/YaoPad/YaoPad/YaoPad.srcs/sources_1/cpu/ex.v:23]
INFO: [VRFC 10-311] analyzing module ex_mem
WARNING: [VRFC 10-1195] overwriting previous definition of module ex_mem [E:/XilinxProjects/YaoPad/YaoPad/YaoPad.srcs/sources_1/cpu/ex_mem.v:43]
INFO: [VRFC 10-311] analyzing module mem
WARNING: [VRFC 10-1195] overwriting previous definition of module mem [E:/XilinxProjects/YaoPad/YaoPad/YaoPad.srcs/sources_1/cpu/mem.v:23]
INFO: [VRFC 10-311] analyzing module mem_wb
WARNING: [VRFC 10-1195] overwriting previous definition of module mem_wb [E:/XilinxProjects/YaoPad/YaoPad/YaoPad.srcs/sources_1/cpu/mem_wb.v:23]
INFO: [VRFC 10-311] analyzing module hilo
WARNING: [VRFC 10-1195] overwriting previous definition of module hilo [E:/XilinxProjects/YaoPad/YaoPad/YaoPad.srcs/sources_1/cpu/hilo.v:23]
INFO: [VRFC 10-311] analyzing module ctrl
WARNING: [VRFC 10-1195] overwriting previous definition of module ctrl [E:/XilinxProjects/YaoPad/YaoPad/YaoPad.srcs/sources_1/cpu/ctrl.v:23]
INFO: [VRFC 10-311] analyzing module div
WARNING: [VRFC 10-1195] overwriting previous definition of module div [E:/XilinxProjects/YaoPad/YaoPad/YaoPad.srcs/sources_1/cpu/div.v:23]
INFO: [VRFC 10-311] analyzing module cp0
INFO: [VRFC 10-311] analyzing module cpu
WARNING: [VRFC 10-1195] overwriting previous definition of module cpu [E:/XilinxProjects/YaoPad/YaoPad/YaoPad.srcs/sources_1/cpu/cpu.v:36]
INFO: [VRFC 10-311] analyzing module inst_rom
INFO: [VRFC 10-311] analyzing module data_ram
INFO: [VRFC 10-311] analyzing module openmips_min_sopc
WARNING: [VRFC 10-1195] overwriting previous definition of module openmips_min_sopc [E:/XilinxProjects/YaoPad/YaoPad/YaoPad.srcs/sources_1/cpu/openmips_min_sopc.v:43]
INFO: [VRFC 10-311] analyzing module openmips_min_sopc_tb
