srcscan starts
E:/XilinxProjects/YaoPad/YaoPad/YaoPad.srcs/sources_1/cpu/cp0.v(21): INFO: Compiling verilog file "E:/XilinxProjects/YaoPad/YaoPad/YaoPad.srcs/sources_1/new/defines.vh" included at line 21. (VERI-9003)
E:/XilinxProjects/YaoPad/YaoPad/YaoPad.srcs/sources_1/cpu/cp0.v(21): INFO: back to file E:/XilinxProjects/YaoPad/YaoPad/YaoPad.srcs/sources_1/cpu/cp0.v (VERI-2320)
INFO: analyzing module cp0 (VERI-9002)
C:/Users/kzf/AppData/Local/Temp/VivadoEditorAssist375342296262886312.tmp(21): INFO: Compiling verilog file "E:/XilinxProjects/YaoPad/YaoPad/YaoPad.srcs/sources_1/new/defines.vh" included at line 21. (VERI-9003)
C:/Users/kzf/AppData/Local/Temp/VivadoEditorAssist375342296262886312.tmp(21): INFO: back to file C:/Users/kzf/AppData/Local/Temp/VivadoEditorAssist375342296262886312.tmp (VERI-2320)
INFO: analyzing module if_id (VERI-9002)
C:/Users/kzf/AppData/Local/Temp/VivadoEditorAssist3280162454788740311.tmp(21): INFO: Compiling verilog file "E:/XilinxProjects/YaoPad/YaoPad/YaoPad.srcs/sources_1/new/defines.vh" included at line 21. (VERI-9003)
C:/Users/kzf/AppData/Local/Temp/VivadoEditorAssist3280162454788740311.tmp(21): INFO: back to file C:/Users/kzf/AppData/Local/Temp/VivadoEditorAssist3280162454788740311.tmp (VERI-2320)
INFO: analyzing module pc_rom (VERI-9002)
C:/Users/kzf/AppData/Local/Temp/VivadoEditorAssist4531137598302579346.tmp(21): INFO: Compiling verilog file "E:/XilinxProjects/YaoPad/YaoPad/YaoPad.srcs/sources_1/new/defines.vh" included at line 21. (VERI-9003)
C:/Users/kzf/AppData/Local/Temp/VivadoEditorAssist4531137598302579346.tmp(21): INFO: back to file C:/Users/kzf/AppData/Local/Temp/VivadoEditorAssist4531137598302579346.tmp (VERI-2320)
INFO: analyzing module id (VERI-9002)
C:/Users/kzf/AppData/Local/Temp/VivadoEditorAssist4643786576480408035.tmp(21): INFO: Compiling verilog file "E:/XilinxProjects/YaoPad/YaoPad/YaoPad.srcs/sources_1/new/defines.vh" included at line 21. (VERI-9003)
C:/Users/kzf/AppData/Local/Temp/VivadoEditorAssist4643786576480408035.tmp(21): INFO: back to file C:/Users/kzf/AppData/Local/Temp/VivadoEditorAssist4643786576480408035.tmp (VERI-2320)
INFO: analyzing module ex (VERI-9002)
C:/Users/kzf/AppData/Local/Temp/VivadoEditorAssist1841975845897115499.tmp(21): INFO: Compiling verilog file "E:/XilinxProjects/YaoPad/YaoPad/YaoPad.srcs/sources_1/new/defines.vh" included at line 21. (VERI-9003)
C:/Users/kzf/AppData/Local/Temp/VivadoEditorAssist1841975845897115499.tmp(21): INFO: back to file C:/Users/kzf/AppData/Local/Temp/VivadoEditorAssist1841975845897115499.tmp (VERI-2320)
INFO: analyzing module id_ex (VERI-9002)
C:/Users/kzf/AppData/Local/Temp/VivadoEditorAssist1906010207063060812.tmp(21): INFO: Compiling verilog file "E:/XilinxProjects/YaoPad/YaoPad/YaoPad.srcs/sources_1/new/defines.vh" included at line 21. (VERI-9003)
C:/Users/kzf/AppData/Local/Temp/VivadoEditorAssist1906010207063060812.tmp(21): INFO: back to file C:/Users/kzf/AppData/Local/Temp/VivadoEditorAssist1906010207063060812.tmp (VERI-2320)
INFO: analyzing module regfile (VERI-9002)
E:/XilinxProjects/YaoPad/YaoPad/YaoPad.srcs/sources_1/cpu/mem.v(21): INFO: Compiling verilog file "E:/XilinxProjects/YaoPad/YaoPad/YaoPad.srcs/sources_1/new/defines.vh" included at line 21. (VERI-9003)
E:/XilinxProjects/YaoPad/YaoPad/YaoPad.srcs/sources_1/cpu/mem.v(21): INFO: back to file E:/XilinxProjects/YaoPad/YaoPad/YaoPad.srcs/sources_1/cpu/mem.v (VERI-2320)
INFO: analyzing module mem (VERI-9002)
E:/XilinxProjects/YaoPad/YaoPad/YaoPad.srcs/sources_1/cpu/ex_mem.v(41): INFO: Compiling verilog file "E:/XilinxProjects/YaoPad/YaoPad/YaoPad.srcs/sources_1/new/defines.vh" included at line 41. (VERI-9003)
E:/XilinxProjects/YaoPad/YaoPad/YaoPad.srcs/sources_1/cpu/ex_mem.v(41): INFO: back to file E:/XilinxProjects/YaoPad/YaoPad/YaoPad.srcs/sources_1/cpu/ex_mem.v (VERI-2320)
INFO: analyzing module ex_mem (VERI-9002)
E:/XilinxProjects/YaoPad/YaoPad/YaoPad.srcs/sources_1/cpu/mem_wb.v(21): INFO: Compiling verilog file "E:/XilinxProjects/YaoPad/YaoPad/YaoPad.srcs/sources_1/new/defines.vh" included at line 21. (VERI-9003)
E:/XilinxProjects/YaoPad/YaoPad/YaoPad.srcs/sources_1/cpu/mem_wb.v(21): INFO: back to file E:/XilinxProjects/YaoPad/YaoPad/YaoPad.srcs/sources_1/cpu/mem_wb.v (VERI-2320)
INFO: analyzing module mem_wb (VERI-9002)
E:/XilinxProjects/YaoPad/YaoPad/YaoPad.srcs/sources_1/cpu/hilo.v(21): INFO: Compiling verilog file "E:/XilinxProjects/YaoPad/YaoPad/YaoPad.srcs/sources_1/new/defines.vh" included at line 21. (VERI-9003)
E:/XilinxProjects/YaoPad/YaoPad/YaoPad.srcs/sources_1/cpu/hilo.v(21): INFO: back to file E:/XilinxProjects/YaoPad/YaoPad/YaoPad.srcs/sources_1/cpu/hilo.v (VERI-2320)
INFO: analyzing module hilo (VERI-9002)
E:/XilinxProjects/YaoPad/YaoPad/YaoPad.srcs/sources_1/cpu/ctrl.v(21): INFO: Compiling verilog file "E:/XilinxProjects/YaoPad/YaoPad/YaoPad.srcs/sources_1/new/defines.vh" included at line 21. (VERI-9003)
E:/XilinxProjects/YaoPad/YaoPad/YaoPad.srcs/sources_1/cpu/ctrl.v(21): INFO: back to file E:/XilinxProjects/YaoPad/YaoPad/YaoPad.srcs/sources_1/cpu/ctrl.v (VERI-2320)
INFO: analyzing module ctrl (VERI-9002)
E:/XilinxProjects/YaoPad/YaoPad/YaoPad.srcs/sources_1/cpu/div.v(21): INFO: Compiling verilog file "E:/XilinxProjects/YaoPad/YaoPad/YaoPad.srcs/sources_1/new/defines.vh" included at line 21. (VERI-9003)
E:/XilinxProjects/YaoPad/YaoPad/YaoPad.srcs/sources_1/cpu/div.v(21): INFO: back to file E:/XilinxProjects/YaoPad/YaoPad/YaoPad.srcs/sources_1/cpu/div.v (VERI-2320)
INFO: analyzing module div (VERI-9002)
C:/Users/kzf/AppData/Local/Temp/VivadoEditorAssist2872547506429781386.tmp(21): INFO: Compiling verilog file "E:/XilinxProjects/YaoPad/YaoPad/YaoPad.srcs/sources_1/new/defines.vh" included at line 21. (VERI-9003)
C:/Users/kzf/AppData/Local/Temp/VivadoEditorAssist2872547506429781386.tmp(21): INFO: back to file C:/Users/kzf/AppData/Local/Temp/VivadoEditorAssist2872547506429781386.tmp (VERI-2320)
C:/Users/kzf/AppData/Local/Temp/VivadoEditorAssist2872547506429781386.tmp(22): INFO: Compiling verilog file "E:/XilinxProjects/YaoPad/YaoPad/YaoPad.srcs/sources_1/cpu/pc.v" included at line 22. (VERI-9003)
E:/XilinxProjects/YaoPad/YaoPad/YaoPad.srcs/sources_1/cpu/pc.v(21): INFO: Compiling verilog file "E:/XilinxProjects/YaoPad/YaoPad/YaoPad.srcs/sources_1/new/defines.vh" included at line 21. (VERI-9003)
E:/XilinxProjects/YaoPad/YaoPad/YaoPad.srcs/sources_1/cpu/pc.v(21): INFO: back to file E:/XilinxProjects/YaoPad/YaoPad/YaoPad.srcs/sources_1/cpu/pc.v (VERI-2320)
INFO: analyzing module pc_rom (VERI-9002)
E:/XilinxProjects/YaoPad/YaoPad/YaoPad.srcs/sources_1/cpu/pc.v(23): WARNING: module pc_rom is previously defined, ignoring this definition (VERI-2171)
C:/Users/kzf/AppData/Local/Temp/VivadoEditorAssist2872547506429781386.tmp(22): INFO: back to file C:/Users/kzf/AppData/Local/Temp/VivadoEditorAssist2872547506429781386.tmp (VERI-2320)
C:/Users/kzf/AppData/Local/Temp/VivadoEditorAssist2872547506429781386.tmp(23): INFO: Compiling verilog file "E:/XilinxProjects/YaoPad/YaoPad/YaoPad.srcs/sources_1/cpu/if_id.v" included at line 23. (VERI-9003)
E:/XilinxProjects/YaoPad/YaoPad/YaoPad.srcs/sources_1/cpu/if_id.v(21): INFO: Compiling verilog file "E:/XilinxProjects/YaoPad/YaoPad/YaoPad.srcs/sources_1/new/defines.vh" included at line 21. (VERI-9003)
E:/XilinxProjects/YaoPad/YaoPad/YaoPad.srcs/sources_1/cpu/if_id.v(21): INFO: back to file E:/XilinxProjects/YaoPad/YaoPad/YaoPad.srcs/sources_1/cpu/if_id.v (VERI-2320)
INFO: analyzing module if_id (VERI-9002)
E:/XilinxProjects/YaoPad/YaoPad/YaoPad.srcs/sources_1/cpu/if_id.v(23): WARNING: module if_id is previously defined, ignoring this definition (VERI-2171)
C:/Users/kzf/AppData/Local/Temp/VivadoEditorAssist2872547506429781386.tmp(23): INFO: back to file C:/Users/kzf/AppData/Local/Temp/VivadoEditorAssist2872547506429781386.tmp (VERI-2320)
C:/Users/kzf/AppData/Local/Temp/VivadoEditorAssist2872547506429781386.tmp(24): INFO: Compiling verilog file "E:/XilinxProjects/YaoPad/YaoPad/YaoPad.srcs/sources_1/cpu/id.v" included at line 24. (VERI-9003)
E:/XilinxProjects/YaoPad/YaoPad/YaoPad.srcs/sources_1/cpu/id.v(21): INFO: Compiling verilog file "E:/XilinxProjects/YaoPad/YaoPad/YaoPad.srcs/sources_1/new/defines.vh" included at line 21. (VERI-9003)
E:/XilinxProjects/YaoPad/YaoPad/YaoPad.srcs/sources_1/cpu/id.v(21): INFO: back to file E:/XilinxProjects/YaoPad/YaoPad/YaoPad.srcs/sources_1/cpu/id.v (VERI-2320)
INFO: analyzing module id (VERI-9002)
E:/XilinxProjects/YaoPad/YaoPad/YaoPad.srcs/sources_1/cpu/id.v(23): WARNING: module id is previously defined, ignoring this definition (VERI-2171)
C:/Users/kzf/AppData/Local/Temp/VivadoEditorAssist2872547506429781386.tmp(24): INFO: back to file C:/Users/kzf/AppData/Local/Temp/VivadoEditorAssist2872547506429781386.tmp (VERI-2320)
C:/Users/kzf/AppData/Local/Temp/VivadoEditorAssist2872547506429781386.tmp(25): INFO: Compiling verilog file "E:/XilinxProjects/YaoPad/YaoPad/YaoPad.srcs/sources_1/cpu/regfile.v" included at line 25. (VERI-9003)
E:/XilinxProjects/YaoPad/YaoPad/YaoPad.srcs/sources_1/cpu/regfile.v(21): INFO: Compiling verilog file "E:/XilinxProjects/YaoPad/YaoPad/YaoPad.srcs/sources_1/new/defines.vh" included at line 21. (VERI-9003)
E:/XilinxProjects/YaoPad/YaoPad/YaoPad.srcs/sources_1/cpu/regfile.v(21): INFO: back to file E:/XilinxProjects/YaoPad/YaoPad/YaoPad.srcs/sources_1/cpu/regfile.v (VERI-2320)
INFO: analyzing module regfile (VERI-9002)
E:/XilinxProjects/YaoPad/YaoPad/YaoPad.srcs/sources_1/cpu/regfile.v(23): WARNING: module regfile is previously defined, ignoring this definition (VERI-2171)
C:/Users/kzf/AppData/Local/Temp/VivadoEditorAssist2872547506429781386.tmp(25): INFO: back to file C:/Users/kzf/AppData/Local/Temp/VivadoEditorAssist2872547506429781386.tmp (VERI-2320)
C:/Users/kzf/AppData/Local/Temp/VivadoEditorAssist2872547506429781386.tmp(26): INFO: Compiling verilog file "E:/XilinxProjects/YaoPad/YaoPad/YaoPad.srcs/sources_1/cpu/id_ex.v" included at line 26. (VERI-9003)
E:/XilinxProjects/YaoPad/YaoPad/YaoPad.srcs/sources_1/cpu/id_ex.v(21): INFO: Compiling verilog file "E:/XilinxProjects/YaoPad/YaoPad/YaoPad.srcs/sources_1/new/defines.vh" included at line 21. (VERI-9003)
E:/XilinxProjects/YaoPad/YaoPad/YaoPad.srcs/sources_1/cpu/id_ex.v(21): INFO: back to file E:/XilinxProjects/YaoPad/YaoPad/YaoPad.srcs/sources_1/cpu/id_ex.v (VERI-2320)
INFO: analyzing module id_ex (VERI-9002)
E:/XilinxProjects/YaoPad/YaoPad/YaoPad.srcs/sources_1/cpu/id_ex.v(23): WARNING: module id_ex is previously defined, ignoring this definition (VERI-2171)
C:/Users/kzf/AppData/Local/Temp/VivadoEditorAssist2872547506429781386.tmp(26): INFO: back to file C:/Users/kzf/AppData/Local/Temp/VivadoEditorAssist2872547506429781386.tmp (VERI-2320)
C:/Users/kzf/AppData/Local/Temp/VivadoEditorAssist2872547506429781386.tmp(27): INFO: Compiling verilog file "E:/XilinxProjects/YaoPad/YaoPad/YaoPad.srcs/sources_1/cpu/ex.v" included at line 27. (VERI-9003)
E:/XilinxProjects/YaoPad/YaoPad/YaoPad.srcs/sources_1/cpu/ex.v(21): INFO: Compiling verilog file "E:/XilinxProjects/YaoPad/YaoPad/YaoPad.srcs/sources_1/new/defines.vh" included at line 21. (VERI-9003)
E:/XilinxProjects/YaoPad/YaoPad/YaoPad.srcs/sources_1/cpu/ex.v(21): INFO: back to file E:/XilinxProjects/YaoPad/YaoPad/YaoPad.srcs/sources_1/cpu/ex.v (VERI-2320)
INFO: analyzing module ex (VERI-9002)
E:/XilinxProjects/YaoPad/YaoPad/YaoPad.srcs/sources_1/cpu/ex.v(23): WARNING: module ex is previously defined, ignoring this definition (VERI-2171)
C:/Users/kzf/AppData/Local/Temp/VivadoEditorAssist2872547506429781386.tmp(27): INFO: back to file C:/Users/kzf/AppData/Local/Temp/VivadoEditorAssist2872547506429781386.tmp (VERI-2320)
C:/Users/kzf/AppData/Local/Temp/VivadoEditorAssist2872547506429781386.tmp(28): INFO: Compiling verilog file "E:/XilinxProjects/YaoPad/YaoPad/YaoPad.srcs/sources_1/cpu/ex_mem.v" included at line 28. (VERI-9003)
E:/XilinxProjects/YaoPad/YaoPad/YaoPad.srcs/sources_1/cpu/ex_mem.v(41): INFO: Compiling verilog file "E:/XilinxProjects/YaoPad/YaoPad/YaoPad.srcs/sources_1/new/defines.vh" included at line 41. (VERI-9003)
E:/XilinxProjects/YaoPad/YaoPad/YaoPad.srcs/sources_1/cpu/ex_mem.v(41): INFO: back to file E:/XilinxProjects/YaoPad/YaoPad/YaoPad.srcs/sources_1/cpu/ex_mem.v (VERI-2320)
INFO: analyzing module ex_mem (VERI-9002)
E:/XilinxProjects/YaoPad/YaoPad/YaoPad.srcs/sources_1/cpu/ex_mem.v(43): WARNING: module ex_mem is previously defined, ignoring this definition (VERI-2171)
C:/Users/kzf/AppData/Local/Temp/VivadoEditorAssist2872547506429781386.tmp(28): INFO: back to file C:/Users/kzf/AppData/Local/Temp/VivadoEditorAssist2872547506429781386.tmp (VERI-2320)
C:/Users/kzf/AppData/Local/Temp/VivadoEditorAssist2872547506429781386.tmp(29): INFO: Compiling verilog file "E:/XilinxProjects/YaoPad/YaoPad/YaoPad.srcs/sources_1/cpu/mem.v" included at line 29. (VERI-9003)
E:/XilinxProjects/YaoPad/YaoPad/YaoPad.srcs/sources_1/cpu/mem.v(21): INFO: Compiling verilog file "E:/XilinxProjects/YaoPad/YaoPad/YaoPad.srcs/sources_1/new/defines.vh" included at line 21. (VERI-9003)
E:/XilinxProjects/YaoPad/YaoPad/YaoPad.srcs/sources_1/cpu/mem.v(21): INFO: back to file E:/XilinxProjects/YaoPad/YaoPad/YaoPad.srcs/sources_1/cpu/mem.v (VERI-2320)
INFO: analyzing module mem (VERI-9002)
E:/XilinxProjects/YaoPad/YaoPad/YaoPad.srcs/sources_1/cpu/mem.v(23): WARNING: module mem is previously defined, ignoring this definition (VERI-2171)
C:/Users/kzf/AppData/Local/Temp/VivadoEditorAssist2872547506429781386.tmp(29): INFO: back to file C:/Users/kzf/AppData/Local/Temp/VivadoEditorAssist2872547506429781386.tmp (VERI-2320)
C:/Users/kzf/AppData/Local/Temp/VivadoEditorAssist2872547506429781386.tmp(30): INFO: Compiling verilog file "E:/XilinxProjects/YaoPad/YaoPad/YaoPad.srcs/sources_1/cpu/mem_wb.v" included at line 30. (VERI-9003)
E:/XilinxProjects/YaoPad/YaoPad/YaoPad.srcs/sources_1/cpu/mem_wb.v(21): INFO: Compiling verilog file "E:/XilinxProjects/YaoPad/YaoPad/YaoPad.srcs/sources_1/new/defines.vh" included at line 21. (VERI-9003)
E:/XilinxProjects/YaoPad/YaoPad/YaoPad.srcs/sources_1/cpu/mem_wb.v(21): INFO: back to file E:/XilinxProjects/YaoPad/YaoPad/YaoPad.srcs/sources_1/cpu/mem_wb.v (VERI-2320)
INFO: analyzing module mem_wb (VERI-9002)
E:/XilinxProjects/YaoPad/YaoPad/YaoPad.srcs/sources_1/cpu/mem_wb.v(23): WARNING: module mem_wb is previously defined, ignoring this definition (VERI-2171)
C:/Users/kzf/AppData/Local/Temp/VivadoEditorAssist2872547506429781386.tmp(30): INFO: back to file C:/Users/kzf/AppData/Local/Temp/VivadoEditorAssist2872547506429781386.tmp (VERI-2320)
C:/Users/kzf/AppData/Local/Temp/VivadoEditorAssist2872547506429781386.tmp(31): INFO: Compiling verilog file "E:/XilinxProjects/YaoPad/YaoPad/YaoPad.srcs/sources_1/cpu/hilo.v" included at line 31. (VERI-9003)
E:/XilinxProjects/YaoPad/YaoPad/YaoPad.srcs/sources_1/cpu/hilo.v(21): INFO: Compiling verilog file "E:/XilinxProjects/YaoPad/YaoPad/YaoPad.srcs/sources_1/new/defines.vh" included at line 21. (VERI-9003)
E:/XilinxProjects/YaoPad/YaoPad/YaoPad.srcs/sources_1/cpu/hilo.v(21): INFO: back to file E:/XilinxProjects/YaoPad/YaoPad/YaoPad.srcs/sources_1/cpu/hilo.v (VERI-2320)
INFO: analyzing module hilo (VERI-9002)
E:/XilinxProjects/YaoPad/YaoPad/YaoPad.srcs/sources_1/cpu/hilo.v(23): WARNING: module hilo is previously defined, ignoring this definition (VERI-2171)
C:/Users/kzf/AppData/Local/Temp/VivadoEditorAssist2872547506429781386.tmp(31): INFO: back to file C:/Users/kzf/AppData/Local/Temp/VivadoEditorAssist2872547506429781386.tmp (VERI-2320)
C:/Users/kzf/AppData/Local/Temp/VivadoEditorAssist2872547506429781386.tmp(32): INFO: Compiling verilog file "E:/XilinxProjects/YaoPad/YaoPad/YaoPad.srcs/sources_1/cpu/ctrl.v" included at line 32. (VERI-9003)
E:/XilinxProjects/YaoPad/YaoPad/YaoPad.srcs/sources_1/cpu/ctrl.v(21): INFO: Compiling verilog file "E:/XilinxProjects/YaoPad/YaoPad/YaoPad.srcs/sources_1/new/defines.vh" included at line 21. (VERI-9003)
E:/XilinxProjects/YaoPad/YaoPad/YaoPad.srcs/sources_1/cpu/ctrl.v(21): INFO: back to file E:/XilinxProjects/YaoPad/YaoPad/YaoPad.srcs/sources_1/cpu/ctrl.v (VERI-2320)
INFO: analyzing module ctrl (VERI-9002)
E:/XilinxProjects/YaoPad/YaoPad/YaoPad.srcs/sources_1/cpu/ctrl.v(23): WARNING: module ctrl is previously defined, ignoring this definition (VERI-2171)
C:/Users/kzf/AppData/Local/Temp/VivadoEditorAssist2872547506429781386.tmp(32): INFO: back to file C:/Users/kzf/AppData/Local/Temp/VivadoEditorAssist2872547506429781386.tmp (VERI-2320)
C:/Users/kzf/AppData/Local/Temp/VivadoEditorAssist2872547506429781386.tmp(33): INFO: Compiling verilog file "E:/XilinxProjects/YaoPad/YaoPad/YaoPad.srcs/sources_1/cpu/div.v" included at line 33. (VERI-9003)
E:/XilinxProjects/YaoPad/YaoPad/YaoPad.srcs/sources_1/cpu/div.v(21): INFO: Compiling verilog file "E:/XilinxProjects/YaoPad/YaoPad/YaoPad.srcs/sources_1/new/defines.vh" included at line 21. (VERI-9003)
E:/XilinxProjects/YaoPad/YaoPad/YaoPad.srcs/sources_1/cpu/div.v(21): INFO: back to file E:/XilinxProjects/YaoPad/YaoPad/YaoPad.srcs/sources_1/cpu/div.v (VERI-2320)
INFO: analyzing module div (VERI-9002)
E:/XilinxProjects/YaoPad/YaoPad/YaoPad.srcs/sources_1/cpu/div.v(23): WARNING: module div is previously defined, ignoring this definition (VERI-2171)
C:/Users/kzf/AppData/Local/Temp/VivadoEditorAssist2872547506429781386.tmp(33): INFO: back to file C:/Users/kzf/AppData/Local/Temp/VivadoEditorAssist2872547506429781386.tmp (VERI-2320)
C:/Users/kzf/AppData/Local/Temp/VivadoEditorAssist2872547506429781386.tmp(34): INFO: Compiling verilog file "E:/XilinxProjects/YaoPad/YaoPad/YaoPad.srcs/sources_1/cpu/cp0.v" included at line 34. (VERI-9003)
E:/XilinxProjects/YaoPad/YaoPad/YaoPad.srcs/sources_1/cpu/cp0.v(21): INFO: Compiling verilog file "E:/XilinxProjects/YaoPad/YaoPad/YaoPad.srcs/sources_1/new/defines.vh" included at line 21. (VERI-9003)
E:/XilinxProjects/YaoPad/YaoPad/YaoPad.srcs/sources_1/cpu/cp0.v(21): INFO: back to file E:/XilinxProjects/YaoPad/YaoPad/YaoPad.srcs/sources_1/cpu/cp0.v (VERI-2320)
INFO: analyzing module cp0 (VERI-9002)
E:/XilinxProjects/YaoPad/YaoPad/YaoPad.srcs/sources_1/cpu/cp0.v(23): WARNING: module cp0 is previously defined, ignoring this definition (VERI-2171)
C:/Users/kzf/AppData/Local/Temp/VivadoEditorAssist2872547506429781386.tmp(34): INFO: back to file C:/Users/kzf/AppData/Local/Temp/VivadoEditorAssist2872547506429781386.tmp (VERI-2320)
INFO: analyzing module cpu (VERI-9002)
INFO: analyzing module data_ram (VERI-9002)
C:/Users/kzf/AppData/Local/Temp/VivadoEditorAssist8184436925243773471.tmp(33): INFO: Compiling verilog file "E:/XilinxProjects/YaoPad/YaoPad/YaoPad.srcs/sources_1/new/defines.vh" included at line 33. (VERI-9003)
C:/Users/kzf/AppData/Local/Temp/VivadoEditorAssist8184436925243773471.tmp(33): INFO: back to file C:/Users/kzf/AppData/Local/Temp/VivadoEditorAssist8184436925243773471.tmp (VERI-2320)
INFO: analyzing module inst_rom (VERI-9002)
C:/Users/kzf/AppData/Local/Temp/VivadoEditorAssist3259539580284563110.tmp(38): INFO: Compiling verilog file "E:/XilinxProjects/YaoPad/YaoPad/YaoPad.srcs/sources_1/new/defines.vh" included at line 38. (VERI-9003)
C:/Users/kzf/AppData/Local/Temp/VivadoEditorAssist3259539580284563110.tmp(38): INFO: back to file C:/Users/kzf/AppData/Local/Temp/VivadoEditorAssist3259539580284563110.tmp (VERI-2320)
C:/Users/kzf/AppData/Local/Temp/VivadoEditorAssist3259539580284563110.tmp(39): INFO: Compiling verilog file "E:/XilinxProjects/YaoPad/YaoPad/YaoPad.srcs/sources_1/cpu/cpu.v" included at line 39. (VERI-9003)
E:/XilinxProjects/YaoPad/YaoPad/YaoPad.srcs/sources_1/cpu/cpu.v(21): INFO: Compiling verilog file "E:/XilinxProjects/YaoPad/YaoPad/YaoPad.srcs/sources_1/new/defines.vh" included at line 21. (VERI-9003)
E:/XilinxProjects/YaoPad/YaoPad/YaoPad.srcs/sources_1/cpu/cpu.v(21): INFO: back to file E:/XilinxProjects/YaoPad/YaoPad/YaoPad.srcs/sources_1/cpu/cpu.v (VERI-2320)
E:/XilinxProjects/YaoPad/YaoPad/YaoPad.srcs/sources_1/cpu/cpu.v(22): INFO: Compiling verilog file "E:/XilinxProjects/YaoPad/YaoPad/YaoPad.srcs/sources_1/cpu/pc.v" included at line 22. (VERI-9003)
E:/XilinxProjects/YaoPad/YaoPad/YaoPad.srcs/sources_1/cpu/pc.v(21): INFO: Compiling verilog file "E:/XilinxProjects/YaoPad/YaoPad/YaoPad.srcs/sources_1/new/defines.vh" included at line 21. (VERI-9003)
E:/XilinxProjects/YaoPad/YaoPad/YaoPad.srcs/sources_1/cpu/pc.v(21): INFO: back to file E:/XilinxProjects/YaoPad/YaoPad/YaoPad.srcs/sources_1/cpu/pc.v (VERI-2320)
INFO: analyzing module pc_rom (VERI-9002)
E:/XilinxProjects/YaoPad/YaoPad/YaoPad.srcs/sources_1/cpu/pc.v(23): WARNING: module pc_rom is previously defined, ignoring this definition (VERI-2171)
E:/XilinxProjects/YaoPad/YaoPad/YaoPad.srcs/sources_1/cpu/cpu.v(22): INFO: back to file E:/XilinxProjects/YaoPad/YaoPad/YaoPad.srcs/sources_1/cpu/cpu.v (VERI-2320)
E:/XilinxProjects/YaoPad/YaoPad/YaoPad.srcs/sources_1/cpu/cpu.v(23): INFO: Compiling verilog file "E:/XilinxProjects/YaoPad/YaoPad/YaoPad.srcs/sources_1/cpu/if_id.v" included at line 23. (VERI-9003)
E:/XilinxProjects/YaoPad/YaoPad/YaoPad.srcs/sources_1/cpu/if_id.v(21): INFO: Compiling verilog file "E:/XilinxProjects/YaoPad/YaoPad/YaoPad.srcs/sources_1/new/defines.vh" included at line 21. (VERI-9003)
E:/XilinxProjects/YaoPad/YaoPad/YaoPad.srcs/sources_1/cpu/if_id.v(21): INFO: back to file E:/XilinxProjects/YaoPad/YaoPad/YaoPad.srcs/sources_1/cpu/if_id.v (VERI-2320)
INFO: analyzing module if_id (VERI-9002)
E:/XilinxProjects/YaoPad/YaoPad/YaoPad.srcs/sources_1/cpu/if_id.v(23): WARNING: module if_id is previously defined, ignoring this definition (VERI-2171)
E:/XilinxProjects/YaoPad/YaoPad/YaoPad.srcs/sources_1/cpu/cpu.v(23): INFO: back to file E:/XilinxProjects/YaoPad/YaoPad/YaoPad.srcs/sources_1/cpu/cpu.v (VERI-2320)
E:/XilinxProjects/YaoPad/YaoPad/YaoPad.srcs/sources_1/cpu/cpu.v(24): INFO: Compiling verilog file "E:/XilinxProjects/YaoPad/YaoPad/YaoPad.srcs/sources_1/cpu/id.v" included at line 24. (VERI-9003)
E:/XilinxProjects/YaoPad/YaoPad/YaoPad.srcs/sources_1/cpu/id.v(21): INFO: Compiling verilog file "E:/XilinxProjects/YaoPad/YaoPad/YaoPad.srcs/sources_1/new/defines.vh" included at line 21. (VERI-9003)
E:/XilinxProjects/YaoPad/YaoPad/YaoPad.srcs/sources_1/cpu/id.v(21): INFO: back to file E:/XilinxProjects/YaoPad/YaoPad/YaoPad.srcs/sources_1/cpu/id.v (VERI-2320)
INFO: analyzing module id (VERI-9002)
E:/XilinxProjects/YaoPad/YaoPad/YaoPad.srcs/sources_1/cpu/id.v(23): WARNING: module id is previously defined, ignoring this definition (VERI-2171)
E:/XilinxProjects/YaoPad/YaoPad/YaoPad.srcs/sources_1/cpu/cpu.v(24): INFO: back to file E:/XilinxProjects/YaoPad/YaoPad/YaoPad.srcs/sources_1/cpu/cpu.v (VERI-2320)
E:/XilinxProjects/YaoPad/YaoPad/YaoPad.srcs/sources_1/cpu/cpu.v(25): INFO: Compiling verilog file "E:/XilinxProjects/YaoPad/YaoPad/YaoPad.srcs/sources_1/cpu/regfile.v" included at line 25. (VERI-9003)
E:/XilinxProjects/YaoPad/YaoPad/YaoPad.srcs/sources_1/cpu/regfile.v(21): INFO: Compiling verilog file "E:/XilinxProjects/YaoPad/YaoPad/YaoPad.srcs/sources_1/new/defines.vh" included at line 21. (VERI-9003)
E:/XilinxProjects/YaoPad/YaoPad/YaoPad.srcs/sources_1/cpu/regfile.v(21): INFO: back to file E:/XilinxProjects/YaoPad/YaoPad/YaoPad.srcs/sources_1/cpu/regfile.v (VERI-2320)
INFO: analyzing module regfile (VERI-9002)
E:/XilinxProjects/YaoPad/YaoPad/YaoPad.srcs/sources_1/cpu/regfile.v(23): WARNING: module regfile is previously defined, ignoring this definition (VERI-2171)
E:/XilinxProjects/YaoPad/YaoPad/YaoPad.srcs/sources_1/cpu/cpu.v(25): INFO: back to file E:/XilinxProjects/YaoPad/YaoPad/YaoPad.srcs/sources_1/cpu/cpu.v (VERI-2320)
E:/XilinxProjects/YaoPad/YaoPad/YaoPad.srcs/sources_1/cpu/cpu.v(26): INFO: Compiling verilog file "E:/XilinxProjects/YaoPad/YaoPad/YaoPad.srcs/sources_1/cpu/id_ex.v" included at line 26. (VERI-9003)
E:/XilinxProjects/YaoPad/YaoPad/YaoPad.srcs/sources_1/cpu/id_ex.v(21): INFO: Compiling verilog file "E:/XilinxProjects/YaoPad/YaoPad/YaoPad.srcs/sources_1/new/defines.vh" included at line 21. (VERI-9003)
E:/XilinxProjects/YaoPad/YaoPad/YaoPad.srcs/sources_1/cpu/id_ex.v(21): INFO: back to file E:/XilinxProjects/YaoPad/YaoPad/YaoPad.srcs/sources_1/cpu/id_ex.v (VERI-2320)
INFO: analyzing module id_ex (VERI-9002)
E:/XilinxProjects/YaoPad/YaoPad/YaoPad.srcs/sources_1/cpu/id_ex.v(23): WARNING: module id_ex is previously defined, ignoring this definition (VERI-2171)
E:/XilinxProjects/YaoPad/YaoPad/YaoPad.srcs/sources_1/cpu/cpu.v(26): INFO: back to file E:/XilinxProjects/YaoPad/YaoPad/YaoPad.srcs/sources_1/cpu/cpu.v (VERI-2320)
E:/XilinxProjects/YaoPad/YaoPad/YaoPad.srcs/sources_1/cpu/cpu.v(27): INFO: Compiling verilog file "E:/XilinxProjects/YaoPad/YaoPad/YaoPad.srcs/sources_1/cpu/ex.v" included at line 27. (VERI-9003)
E:/XilinxProjects/YaoPad/YaoPad/YaoPad.srcs/sources_1/cpu/ex.v(21): INFO: Compiling verilog file "E:/XilinxProjects/YaoPad/YaoPad/YaoPad.srcs/sources_1/new/defines.vh" included at line 21. (VERI-9003)
E:/XilinxProjects/YaoPad/YaoPad/YaoPad.srcs/sources_1/cpu/ex.v(21): INFO: back to file E:/XilinxProjects/YaoPad/YaoPad/YaoPad.srcs/sources_1/cpu/ex.v (VERI-2320)
INFO: analyzing module ex (VERI-9002)
E:/XilinxProjects/YaoPad/YaoPad/YaoPad.srcs/sources_1/cpu/ex.v(23): WARNING: module ex is previously defined, ignoring this definition (VERI-2171)
E:/XilinxProjects/YaoPad/YaoPad/YaoPad.srcs/sources_1/cpu/cpu.v(27): INFO: back to file E:/XilinxProjects/YaoPad/YaoPad/YaoPad.srcs/sources_1/cpu/cpu.v (VERI-2320)
E:/XilinxProjects/YaoPad/YaoPad/YaoPad.srcs/sources_1/cpu/cpu.v(28): INFO: Compiling verilog file "E:/XilinxProjects/YaoPad/YaoPad/YaoPad.srcs/sources_1/cpu/ex_mem.v" included at line 28. (VERI-9003)
E:/XilinxProjects/YaoPad/YaoPad/YaoPad.srcs/sources_1/cpu/ex_mem.v(41): INFO: Compiling verilog file "E:/XilinxProjects/YaoPad/YaoPad/YaoPad.srcs/sources_1/new/defines.vh" included at line 41. (VERI-9003)
E:/XilinxProjects/YaoPad/YaoPad/YaoPad.srcs/sources_1/cpu/ex_mem.v(41): INFO: back to file E:/XilinxProjects/YaoPad/YaoPad/YaoPad.srcs/sources_1/cpu/ex_mem.v (VERI-2320)
INFO: analyzing module ex_mem (VERI-9002)
E:/XilinxProjects/YaoPad/YaoPad/YaoPad.srcs/sources_1/cpu/ex_mem.v(43): WARNING: module ex_mem is previously defined, ignoring this definition (VERI-2171)
E:/XilinxProjects/YaoPad/YaoPad/YaoPad.srcs/sources_1/cpu/cpu.v(28): INFO: back to file E:/XilinxProjects/YaoPad/YaoPad/YaoPad.srcs/sources_1/cpu/cpu.v (VERI-2320)
E:/XilinxProjects/YaoPad/YaoPad/YaoPad.srcs/sources_1/cpu/cpu.v(29): INFO: Compiling verilog file "E:/XilinxProjects/YaoPad/YaoPad/YaoPad.srcs/sources_1/cpu/mem.v" included at line 29. (VERI-9003)
E:/XilinxProjects/YaoPad/YaoPad/YaoPad.srcs/sources_1/cpu/mem.v(21): INFO: Compiling verilog file "E:/XilinxProjects/YaoPad/YaoPad/YaoPad.srcs/sources_1/new/defines.vh" included at line 21. (VERI-9003)
E:/XilinxProjects/YaoPad/YaoPad/YaoPad.srcs/sources_1/cpu/mem.v(21): INFO: back to file E:/XilinxProjects/YaoPad/YaoPad/YaoPad.srcs/sources_1/cpu/mem.v (VERI-2320)
INFO: analyzing module mem (VERI-9002)
E:/XilinxProjects/YaoPad/YaoPad/YaoPad.srcs/sources_1/cpu/mem.v(23): WARNING: module mem is previously defined, ignoring this definition (VERI-2171)
E:/XilinxProjects/YaoPad/YaoPad/YaoPad.srcs/sources_1/cpu/cpu.v(29): INFO: back to file E:/XilinxProjects/YaoPad/YaoPad/YaoPad.srcs/sources_1/cpu/cpu.v (VERI-2320)
E:/XilinxProjects/YaoPad/YaoPad/YaoPad.srcs/sources_1/cpu/cpu.v(30): INFO: Compiling verilog file "E:/XilinxProjects/YaoPad/YaoPad/YaoPad.srcs/sources_1/cpu/mem_wb.v" included at line 30. (VERI-9003)
E:/XilinxProjects/YaoPad/YaoPad/YaoPad.srcs/sources_1/cpu/mem_wb.v(21): INFO: Compiling verilog file "E:/XilinxProjects/YaoPad/YaoPad/YaoPad.srcs/sources_1/new/defines.vh" included at line 21. (VERI-9003)
E:/XilinxProjects/YaoPad/YaoPad/YaoPad.srcs/sources_1/cpu/mem_wb.v(21): INFO: back to file E:/XilinxProjects/YaoPad/YaoPad/YaoPad.srcs/sources_1/cpu/mem_wb.v (VERI-2320)
INFO: analyzing module mem_wb (VERI-9002)
E:/XilinxProjects/YaoPad/YaoPad/YaoPad.srcs/sources_1/cpu/mem_wb.v(23): WARNING: module mem_wb is previously defined, ignoring this definition (VERI-2171)
E:/XilinxProjects/YaoPad/YaoPad/YaoPad.srcs/sources_1/cpu/cpu.v(30): INFO: back to file E:/XilinxProjects/YaoPad/YaoPad/YaoPad.srcs/sources_1/cpu/cpu.v (VERI-2320)
E:/XilinxProjects/YaoPad/YaoPad/YaoPad.srcs/sources_1/cpu/cpu.v(31): INFO: Compiling verilog file "E:/XilinxProjects/YaoPad/YaoPad/YaoPad.srcs/sources_1/cpu/hilo.v" included at line 31. (VERI-9003)
E:/XilinxProjects/YaoPad/YaoPad/YaoPad.srcs/sources_1/cpu/hilo.v(21): INFO: Compiling verilog file "E:/XilinxProjects/YaoPad/YaoPad/YaoPad.srcs/sources_1/new/defines.vh" included at line 21. (VERI-9003)
E:/XilinxProjects/YaoPad/YaoPad/YaoPad.srcs/sources_1/cpu/hilo.v(21): INFO: back to file E:/XilinxProjects/YaoPad/YaoPad/YaoPad.srcs/sources_1/cpu/hilo.v (VERI-2320)
INFO: analyzing module hilo (VERI-9002)
E:/XilinxProjects/YaoPad/YaoPad/YaoPad.srcs/sources_1/cpu/hilo.v(23): WARNING: module hilo is previously defined, ignoring this definition (VERI-2171)
E:/XilinxProjects/YaoPad/YaoPad/YaoPad.srcs/sources_1/cpu/cpu.v(31): INFO: back to file E:/XilinxProjects/YaoPad/YaoPad/YaoPad.srcs/sources_1/cpu/cpu.v (VERI-2320)
E:/XilinxProjects/YaoPad/YaoPad/YaoPad.srcs/sources_1/cpu/cpu.v(32): INFO: Compiling verilog file "E:/XilinxProjects/YaoPad/YaoPad/YaoPad.srcs/sources_1/cpu/ctrl.v" included at line 32. (VERI-9003)
E:/XilinxProjects/YaoPad/YaoPad/YaoPad.srcs/sources_1/cpu/ctrl.v(21): INFO: Compiling verilog file "E:/XilinxProjects/YaoPad/YaoPad/YaoPad.srcs/sources_1/new/defines.vh" included at line 21. (VERI-9003)
E:/XilinxProjects/YaoPad/YaoPad/YaoPad.srcs/sources_1/cpu/ctrl.v(21): INFO: back to file E:/XilinxProjects/YaoPad/YaoPad/YaoPad.srcs/sources_1/cpu/ctrl.v (VERI-2320)
INFO: analyzing module ctrl (VERI-9002)
E:/XilinxProjects/YaoPad/YaoPad/YaoPad.srcs/sources_1/cpu/ctrl.v(23): WARNING: module ctrl is previously defined, ignoring this definition (VERI-2171)
E:/XilinxProjects/YaoPad/YaoPad/YaoPad.srcs/sources_1/cpu/cpu.v(32): INFO: back to file E:/XilinxProjects/YaoPad/YaoPad/YaoPad.srcs/sources_1/cpu/cpu.v (VERI-2320)
E:/XilinxProjects/YaoPad/YaoPad/YaoPad.srcs/sources_1/cpu/cpu.v(33): INFO: Compiling verilog file "E:/XilinxProjects/YaoPad/YaoPad/YaoPad.srcs/sources_1/cpu/div.v" included at line 33. (VERI-9003)
E:/XilinxProjects/YaoPad/YaoPad/YaoPad.srcs/sources_1/cpu/div.v(21): INFO: Compiling verilog file "E:/XilinxProjects/YaoPad/YaoPad/YaoPad.srcs/sources_1/new/defines.vh" included at line 21. (VERI-9003)
E:/XilinxProjects/YaoPad/YaoPad/YaoPad.srcs/sources_1/cpu/div.v(21): INFO: back to file E:/XilinxProjects/YaoPad/YaoPad/YaoPad.srcs/sources_1/cpu/div.v (VERI-2320)
INFO: analyzing module div (VERI-9002)
E:/XilinxProjects/YaoPad/YaoPad/YaoPad.srcs/sources_1/cpu/div.v(23): WARNING: module div is previously defined, ignoring this definition (VERI-2171)
E:/XilinxProjects/YaoPad/YaoPad/YaoPad.srcs/sources_1/cpu/cpu.v(33): INFO: back to file E:/XilinxProjects/YaoPad/YaoPad/YaoPad.srcs/sources_1/cpu/cpu.v (VERI-2320)
E:/XilinxProjects/YaoPad/YaoPad/YaoPad.srcs/sources_1/cpu/cpu.v(34): INFO: Compiling verilog file "E:/XilinxProjects/YaoPad/YaoPad/YaoPad.srcs/sources_1/cpu/cp0.v" included at line 34. (VERI-9003)
E:/XilinxProjects/YaoPad/YaoPad/YaoPad.srcs/sources_1/cpu/cp0.v(21): INFO: Compiling verilog file "E:/XilinxProjects/YaoPad/YaoPad/YaoPad.srcs/sources_1/new/defines.vh" included at line 21. (VERI-9003)
E:/XilinxProjects/YaoPad/YaoPad/YaoPad.srcs/sources_1/cpu/cp0.v(21): INFO: back to file E:/XilinxProjects/YaoPad/YaoPad/YaoPad.srcs/sources_1/cpu/cp0.v (VERI-2320)
INFO: analyzing module cp0 (VERI-9002)
E:/XilinxProjects/YaoPad/YaoPad/YaoPad.srcs/sources_1/cpu/cp0.v(23): WARNING: module cp0 is previously defined, ignoring this definition (VERI-2171)
E:/XilinxProjects/YaoPad/YaoPad/YaoPad.srcs/sources_1/cpu/cpu.v(34): INFO: back to file E:/XilinxProjects/YaoPad/YaoPad/YaoPad.srcs/sources_1/cpu/cpu.v (VERI-2320)
INFO: analyzing module cpu (VERI-9002)
E:/XilinxProjects/YaoPad/YaoPad/YaoPad.srcs/sources_1/cpu/cpu.v(36): WARNING: module cpu is previously defined, ignoring this definition (VERI-2171)
C:/Users/kzf/AppData/Local/Temp/VivadoEditorAssist3259539580284563110.tmp(39): INFO: back to file C:/Users/kzf/AppData/Local/Temp/VivadoEditorAssist3259539580284563110.tmp (VERI-2320)
C:/Users/kzf/AppData/Local/Temp/VivadoEditorAssist3259539580284563110.tmp(40): INFO: Compiling verilog file "E:/XilinxProjects/YaoPad/YaoPad/YaoPad.srcs/sources_1/cpu/inst_rom.v" included at line 40. (VERI-9003)
E:/XilinxProjects/YaoPad/YaoPad/YaoPad.srcs/sources_1/cpu/inst_rom.v(33): INFO: Compiling verilog file "E:/XilinxProjects/YaoPad/YaoPad/YaoPad.srcs/sources_1/new/defines.vh" included at line 33. (VERI-9003)
E:/XilinxProjects/YaoPad/YaoPad/YaoPad.srcs/sources_1/cpu/inst_rom.v(33): INFO: back to file E:/XilinxProjects/YaoPad/YaoPad/YaoPad.srcs/sources_1/cpu/inst_rom.v (VERI-2320)
INFO: analyzing module inst_rom (VERI-9002)
E:/XilinxProjects/YaoPad/YaoPad/YaoPad.srcs/sources_1/cpu/inst_rom.v(35): WARNING: module inst_rom is previously defined, ignoring this definition (VERI-2171)
C:/Users/kzf/AppData/Local/Temp/VivadoEditorAssist3259539580284563110.tmp(40): INFO: back to file C:/Users/kzf/AppData/Local/Temp/VivadoEditorAssist3259539580284563110.tmp (VERI-2320)
C:/Users/kzf/AppData/Local/Temp/VivadoEditorAssist3259539580284563110.tmp(41): INFO: Compiling verilog file "E:/XilinxProjects/YaoPad/YaoPad/YaoPad.srcs/sources_1/cpu/data_ram.v" included at line 41. (VERI-9003)
INFO: analyzing module data_ram (VERI-9002)
E:/XilinxProjects/YaoPad/YaoPad/YaoPad.srcs/sources_1/cpu/data_ram.v(4): WARNING: module data_ram is previously defined, ignoring this definition (VERI-2171)
C:/Users/kzf/AppData/Local/Temp/VivadoEditorAssist3259539580284563110.tmp(41): INFO: back to file C:/Users/kzf/AppData/Local/Temp/VivadoEditorAssist3259539580284563110.tmp (VERI-2320)
INFO: analyzing module openmips_min_sopc (VERI-9002)
srcscan exits with return value 0
