WARNING: ./inst_rom.v:46: $readmemh(inst_rom.data): Not enough words in the file for the requested range [0:100].
VCD info: dumpfile openmips_min_sopc_tb.vcd opened for output.
         0
regs[0]	=	xxxxxxxx
regs[1]	=	xxxxxxxx
regs[2]	=	xxxxxxxx
regs[3]	=	xxxxxxxx
regs[4]	=	xxxxxxxx
hi	=	xxxxxxxx
lo	=	xxxxxxxx
pc	=	xxxxxxxx
regs[31]	=	xxxxxxxx
 
        10
regs[0]	=	xxxxxxxx
regs[1]	=	xxxxxxxx
regs[2]	=	xxxxxxxx
regs[3]	=	xxxxxxxx
regs[4]	=	xxxxxxxx
hi	=	00000000
lo	=	00000000
pc	=	00000000
regs[31]	=	xxxxxxxx
 
       210
regs[0]	=	xxxxxxxx
regs[1]	=	xxxxxxxx
regs[2]	=	xxxxxxxx
regs[3]	=	xxxxxxxx
regs[4]	=	xxxxxxxx
hi	=	00000000
lo	=	00000000
pc	=	00000004
regs[31]	=	xxxxxxxx
 
       230
regs[0]	=	xxxxxxxx
regs[1]	=	xxxxxxxx
regs[2]	=	xxxxxxxx
regs[3]	=	xxxxxxxx
regs[4]	=	xxxxxxxx
hi	=	00000000
lo	=	00000000
pc	=	00000008
regs[31]	=	xxxxxxxx
 
       250
regs[0]	=	xxxxxxxx
regs[1]	=	xxxxxxxx
regs[2]	=	xxxxxxxx
regs[3]	=	xxxxxxxx
regs[4]	=	xxxxxxxx
hi	=	00000000
lo	=	00000000
pc	=	0000000c
regs[31]	=	xxxxxxxx
 
       270
regs[0]	=	xxxxxxxx
regs[1]	=	xxxxxxxx
regs[2]	=	xxxxxxxx
regs[3]	=	xxxxxxxx
regs[4]	=	xxxxxxxx
hi	=	00000000
lo	=	00000000
pc	=	00000010
regs[31]	=	xxxxxxxx
 
       290
regs[0]	=	xxxxxxxx
regs[1]	=	00001234
regs[2]	=	xxxxxxxx
regs[3]	=	xxxxxxxx
regs[4]	=	xxxxxxxx
hi	=	00000000
lo	=	00000000
pc	=	00000014
regs[31]	=	xxxxxxxx
 
       310
regs[0]	=	xxxxxxxx
regs[1]	=	00001234
regs[2]	=	xxxxxxxx
regs[3]	=	xxxxxxxx
regs[4]	=	xxxxxxxx
hi	=	00000000
lo	=	00000000
pc	=	00000018
regs[31]	=	xxxxxxxx
 
       330
regs[0]	=	xxxxxxxx
regs[1]	=	00001234
regs[2]	=	00001234
regs[3]	=	xxxxxxxx
regs[4]	=	xxxxxxxx
hi	=	00000000
lo	=	00000000
pc	=	00000018
regs[31]	=	xxxxxxxx
 
       350
regs[0]	=	xxxxxxxx
regs[1]	=	00000000
regs[2]	=	00001234
regs[3]	=	xxxxxxxx
regs[4]	=	xxxxxxxx
hi	=	00000000
lo	=	00000000
pc	=	00000024
regs[31]	=	xxxxxxxx
 
       370
regs[0]	=	xxxxxxxx
regs[1]	=	00001234
regs[2]	=	00001234
regs[3]	=	xxxxxxxx
regs[4]	=	xxxxxxxx
hi	=	00000000
lo	=	00000000
pc	=	00000028
regs[31]	=	xxxxxxxx
 
       390
regs[0]	=	xxxxxxxx
regs[1]	=	00001234
regs[2]	=	00001234
regs[3]	=	xxxxxxxx
regs[4]	=	xxxxxxxx
hi	=	00000000
lo	=	00000000
pc	=	0000002c
regs[31]	=	xxxxxxxx
 
       410
regs[0]	=	xxxxxxxx
regs[1]	=	00001234
regs[2]	=	00001234
regs[3]	=	xxxxxxxx
regs[4]	=	xxxxxxxx
hi	=	00000000
lo	=	00000000
pc	=	00000030
regs[31]	=	xxxxxxxx
 
       430
regs[0]	=	xxxxxxxx
regs[1]	=	00001234
regs[2]	=	00001234
regs[3]	=	xxxxxxxx
regs[4]	=	xxxxxxxx
hi	=	00000000
lo	=	00000000
pc	=	0000002c
regs[31]	=	xxxxxxxx
 
       450
regs[0]	=	xxxxxxxx
regs[1]	=	000089ab
regs[2]	=	00001234
regs[3]	=	xxxxxxxx
regs[4]	=	xxxxxxxx
hi	=	00000000
lo	=	00000000
pc	=	00000030
regs[31]	=	xxxxxxxx
 
       470
regs[0]	=	xxxxxxxx
regs[1]	=	000089ab
regs[2]	=	00001234
regs[3]	=	xxxxxxxx
regs[4]	=	xxxxxxxx
hi	=	00000000
lo	=	00000000
pc	=	0000002c
regs[31]	=	xxxxxxxx
 
       490
regs[0]	=	xxxxxxxx
regs[1]	=	000089ab
regs[2]	=	00001234
regs[3]	=	xxxxxxxx
regs[4]	=	xxxxxxxx
hi	=	00000000
lo	=	00000000
pc	=	00000030
regs[31]	=	xxxxxxxx
 
       510
regs[0]	=	xxxxxxxx
regs[1]	=	000089ab
regs[2]	=	00001234
regs[3]	=	xxxxxxxx
regs[4]	=	xxxxxxxx
hi	=	00000000
lo	=	00000000
pc	=	0000002c
regs[31]	=	xxxxxxxx
 
       530
regs[0]	=	xxxxxxxx
regs[1]	=	000089ab
regs[2]	=	00001234
regs[3]	=	xxxxxxxx
regs[4]	=	xxxxxxxx
hi	=	00000000
lo	=	00000000
pc	=	00000030
regs[31]	=	xxxxxxxx
 
       550
regs[0]	=	xxxxxxxx
regs[1]	=	000089ab
regs[2]	=	00001234
regs[3]	=	xxxxxxxx
regs[4]	=	xxxxxxxx
hi	=	00000000
lo	=	00000000
pc	=	0000002c
regs[31]	=	xxxxxxxx
 
       570
regs[0]	=	xxxxxxxx
regs[1]	=	000089ab
regs[2]	=	00001234
regs[3]	=	xxxxxxxx
regs[4]	=	xxxxxxxx
hi	=	00000000
lo	=	00000000
pc	=	00000030
regs[31]	=	xxxxxxxx
 
       590
regs[0]	=	xxxxxxxx
regs[1]	=	000089ab
regs[2]	=	00001234
regs[3]	=	xxxxxxxx
regs[4]	=	xxxxxxxx
hi	=	00000000
lo	=	00000000
pc	=	0000002c
regs[31]	=	xxxxxxxx
 
       610
regs[0]	=	xxxxxxxx
regs[1]	=	000089ab
regs[2]	=	00001234
regs[3]	=	xxxxxxxx
regs[4]	=	xxxxxxxx
hi	=	00000000
lo	=	00000000
pc	=	00000030
regs[31]	=	xxxxxxxx
 
       630
regs[0]	=	xxxxxxxx
regs[1]	=	000089ab
regs[2]	=	00001234
regs[3]	=	xxxxxxxx
regs[4]	=	xxxxxxxx
hi	=	00000000
lo	=	00000000
pc	=	0000002c
regs[31]	=	xxxxxxxx
 
       650
regs[0]	=	xxxxxxxx
regs[1]	=	000089ab
regs[2]	=	00001234
regs[3]	=	xxxxxxxx
regs[4]	=	xxxxxxxx
hi	=	00000000
lo	=	00000000
pc	=	00000030
regs[31]	=	xxxxxxxx
 
       670
regs[0]	=	xxxxxxxx
regs[1]	=	000089ab
regs[2]	=	00001234
regs[3]	=	xxxxxxxx
regs[4]	=	xxxxxxxx
hi	=	00000000
lo	=	00000000
pc	=	0000002c
regs[31]	=	xxxxxxxx
 
       690
regs[0]	=	xxxxxxxx
regs[1]	=	000089ab
regs[2]	=	00001234
regs[3]	=	xxxxxxxx
regs[4]	=	xxxxxxxx
hi	=	00000000
lo	=	00000000
pc	=	00000030
regs[31]	=	xxxxxxxx
 
       710
regs[0]	=	xxxxxxxx
regs[1]	=	000089ab
regs[2]	=	00001234
regs[3]	=	xxxxxxxx
regs[4]	=	xxxxxxxx
hi	=	00000000
lo	=	00000000
pc	=	0000002c
regs[31]	=	xxxxxxxx
 
       730
regs[0]	=	xxxxxxxx
regs[1]	=	000089ab
regs[2]	=	00001234
regs[3]	=	xxxxxxxx
regs[4]	=	xxxxxxxx
hi	=	00000000
lo	=	00000000
pc	=	00000030
regs[31]	=	xxxxxxxx
 
       750
regs[0]	=	xxxxxxxx
regs[1]	=	000089ab
regs[2]	=	00001234
regs[3]	=	xxxxxxxx
regs[4]	=	xxxxxxxx
hi	=	00000000
lo	=	00000000
pc	=	0000002c
regs[31]	=	xxxxxxxx
 
       770
regs[0]	=	xxxxxxxx
regs[1]	=	000089ab
regs[2]	=	00001234
regs[3]	=	xxxxxxxx
regs[4]	=	xxxxxxxx
hi	=	00000000
lo	=	00000000
pc	=	00000030
regs[31]	=	xxxxxxxx
 
       790
regs[0]	=	xxxxxxxx
regs[1]	=	000089ab
regs[2]	=	00001234
regs[3]	=	xxxxxxxx
regs[4]	=	xxxxxxxx
hi	=	00000000
lo	=	00000000
pc	=	0000002c
regs[31]	=	xxxxxxxx
 
       810
regs[0]	=	xxxxxxxx
regs[1]	=	000089ab
regs[2]	=	00001234
regs[3]	=	xxxxxxxx
regs[4]	=	xxxxxxxx
hi	=	00000000
lo	=	00000000
pc	=	00000030
regs[31]	=	xxxxxxxx
 
       830
regs[0]	=	xxxxxxxx
regs[1]	=	000089ab
regs[2]	=	00001234
regs[3]	=	xxxxxxxx
regs[4]	=	xxxxxxxx
hi	=	00000000
lo	=	00000000
pc	=	0000002c
regs[31]	=	xxxxxxxx
 
       850
regs[0]	=	xxxxxxxx
regs[1]	=	000089ab
regs[2]	=	00001234
regs[3]	=	xxxxxxxx
regs[4]	=	xxxxxxxx
hi	=	00000000
lo	=	00000000
pc	=	00000030
regs[31]	=	xxxxxxxx
 
       870
regs[0]	=	xxxxxxxx
regs[1]	=	000089ab
regs[2]	=	00001234
regs[3]	=	xxxxxxxx
regs[4]	=	xxxxxxxx
hi	=	00000000
lo	=	00000000
pc	=	0000002c
regs[31]	=	xxxxxxxx
 
       890
regs[0]	=	xxxxxxxx
regs[1]	=	000089ab
regs[2]	=	00001234
regs[3]	=	xxxxxxxx
regs[4]	=	xxxxxxxx
hi	=	00000000
lo	=	00000000
pc	=	00000030
regs[31]	=	xxxxxxxx
 
       910
regs[0]	=	xxxxxxxx
regs[1]	=	000089ab
regs[2]	=	00001234
regs[3]	=	xxxxxxxx
regs[4]	=	xxxxxxxx
hi	=	00000000
lo	=	00000000
pc	=	0000002c
regs[31]	=	xxxxxxxx
 
       930
regs[0]	=	xxxxxxxx
regs[1]	=	000089ab
regs[2]	=	00001234
regs[3]	=	xxxxxxxx
regs[4]	=	xxxxxxxx
hi	=	00000000
lo	=	00000000
pc	=	00000030
regs[31]	=	xxxxxxxx
 
       950
regs[0]	=	xxxxxxxx
regs[1]	=	000089ab
regs[2]	=	00001234
regs[3]	=	xxxxxxxx
regs[4]	=	xxxxxxxx
hi	=	00000000
lo	=	00000000
pc	=	0000002c
regs[31]	=	xxxxxxxx
 
       970
regs[0]	=	xxxxxxxx
regs[1]	=	000089ab
regs[2]	=	00001234
regs[3]	=	xxxxxxxx
regs[4]	=	xxxxxxxx
hi	=	00000000
lo	=	00000000
pc	=	00000030
regs[31]	=	xxxxxxxx
 
       990
regs[0]	=	xxxxxxxx
regs[1]	=	000089ab
regs[2]	=	00001234
regs[3]	=	xxxxxxxx
regs[4]	=	xxxxxxxx
hi	=	00000000
lo	=	00000000
pc	=	0000002c
regs[31]	=	xxxxxxxx
 
      1010
regs[0]	=	xxxxxxxx
regs[1]	=	000089ab
regs[2]	=	00001234
regs[3]	=	xxxxxxxx
regs[4]	=	xxxxxxxx
hi	=	00000000
lo	=	00000000
pc	=	00000030
regs[31]	=	xxxxxxxx
 
      1030
regs[0]	=	xxxxxxxx
regs[1]	=	000089ab
regs[2]	=	00001234
regs[3]	=	xxxxxxxx
regs[4]	=	xxxxxxxx
hi	=	00000000
lo	=	00000000
pc	=	0000002c
regs[31]	=	xxxxxxxx
 
      1050
regs[0]	=	xxxxxxxx
regs[1]	=	000089ab
regs[2]	=	00001234
regs[3]	=	xxxxxxxx
regs[4]	=	xxxxxxxx
hi	=	00000000
lo	=	00000000
pc	=	00000030
regs[31]	=	xxxxxxxx
 
      1070
regs[0]	=	xxxxxxxx
regs[1]	=	000089ab
regs[2]	=	00001234
regs[3]	=	xxxxxxxx
regs[4]	=	xxxxxxxx
hi	=	00000000
lo	=	00000000
pc	=	0000002c
regs[31]	=	xxxxxxxx
 
      1090
regs[0]	=	xxxxxxxx
regs[1]	=	000089ab
regs[2]	=	00001234
regs[3]	=	xxxxxxxx
regs[4]	=	xxxxxxxx
hi	=	00000000
lo	=	00000000
pc	=	00000030
regs[31]	=	xxxxxxxx
 
      1110
regs[0]	=	xxxxxxxx
regs[1]	=	000089ab
regs[2]	=	00001234
regs[3]	=	xxxxxxxx
regs[4]	=	xxxxxxxx
hi	=	00000000
lo	=	00000000
pc	=	0000002c
regs[31]	=	xxxxxxxx
 
      1130
regs[0]	=	xxxxxxxx
regs[1]	=	000089ab
regs[2]	=	00001234
regs[3]	=	xxxxxxxx
regs[4]	=	xxxxxxxx
hi	=	00000000
lo	=	00000000
pc	=	00000030
regs[31]	=	xxxxxxxx
 
      1150
regs[0]	=	xxxxxxxx
regs[1]	=	000089ab
regs[2]	=	00001234
regs[3]	=	xxxxxxxx
regs[4]	=	xxxxxxxx
hi	=	00000000
lo	=	00000000
pc	=	0000002c
regs[31]	=	xxxxxxxx
 
      1170
regs[0]	=	xxxxxxxx
regs[1]	=	000089ab
regs[2]	=	00001234
regs[3]	=	xxxxxxxx
regs[4]	=	xxxxxxxx
hi	=	00000000
lo	=	00000000
pc	=	00000030
regs[31]	=	xxxxxxxx
 
      1190
regs[0]	=	xxxxxxxx
regs[1]	=	000089ab
regs[2]	=	00001234
regs[3]	=	xxxxxxxx
regs[4]	=	xxxxxxxx
hi	=	00000000
lo	=	00000000
pc	=	0000002c
regs[31]	=	xxxxxxxx
 
      1210
regs[0]	=	xxxxxxxx
regs[1]	=	000089ab
regs[2]	=	00001234
regs[3]	=	xxxxxxxx
regs[4]	=	xxxxxxxx
hi	=	00000000
lo	=	00000000
pc	=	00000030
regs[31]	=	xxxxxxxx
 
      1230
regs[0]	=	xxxxxxxx
regs[1]	=	000089ab
regs[2]	=	00001234
regs[3]	=	xxxxxxxx
regs[4]	=	xxxxxxxx
hi	=	00000000
lo	=	00000000
pc	=	0000002c
regs[31]	=	xxxxxxxx
 
      1250
regs[0]	=	xxxxxxxx
regs[1]	=	000089ab
regs[2]	=	00001234
regs[3]	=	xxxxxxxx
regs[4]	=	xxxxxxxx
hi	=	00000000
lo	=	00000000
pc	=	00000030
regs[31]	=	xxxxxxxx
 
      1270
regs[0]	=	xxxxxxxx
regs[1]	=	000089ab
regs[2]	=	00001234
regs[3]	=	xxxxxxxx
regs[4]	=	xxxxxxxx
hi	=	00000000
lo	=	00000000
pc	=	0000002c
regs[31]	=	xxxxxxxx
 
      1290
regs[0]	=	xxxxxxxx
regs[1]	=	000089ab
regs[2]	=	00001234
regs[3]	=	xxxxxxxx
regs[4]	=	xxxxxxxx
hi	=	00000000
lo	=	00000000
pc	=	00000030
regs[31]	=	xxxxxxxx
 
      1310
regs[0]	=	xxxxxxxx
regs[1]	=	000089ab
regs[2]	=	00001234
regs[3]	=	xxxxxxxx
regs[4]	=	xxxxxxxx
hi	=	00000000
lo	=	00000000
pc	=	0000002c
regs[31]	=	xxxxxxxx
 
      1330
regs[0]	=	xxxxxxxx
regs[1]	=	000089ab
regs[2]	=	00001234
regs[3]	=	xxxxxxxx
regs[4]	=	xxxxxxxx
hi	=	00000000
lo	=	00000000
pc	=	00000030
regs[31]	=	xxxxxxxx
 
      1350
regs[0]	=	xxxxxxxx
regs[1]	=	000089ab
regs[2]	=	00001234
regs[3]	=	xxxxxxxx
regs[4]	=	xxxxxxxx
hi	=	00000000
lo	=	00000000
pc	=	0000002c
regs[31]	=	xxxxxxxx
 
      1370
regs[0]	=	xxxxxxxx
regs[1]	=	000089ab
regs[2]	=	00001234
regs[3]	=	xxxxxxxx
regs[4]	=	xxxxxxxx
hi	=	00000000
lo	=	00000000
pc	=	00000030
regs[31]	=	xxxxxxxx
 
      1390
regs[0]	=	xxxxxxxx
regs[1]	=	000089ab
regs[2]	=	00001234
regs[3]	=	xxxxxxxx
regs[4]	=	xxxxxxxx
hi	=	00000000
lo	=	00000000
pc	=	0000002c
regs[31]	=	xxxxxxxx
 
      1410
regs[0]	=	xxxxxxxx
regs[1]	=	000089ab
regs[2]	=	00001234
regs[3]	=	xxxxxxxx
regs[4]	=	xxxxxxxx
hi	=	00000000
lo	=	00000000
pc	=	00000030
regs[31]	=	xxxxxxxx
 
      1430
regs[0]	=	xxxxxxxx
regs[1]	=	000089ab
regs[2]	=	00001234
regs[3]	=	xxxxxxxx
regs[4]	=	xxxxxxxx
hi	=	00000000
lo	=	00000000
pc	=	0000002c
regs[31]	=	xxxxxxxx
 
      1450
regs[0]	=	xxxxxxxx
regs[1]	=	000089ab
regs[2]	=	00001234
regs[3]	=	xxxxxxxx
regs[4]	=	xxxxxxxx
hi	=	00000000
lo	=	00000000
pc	=	00000030
regs[31]	=	xxxxxxxx
 
      1470
regs[0]	=	xxxxxxxx
regs[1]	=	000089ab
regs[2]	=	00001234
regs[3]	=	xxxxxxxx
regs[4]	=	xxxxxxxx
hi	=	00000000
lo	=	00000000
pc	=	0000002c
regs[31]	=	xxxxxxxx
 
      1490
regs[0]	=	xxxxxxxx
regs[1]	=	000089ab
regs[2]	=	00001234
regs[3]	=	xxxxxxxx
regs[4]	=	xxxxxxxx
hi	=	00000000
lo	=	00000000
pc	=	00000030
regs[31]	=	xxxxxxxx
 
      1510
regs[0]	=	xxxxxxxx
regs[1]	=	000089ab
regs[2]	=	00001234
regs[3]	=	xxxxxxxx
regs[4]	=	xxxxxxxx
hi	=	00000000
lo	=	00000000
pc	=	0000002c
regs[31]	=	xxxxxxxx
 
      1530
regs[0]	=	xxxxxxxx
regs[1]	=	000089ab
regs[2]	=	00001234
regs[3]	=	xxxxxxxx
regs[4]	=	xxxxxxxx
hi	=	00000000
lo	=	00000000
pc	=	00000030
regs[31]	=	xxxxxxxx
 
      1550
regs[0]	=	xxxxxxxx
regs[1]	=	000089ab
regs[2]	=	00001234
regs[3]	=	xxxxxxxx
regs[4]	=	xxxxxxxx
hi	=	00000000
lo	=	00000000
pc	=	0000002c
regs[31]	=	xxxxxxxx
 
      1570
regs[0]	=	xxxxxxxx
regs[1]	=	000089ab
regs[2]	=	00001234
regs[3]	=	xxxxxxxx
regs[4]	=	xxxxxxxx
hi	=	00000000
lo	=	00000000
pc	=	00000030
regs[31]	=	xxxxxxxx
 
      1590
regs[0]	=	xxxxxxxx
regs[1]	=	000089ab
regs[2]	=	00001234
regs[3]	=	xxxxxxxx
regs[4]	=	xxxxxxxx
hi	=	00000000
lo	=	00000000
pc	=	0000002c
regs[31]	=	xxxxxxxx
 
      1610
regs[0]	=	xxxxxxxx
regs[1]	=	000089ab
regs[2]	=	00001234
regs[3]	=	xxxxxxxx
regs[4]	=	xxxxxxxx
hi	=	00000000
lo	=	00000000
pc	=	00000030
regs[31]	=	xxxxxxxx
 
      1630
regs[0]	=	xxxxxxxx
regs[1]	=	000089ab
regs[2]	=	00001234
regs[3]	=	xxxxxxxx
regs[4]	=	xxxxxxxx
hi	=	00000000
lo	=	00000000
pc	=	0000002c
regs[31]	=	xxxxxxxx
 
      1650
regs[0]	=	xxxxxxxx
regs[1]	=	000089ab
regs[2]	=	00001234
regs[3]	=	xxxxxxxx
regs[4]	=	xxxxxxxx
hi	=	00000000
lo	=	00000000
pc	=	00000030
regs[31]	=	xxxxxxxx
 
      1670
regs[0]	=	xxxxxxxx
regs[1]	=	000089ab
regs[2]	=	00001234
regs[3]	=	xxxxxxxx
regs[4]	=	xxxxxxxx
hi	=	00000000
lo	=	00000000
pc	=	0000002c
regs[31]	=	xxxxxxxx
 
      1690
regs[0]	=	xxxxxxxx
regs[1]	=	000089ab
regs[2]	=	00001234
regs[3]	=	xxxxxxxx
regs[4]	=	xxxxxxxx
hi	=	00000000
lo	=	00000000
pc	=	00000030
regs[31]	=	xxxxxxxx
 
      1710
regs[0]	=	xxxxxxxx
regs[1]	=	000089ab
regs[2]	=	00001234
regs[3]	=	xxxxxxxx
regs[4]	=	xxxxxxxx
hi	=	00000000
lo	=	00000000
pc	=	0000002c
regs[31]	=	xxxxxxxx
 
      1730
regs[0]	=	xxxxxxxx
regs[1]	=	000089ab
regs[2]	=	00001234
regs[3]	=	xxxxxxxx
regs[4]	=	xxxxxxxx
hi	=	00000000
lo	=	00000000
pc	=	00000030
regs[31]	=	xxxxxxxx
 
      1750
regs[0]	=	xxxxxxxx
regs[1]	=	000089ab
regs[2]	=	00001234
regs[3]	=	xxxxxxxx
regs[4]	=	xxxxxxxx
hi	=	00000000
lo	=	00000000
pc	=	0000002c
regs[31]	=	xxxxxxxx
 
      1770
regs[0]	=	xxxxxxxx
regs[1]	=	000089ab
regs[2]	=	00001234
regs[3]	=	xxxxxxxx
regs[4]	=	xxxxxxxx
hi	=	00000000
lo	=	00000000
pc	=	00000030
regs[31]	=	xxxxxxxx
 
      1790
regs[0]	=	xxxxxxxx
regs[1]	=	000089ab
regs[2]	=	00001234
regs[3]	=	xxxxxxxx
regs[4]	=	xxxxxxxx
hi	=	00000000
lo	=	00000000
pc	=	0000002c
regs[31]	=	xxxxxxxx
 
      1810
regs[0]	=	xxxxxxxx
regs[1]	=	000089ab
regs[2]	=	00001234
regs[3]	=	xxxxxxxx
regs[4]	=	xxxxxxxx
hi	=	00000000
lo	=	00000000
pc	=	00000030
regs[31]	=	xxxxxxxx
 
      1830
regs[0]	=	xxxxxxxx
regs[1]	=	000089ab
regs[2]	=	00001234
regs[3]	=	xxxxxxxx
regs[4]	=	xxxxxxxx
hi	=	00000000
lo	=	00000000
pc	=	0000002c
regs[31]	=	xxxxxxxx
 
      1850
regs[0]	=	xxxxxxxx
regs[1]	=	000089ab
regs[2]	=	00001234
regs[3]	=	xxxxxxxx
regs[4]	=	xxxxxxxx
hi	=	00000000
lo	=	00000000
pc	=	00000030
regs[31]	=	xxxxxxxx
 
      1870
regs[0]	=	xxxxxxxx
regs[1]	=	000089ab
regs[2]	=	00001234
regs[3]	=	xxxxxxxx
regs[4]	=	xxxxxxxx
hi	=	00000000
lo	=	00000000
pc	=	0000002c
regs[31]	=	xxxxxxxx
 
      1890
regs[0]	=	xxxxxxxx
regs[1]	=	000089ab
regs[2]	=	00001234
regs[3]	=	xxxxxxxx
regs[4]	=	xxxxxxxx
hi	=	00000000
lo	=	00000000
pc	=	00000030
regs[31]	=	xxxxxxxx
 
      1910
regs[0]	=	xxxxxxxx
regs[1]	=	000089ab
regs[2]	=	00001234
regs[3]	=	xxxxxxxx
regs[4]	=	xxxxxxxx
hi	=	00000000
lo	=	00000000
pc	=	0000002c
regs[31]	=	xxxxxxxx
 
      1930
regs[0]	=	xxxxxxxx
regs[1]	=	000089ab
regs[2]	=	00001234
regs[3]	=	xxxxxxxx
regs[4]	=	xxxxxxxx
hi	=	00000000
lo	=	00000000
pc	=	00000030
regs[31]	=	xxxxxxxx
 
      1950
regs[0]	=	xxxxxxxx
regs[1]	=	000089ab
regs[2]	=	00001234
regs[3]	=	xxxxxxxx
regs[4]	=	xxxxxxxx
hi	=	00000000
lo	=	00000000
pc	=	0000002c
regs[31]	=	xxxxxxxx
 
      1970
regs[0]	=	xxxxxxxx
regs[1]	=	000089ab
regs[2]	=	00001234
regs[3]	=	xxxxxxxx
regs[4]	=	xxxxxxxx
hi	=	00000000
lo	=	00000000
pc	=	00000030
regs[31]	=	xxxxxxxx
 
      1990
regs[0]	=	xxxxxxxx
regs[1]	=	000089ab
regs[2]	=	00001234
regs[3]	=	xxxxxxxx
regs[4]	=	xxxxxxxx
hi	=	00000000
lo	=	00000000
pc	=	0000002c
regs[31]	=	xxxxxxxx
 
